user	item	predicted_rating	rating
69	1	3.7
69	2	2.9
69	3	3.4
69	4	3.7
69	5	2.4
69	6	4.1
69	7	3.8	5
69	8	4.0
69	9	3.3	4
69	10	4.2
69	11	4.5
69	12	4.7	5
69	13	5.2
69	14	4.9
69	15	3.3
69	16	3.7
69	17	3.1
69	18	4.8
69	19	5.2
69	20	4.3
69	21	2.4
69	22	4.1
69	23	5.2
69	24	3.5
69	25	3.6
69	26	3.4
69	27	2.9
69	28	3.7
69	29	1.6
69	30	3.6
69	31	3.2
69	32	4.0
69	33	3.4
69	34	1.5
69	35	1.8
69	36	2.3
69	37	2.3
69	38	1.8
69	39	2.2
69	40	2.8
69	41	3.1
69	42	3.8	5
69	43	2.0
69	44	3.1
69	45	4.8
69	46	2.9
69	47	4.2
69	48	4.2	5
69	49	2.9
69	50	4.5	5
69	51	2.2
69	52	3.9
69	53	3.9
69	54	2.6
69	55	4.0
69	56	4.5	5
69	57	3.3
69	58	4.2
69	59	4.2
69	60	4.2
69	61	3.9
69	62	2.3
69	63	2.0
69	64	4.5
69	65	3.4
69	66	3.6
69	67	3.1
69	68	3.9
69	69	3.6
69	70	4.1
69	71	3.4
69	72	2.8
69	73	3.2
69	74	1.0
69	75	4.2
69	76	3.7
69	77	2.5
69	78	1.8
69	79	3.9	4
69	80	2.7
69	81	4.5
69	82	3.5
69	83	3.8
69	84	3.2
69	85	2.6
69	86	4.0
69	87	3.5
69	88	3.0
69	89	4.6
69	90	3.4
69	91	4.1
69	92	4.0
69	93	3.9
69	94	2.8
69	95	3.6
69	96	3.9
69	97	4.0
69	98	4.3	5
69	99	4.1
69	100	4.2	5
69	101	2.0
69	102	1.7
69	103	1.6
69	104	0.1
69	105	2.2
69	106	2.6
69	107	4.5
69	108	3.6
69	109	3.6	3
69	110	1.1
69	111	4.0
69	112	-0.3
69	113	5.2
69	114	4.9
69	115	4.6
69	116	4.5
69	117	3.6	4
69	118	2.7
69	119	4.8
69	120	2.1
69	121	2.9
69	122	3.9
69	123	3.7	4
69	124	4.0	4
69	125	3.0
69	126	4.1
69	127	5.1
69	128	5.0
69	129	3.7	3
69	130	3.3
69	131	3.3
69	132	4.2
69	133	3.9
69	134	5.3
69	135	5.1
69	136	4.2
69	137	4.8
69	138	-0.4
69	139	3.4
69	140	1.8
69	141	3.4
69	142	1.8
69	143	3.4
69	144	3.8
69	145	2.2
69	146	3.1
69	147	3.6	3
69	148	1.7
69	149	3.4
69	150	4.1	5
69	151	3.8	5
69	152	4.1
69	153	4.2
69	154	5.3
69	155	1.2
69	156	4.1
69	157	3.4
69	158	2.3
69	159	2.7
69	160	4.5
69	161	3.2
69	162	3.1
69	163	3.4
69	164	3.7
69	165	4.0
69	166	4.5
69	167	2.2
69	168	4.2
69	169	4.9
69	170	4.9
69	171	4.6
69	172	4.6	5
69	173	4.7
69	174	4.6	5
69	175	4.4	3
69	176	4.3
69	177	4.1
69	178	4.7
69	179	3.9
69	180	4.2
69	181	4.3	5
69	182	4.3	4
69	183	4.3
69	184	4.5
69	185	4.6
69	186	4.0
69	187	5.3
69	188	4.3
69	189	4.6
69	190	4.4
69	191	4.4
69	192	4.5
69	193	4.2
69	194	4.0
69	195	4.4
69	196	4.0
69	197	4.4	5
69	198	4.7
69	199	4.3
69	200	4.1
69	201	4.1
69	202	4.4
69	203	4.4
69	204	4.0
69	205	4.2
69	206	3.9
69	207	4.9
69	208	5.0
69	209	4.5
69	210	4.1
69	211	4.5
69	212	3.9
69	213	4.5
69	214	3.7
69	215	4.3
69	216	4.0
69	217	2.7
69	218	3.4
69	219	3.7
69	220	1.7
69	221	4.1
69	222	3.8	3
69	223	4.7
69	224	4.0
69	225	1.7
69	226	2.7
69	227	3.6
69	228	4.1
69	229	3.4
69	230	3.7
69	231	2.7
69	232	3.4
69	233	2.9
69	234	3.6	5
69	235	3.1	3
69	236	4.0	4
69	237	3.8	3
69	238	4.6
69	239	3.4
69	240	2.1	3
69	241	3.4
69	242	4.4
69	243	0.7
69	244	2.9
69	245	2.9	1
69	246	4.7	5
69	247	1.1
69	248	3.8
69	249	3.9
69	250	3.5
69	251	4.6
69	252	2.0
69	253	4.4
69	254	0.9
69	255	2.5
69	256	3.8	5
69	257	3.9
69	258	3.5	4
69	259	2.0
69	260	2.7
69	261	1.1
69	262	4.2
69	263	0.6
69	264	1.8
69	265	3.8	4
69	266	0.8
69	267	4.5
69	268	4.5	5
69	269	4.8
69	270	3.5
69	271	3.1
69	272	5.0
69	273	3.6	3
69	274	2.8
69	275	4.0
69	276	4.5
69	277	3.3
69	278	2.4
69	279	3.7
69	280	1.3
69	281	3.0
69	282	2.9	3
69	283	3.5
69	284	2.7
69	285	4.8
69	286	4.5
69	287	3.7
69	288	3.2	5
69	289	2.4	4
69	290	4.3
69	291	2.1
69	292	3.4
69	293	3.8
69	294	3.7	2
69	295	3.6
69	296	3.9
69	297	4.7
69	298	3.5	4
69	299	1.9
69	300	3.7	3
69	301	3.6
69	302	4.9	4
69	303	4.4
69	304	3.1
69	305	4.8
69	306	3.8
69	307	3.8	2
69	308	3.2
69	309	3.3
69	310	3.4
69	311	3.8
69	312	2.2
69	313	4.5
69	314	1.4
69	315	4.5
69	316	4.8
69	317	5.2
69	318	4.4
69	319	4.3
69	320	3.3
69	321	3.5	4
69	322	1.7
69	323	2.3
69	324	4.5
69	325	2.1
69	326	3.0
69	327	3.6
69	328	2.4
69	329	2.0
69	330	3.1
69	331	3.9
69	332	2.7
69	333	3.6	3
69	334	3.9	3
69	335	3.9
69	336	1.7
69	337	2.6
69	338	2.5
69	339	1.9
69	340	4.4
69	341	2.7
69	342	3.6
69	343	2.8
69	344	3.6
69	345	4.6
69	346	4.7
69	347	3.3
69	348	2.2
69	349	1.5
69	350	2.8
69	351	1.7
69	352	3.7
69	353	0.8
69	354	3.4
69	355	3.7
69	356	3.0
69	357	5.1
69	358	2.2
69	359	3.2
69	360	3.1
69	361	5.1
69	362	2.2
69	363	2.8
69	364	2.7
69	365	1.8
69	366	2.6
69	367	2.4
69	368	0.8
69	369	2.9
69	370	1.5
69	371	2.2
69	372	3.8
69	373	3.2
69	374	1.8
69	375	0.7
69	376	3.3
69	377	0.8
69	378	2.9
69	379	1.6
69	380	3.4
69	381	3.9
69	382	3.8
69	383	1.7
69	384	3.1
69	385	2.9
69	386	2.6
69	387	3.0
69	388	2.8
69	389	2.3
69	390	5.8
69	391	1.8
69	392	2.3
69	393	2.9
69	394	1.0
69	395	2.8
69	396	4.6
69	397	2.2
69	398	1.4
69	399	2.9
69	400	1.4
69	401	2.8
69	402	2.3
69	403	3.5
69	404	4.4
69	405	3.1
69	406	2.4
69	407	1.8
69	408	4.5
69	409	2.1
69	410	3.8
69	411	3.0
69	412	3.3
69	413	3.1
69	414	3.9
69	415	2.9
69	416	2.6
69	417	2.9
69	418	3.4
69	419	3.5
69	420	4.2
69	421	3.7
69	422	2.5
69	423	4.0
69	424	1.0
69	425	4.7
69	426	2.8
69	427	4.5	3
69	428	4.3
69	429	4.9
69	430	4.3
69	431	3.1
69	432	4.3
69	433	4.5
69	434	3.6
69	435	4.1
69	436	3.6
69	437	1.3
69	438	0.7
69	439	1.3
69	440	-0.2
69	441	2.6
69	442	0.6
69	443	4.0
69	444	3.8
69	445	4.7
69	446	3.5
69	447	3.8
69	448	3.4
69	449	2.7
69	450	2.1
69	451	2.3
69	452	2.3
69	453	1.6
69	454	2.9
69	455	3.4
69	456	2.5
69	457	1.5
69	458	2.8
69	459	2.4
69	460	3.6
69	461	3.9
69	462	4.0
69	463	3.7
69	464	4.7
69	465	3.1
69	466	3.3
69	467	4.6
69	468	2.4
69	469	4.0
69	470	2.8
69	471	2.9
69	472	2.2
69	473	4.1
69	474	4.8
69	475	4.7	3
69	476	1.8
69	477	3.6
69	478	4.9
69	479	4.7
69	480	4.4
69	481	3.6
69	482	4.7
69	483	5.2
69	484	4.5
69	485	3.2
69	486	3.4
69	487	4.0
69	488	4.2
69	489	4.6
69	490	3.9
69	491	4.2
69	492	3.4
69	493	4.8
69	494	4.8
69	495	3.3
69	496	3.9
69	497	4.7
69	498	4.3
69	499	4.5
69	500	3.3
69	501	3.5
69	502	3.3
69	503	4.3
69	504	4.1
69	505	4.7
69	506	3.7
69	507	4.7
69	508	4.0	4
69	509	4.0
69	510	4.3
69	511	5.4
69	512	4.7
69	513	4.4
69	514	4.9
69	515	4.2
69	516	4.1
69	517	4.6
69	518	4.4
69	519	4.5
69	520	4.3
69	521	4.0
69	522	4.5
69	523	4.4
69	524	4.3
69	525	4.0
69	526	4.2
69	527	4.6
69	528	3.8
69	529	4.7
69	530	4.6
69	531	4.5
69	532	3.5
69	533	4.5
69	534	3.9
69	535	2.0
69	536	2.4
69	537	4.1
69	538	3.0
69	539	1.1
69	540	1.7
69	541	3.1
69	542	1.1
69	543	4.5
69	544	3.8
69	545	1.5
69	546	2.4
69	547	3.8
69	548	-0.8
69	549	3.2
69	550	3.2
69	551	2.3
69	552	2.7
69	553	2.6
69	554	2.5
69	555	0.1
69	556	2.9
69	557	2.2
69	558	3.9
69	559	3.1
69	560	2.3
69	561	2.3
69	562	2.1
69	563	2.8
69	564	1.0
69	565	1.0
69	566	3.1
69	567	3.8
69	568	3.4
69	569	2.4
69	570	2.5
69	571	3.0
69	572	2.6
69	573	2.8
69	574	-0.2
69	575	3.4
69	576	2.6
69	577	2.3
69	578	2.5
69	579	1.2
69	580	2.9
69	581	3.7
69	582	3.5
69	583	2.9
69	584	4.0
69	585	1.3
69	586	2.4
69	587	3.3
69	588	3.4
69	589	5.0
69	590	2.1
69	591	4.0	3
69	592	0.8
69	593	2.5
69	594	3.6
69	595	2.3
69	596	3.3
69	597	2.2
69	598	2.3
69	599	2.2
69	600	0.9
69	601	5.1
69	602	3.6
69	603	4.9
69	604	5.0
69	605	3.5
69	606	4.5
69	607	4.0
69	608	4.5
69	609	3.5
69	610	3.8
69	611	4.3
69	612	4.1
69	613	4.7
69	614	3.1
69	615	4.6
69	616	4.1
69	617	3.1
69	618	4.9
69	619	2.1
69	620	2.6
69	621	1.8
69	622	2.6
69	623	1.7
69	624	3.6
69	625	3.4
69	626	1.9
69	627	2.7
69	628	3.7	3
69	629	3.1
69	630	2.4
69	631	3.8
69	632	3.9
69	633	3.7
69	634	5.2
69	635	2.2
69	636	3.8
69	637	3.4
69	638	4.1
69	639	3.0
69	640	3.5
69	641	3.9
69	642	4.2
69	643	2.9
69	644	3.5
69	645	3.1
69	646	4.2
69	647	4.7
69	648	4.0
69	649	3.5
69	650	3.9
69	651	4.5
69	652	4.8
69	653	4.3
69	654	4.7
69	655	4.2
69	656	4.0
69	657	4.7
69	658	4.0
69	659	4.5
69	660	4.0
69	661	5.1
69	662	3.2
69	663	4.8
69	664	3.7
69	665	2.8
69	666	0.9
69	667	0.8
69	668	0.3
69	669	2.3
69	670	3.5
69	671	4.2
69	672	2.4
69	673	4.1
69	674	2.8
69	675	4.0
69	676	2.5
69	677	3.8
69	678	1.3
69	679	3.5
69	680	0.6
69	681	0.5
69	682	2.9
69	683	0.9
69	684	3.7
69	685	2.7
69	686	3.7
69	687	1.1
69	688	0.9
69	689	2.8	3
69	690	3.1
69	691	3.8
69	692	3.5
69	693	3.9
69	694	4.7
69	695	4.7
69	696	3.2
69	697	3.6
69	698	1.8
69	699	3.5
69	700	2.0
69	701	4.2
69	702	3.0
69	703	3.5
69	704	3.0
69	705	5.2
69	706	0.2
69	707	3.5
69	708	3.6
69	709	3.8
69	710	4.4
69	711	3.6
69	712	3.2
69	713	3.7
69	714	3.8
69	715	4.1
69	716	2.1
69	717	1.9
69	718	5.7
69	719	3.1
69	720	1.0
69	721	3.5
69	722	2.4
69	723	3.1
69	724	3.9
69	725	2.3
69	726	2.8
69	727	2.1
69	728	2.7
69	729	3.8
69	730	2.8
69	731	3.2
69	732	3.7
69	733	4.0
69	734	2.5
69	735	4.0
69	736	4.1
69	737	2.4
69	738	1.7
69	739	2.3
69	740	3.6
69	741	3.5
69	742	3.3	3
69	743	1.7
69	744	3.7
69	745	3.6
69	746	3.7
69	747	3.6
69	748	3.1	2
69	749	2.8
69	750	4.3
69	751	3.1
69	752	3.2
69	753	3.2
69	754	2.5
69	755	2.5
69	756	2.1
69	757	2.7
69	758	1.1
69	759	1.6
69	760	2.4
69	761	1.6
69	762	3.7
69	763	3.8	3
69	764	2.6
69	765	2.6
69	766	3.7
69	767	0.8
69	768	2.5
69	769	1.1
69	770	3.0
69	771	3.0
69	772	4.0
69	773	3.5
69	774	2.7
69	775	1.3
69	776	1.4
69	777	1.0
69	778	3.5
69	779	1.4
69	780	3.6
69	781	3.2
69	782	2.7
69	783	1.5
69	784	2.3
69	785	2.2
69	786	2.3
69	787	4.2
69	788	3.0
69	789	4.5
69	790	2.6
69	791	-0.0
69	792	4.8
69	793	4.6
69	794	3.3
69	795	0.5
69	796	2.3
69	797	3.2
69	798	2.6
69	799	5.4
69	800	1.7
69	801	1.8
69	802	2.1
69	803	2.7
69	804	3.3
69	805	4.6
69	806	4.0
69	807	2.5
69	808	2.7
69	809	2.8
69	810	2.4
69	811	4.5
69	812	1.3
69	813	3.9
69	814	3.4
69	815	2.5
69	816	2.7
69	817	2.5
69	818	1.6
69	819	2.0
69	820	2.9
69	821	2.3
69	822	4.1
69	823	2.8
69	824	2.7
69	825	1.8
69	826	1.4
69	827	1.9
69	828	0.1
69	829	1.5
69	830	0.7
69	831	3.6
69	832	4.0
69	833	3.3
69	834	2.1
69	835	3.1
69	836	4.1
69	837	4.3
69	838	6.2
69	839	2.0
69	840	2.2
69	841	1.8
69	842	3.6
69	843	3.4
69	844	4.0
69	845	2.8
69	846	1.7
69	847	4.1
69	848	5.6
69	849	2.1
69	850	4.4
69	851	3.8
69	852	0.5
69	853	4.2
69	854	4.2
69	855	3.5
69	856	4.5
69	857	2.7
69	858	1.3
69	859	3.3
69	860	2.6
69	861	2.2
69	862	2.2
69	863	3.3
69	864	3.6
69	865	6.0
69	866	2.9
69	867	2.3
69	868	3.2
69	869	1.6
69	870	3.4
69	871	2.1
69	872	4.3
69	873	2.6
69	874	3.4
69	875	3.5
69	876	2.1
69	877	1.4
69	878	0.1
69	879	2.9	1
69	880	3.8
69	881	1.9
69	882	2.9
69	883	2.9
69	884	3.5
69	885	1.1
69	886	3.7	4
69	887	4.6
69	888	2.5
69	889	2.9
69	890	1.9
69	891	1.5
69	892	1.3
69	893	0.7
69	894	1.4
69	895	3.6
69	896	5.2
69	897	0.7
69	898	2.5
69	899	1.8
69	900	3.9
69	901	0.8
69	902	4.0
69	903	3.6
69	904	2.1
69	905	3.3
69	906	4.4
69	907	3.1
69	908	0.1
69	909	2.5
69	910	4.4
69	911	3.0
69	912	3.1
69	913	3.7
69	914	3.9
69	915	4.2
69	916	1.9
69	917	4.0
69	918	3.8
69	919	5.2
69	920	3.2
69	921	3.5
69	922	4.1
69	923	4.7
69	924	2.7
69	925	2.6
69	926	1.5
69	927	3.1
69	928	2.8
69	929	2.9
69	930	1.4
69	931	1.4
69	932	1.1
69	933	2.4
69	934	1.9
69	935	5.0
69	936	3.4
69	937	2.9
69	938	1.8
69	939	3.6
69	940	3.6
69	941	2.0
69	942	2.8
69	943	3.0
69	944	2.1
69	945	4.3
69	946	3.3
69	947	4.0
69	948	2.2
69	949	4.1
69	950	2.0
69	951	1.8
69	952	3.9
69	953	4.1
69	954	4.2
69	955	4.2
69	956	4.4
69	957	2.5
69	958	3.8
69	959	3.0
69	960	3.3
69	961	4.5
69	962	3.5
69	963	5.4
69	964	4.0
69	965	2.7
69	966	4.2
69	967	2.9
69	968	5.1
69	969	3.8
69	970	3.5
69	971	4.2
69	972	3.0
69	973	4.9
69	974	1.7
69	975	3.2
69	976	2.8
69	977	1.9
69	978	1.5
69	979	2.4
69	980	4.6
69	981	1.8
69	982	2.2
69	983	1.8
69	984	0.5
69	985	3.3
69	986	1.1
69	987	0.2
69	988	1.3
69	989	1.9
69	990	1.6
69	991	1.8
69	992	4.9
69	993	3.0
69	994	3.7
69	995	4.2
69	996	0.6
69	997	2.7
69	998	2.2
69	999	2.1
69	1000	3.1
69	1001	3.9
69	1002	0.6
69	1003	0.7
69	1004	2.9
69	1005	3.1
69	1006	2.8
69	1007	4.6
69	1008	4.6
69	1009	4.5
69	1010	4.3
69	1011	3.5
69	1012	3.9
69	1013	2.4
69	1014	2.8
69	1015	2.6
69	1016	2.5	3
69	1017	3.8	5
69	1018	3.4
69	1019	3.4
69	1020	4.7
69	1021	3.1
69	1022	4.0
69	1023	1.7
69	1024	4.7
69	1025	1.0
69	1026	3.2
69	1027	3.5
69	1028	2.3
69	1029	2.4
69	1030	2.1
69	1031	1.2
69	1032	0.8
69	1033	0.6
69	1034	1.6
69	1035	2.1
69	1036	1.8
69	1037	1.1
69	1038	1.2
69	1039	4.0
69	1040	2.0
69	1041	2.9
69	1042	1.2
69	1043	1.2
69	1044	2.8
69	1045	5.1
69	1046	2.8
69	1047	2.1
69	1048	3.3
69	1049	0.8
69	1050	4.0
69	1051	2.4
69	1052	4.0
69	1053	3.6
69	1054	3.0
69	1055	3.7
69	1056	3.2
69	1057	3.3
69	1058	3.7
69	1059	4.3
69	1060	2.0
69	1061	1.4
69	1062	3.5
69	1063	5.6
69	1064	5.6
69	1065	3.1
69	1066	2.7
69	1067	4.1
69	1068	4.4
69	1069	3.8
69	1070	4.5
69	1071	2.9
69	1072	1.6
69	1073	4.3
69	1074	3.0
69	1075	3.1
69	1076	2.3
69	1077	3.5
69	1078	0.8
69	1079	1.4
69	1080	5.8
69	1081	3.7
69	1082	2.7
69	1083	3.0
69	1084	3.6
69	1085	4.8
69	1086	1.6
69	1087	0.6
69	1088	2.3
69	1089	0.8
69	1090	1.3
69	1091	1.8
69	1092	2.2
69	1093	4.1
69	1094	3.5
69	1095	1.8
69	1096	3.6
69	1097	3.3
69	1098	4.1
69	1099	2.4
69	1100	3.9
69	1101	4.5
69	1102	-0.9
69	1103	4.8
69	1104	3.7
69	1105	0.6
69	1106	2.8
69	1107	2.0
69	1108	1.0
69	1109	3.3
69	1110	1.7
69	1111	3.8
69	1112	2.0
69	1113	3.6
69	1114	5.1
69	1115	3.7
69	1116	4.3
69	1117	3.3
69	1118	3.5
69	1119	3.8
69	1120	3.2
69	1121	5.0
69	1122	3.0
69	1123	4.5
69	1124	4.3
69	1125	6.2
69	1126	5.4
69	1127	2.4
69	1128	2.3
69	1129	3.8
69	1130	4.6
69	1131	4.3
69	1132	2.2
69	1133	3.4
69	1134	3.1	5
69	1135	2.2
69	1136	3.0
69	1137	4.1
69	1138	3.6
69	1139	1.3
69	1140	1.6
69	1141	4.2
69	1142	4.4	4
69	1143	4.1	5
69	1144	3.4	5
69	1145	1.6
69	1146	2.8
69	1147	4.7
69	1148	3.0
69	1149	4.8
69	1150	5.0
69	1151	1.6
69	1152	2.1
69	1153	2.9
69	1154	5.2
69	1155	2.0
69	1156	3.4
69	1157	1.0
69	1158	4.4
69	1159	3.7
69	1160	1.2
69	1161	3.2
69	1162	2.5
69	1163	3.1
69	1164	1.2
69	1165	1.4
69	1166	2.6
69	1167	2.6
69	1168	2.6
69	1169	3.8
69	1170	3.0
69	1171	2.6
69	1172	4.7
69	1173	4.1
69	1174	3.5
69	1175	3.5
69	1176	3.2
69	1177	-2.3
69	1178	1.9
69	1179	1.5
69	1180	2.0
69	1181	1.7
69	1182	2.3
69	1183	2.3
69	1184	3.3
69	1185	1.7
69	1186	4.9
69	1187	4.1
69	1188	3.5
69	1189	4.8
69	1190	3.3
69	1191	2.8
69	1192	2.0
69	1193	1.5
69	1194	3.9
69	1195	3.0
69	1196	2.3
69	1197	4.7
69	1198	4.0
69	1199	3.2
69	1200	2.2
69	1201	5.6
69	1202	4.7
69	1203	5.2
69	1204	5.0
69	1205	5.4
69	1206	3.2
69	1207	1.8
69	1208	3.2
69	1209	2.2
69	1210	0.3
69	1211	3.8
69	1212	2.1
69	1213	1.4
69	1214	2.9
69	1215	1.1
69	1216	4.6
69	1217	2.0
69	1218	4.8
69	1219	2.1
69	1220	2.7
69	1221	2.3
69	1222	3.1
69	1223	2.6
69	1224	2.2
69	1225	2.6
69	1226	3.6
69	1227	4.5
69	1228	1.9
69	1229	0.9
69	1230	2.8
69	1231	3.0
69	1232	2.5
69	1233	1.4
69	1234	4.8
69	1235	3.4
69	1236	4.0
69	1237	4.1
69	1238	1.8
69	1239	-0.2
69	1240	4.1
69	1241	2.0
69	1242	3.7
69	1243	4.4
69	1244	1.8
69	1245	2.0
69	1246	1.4
69	1247	2.9
69	1248	2.4
69	1249	1.7
69	1250	0.3
69	1251	5.5
69	1252	4.6
69	1253	0.3
69	1254	2.5
69	1255	4.3
69	1256	0.2
69	1257	2.0
69	1258	1.6
69	1259	2.9
69	1260	2.5
69	1261	3.7
69	1262	3.8
69	1263	2.8
69	1264	2.9
69	1265	2.4
69	1266	2.1
69	1267	3.3
69	1268	2.8
69	1269	3.4
69	1270	0.5
69	1271	2.9
69	1272	4.8
69	1273	1.3
69	1274	1.3
69	1275	1.5
69	1276	0.1
69	1277	3.5
69	1278	2.7
69	1279	1.9
69	1280	3.4
69	1281	3.7
69	1282	3.6
69	1283	3.9
69	1284	3.0
69	1285	2.2
69	1286	4.1
69	1287	1.2
69	1288	4.0
69	1289	0.6
69	1290	2.0
69	1291	3.0
69	1292	-0.2
69	1293	4.6
69	1294	2.5
69	1295	1.8
69	1296	4.5
69	1297	1.4
69	1298	3.2
69	1299	4.2
69	1300	3.2
69	1301	3.2
69	1302	2.5
69	1303	2.8
69	1304	1.0
69	1305	3.4
69	1306	1.6
69	1307	0.6
69	1308	1.0
69	1309	2.9
69	1310	2.0
69	1311	3.3
69	1312	3.0
69	1313	2.4
69	1314	1.2
69	1315	3.3
69	1316	-0.1
69	1317	4.0
69	1318	2.1
69	1319	1.0
69	1320	2.1
69	1321	2.6
69	1322	3.2
69	1323	2.7
69	1324	3.8
69	1325	3.6
69	1326	3.9
69	1327	-1.2
69	1328	2.7
69	1329	3.0
69	1330	2.1
69	1331	3.1
69	1332	1.7
69	1333	4.6
69	1334	2.2
69	1335	1.4
69	1336	0.8
69	1337	0.1
69	1338	2.7
69	1339	1.8
69	1340	3.1
69	1341	2.3
69	1342	4.6
69	1343	0.6
69	1344	2.1
69	1345	1.6
69	1346	3.1
69	1347	2.9
69	1348	0.9
69	1349	2.1
69	1350	2.7
69	1351	2.8
69	1352	2.1
69	1353	3.3
69	1354	1.5
69	1355	3.8
69	1356	3.8
69	1357	2.2
69	1358	5.6
69	1359	2.1
69	1360	2.6
69	1361	3.2
69	1362	2.8
69	1363	3.0
69	1364	0.9
69	1365	2.3
69	1366	3.2
69	1367	5.9
69	1368	0.8
69	1369	3.7
69	1370	2.4
69	1371	1.8
69	1372	0.9
69	1373	1.8
69	1374	3.5
69	1375	3.8
69	1376	3.0
69	1377	3.1
69	1378	4.1
69	1379	3.1
69	1380	2.1
69	1381	4.7
69	1382	1.1
69	1383	0.5
69	1384	1.3
69	1385	2.4
69	1386	5.3
69	1387	1.6
69	1388	4.7
69	1389	1.4
69	1390	0.7
69	1391	1.7
69	1392	2.6
69	1393	1.2
69	1394	3.1
69	1395	3.2
69	1396	3.8
69	1397	1.2
69	1398	5.0
69	1399	3.0
69	1400	2.2
69	1401	3.6
69	1402	3.6
69	1403	0.1
69	1404	1.5
69	1405	5.3
69	1406	3.2
69	1407	1.2
69	1408	1.6
69	1409	1.5
69	1410	3.7
69	1411	4.0
69	1412	0.9
69	1413	2.6
69	1414	1.2
69	1415	1.3
69	1416	3.6
69	1417	3.9
69	1418	4.1
69	1419	4.1
69	1420	1.3
69	1421	1.8
69	1422	2.6
69	1423	1.4
69	1424	0.5
69	1425	0.8
69	1426	2.3
69	1427	5.4
69	1428	3.4
69	1429	3.7
69	1430	1.4
69	1431	4.1
69	1432	0.3
69	1433	2.1
69	1434	4.3
69	1435	2.8
69	1436	5.1
69	1437	3.2
69	1438	2.0
69	1439	1.3
69	1440	2.7
69	1441	1.9
69	1442	-0.4
69	1443	2.2
69	1444	2.2
69	1445	2.5
69	1446	2.0
69	1447	4.0
69	1448	4.2
69	1449	5.2
69	1450	3.0
69	1451	3.9
69	1452	4.2
69	1453	3.3
69	1454	3.5
69	1455	3.0
69	1456	4.5
69	1457	3.0
69	1458	4.2
69	1459	2.1
69	1460	2.8
69	1461	1.9
69	1462	4.4
69	1463	8.2
69	1464	2.3
69	1465	3.8
69	1466	3.2
69	1467	4.6
69	1468	2.8
69	1469	1.5
69	1470	1.5
69	1471	0.7
69	1472	6.4
69	1473	3.8
69	1474	0.6
69	1475	2.4
69	1476	2.4
69	1477	2.2
69	1478	2.0
69	1479	3.4
69	1480	2.2
69	1481	1.8
69	1482	5.3
69	1483	4.2
69	1484	2.9
69	1485	5.4
69	1486	1.6
69	1487	2.6
69	1488	3.5
69	1489	1.2
69	1490	3.5
69	1491	4.0
69	1492	3.5
69	1493	0.8
69	1494	-0.2
69	1495	4.6
69	1496	3.8
69	1497	1.5
69	1498	5.2
69	1499	4.1
69	1500	5.0
69	1501	1.7
69	1502	2.7
69	1503	4.6
69	1504	3.7
69	1505	3.8
69	1506	4.7
69	1507	4.1
69	1508	1.0
69	1509	1.0
69	1510	2.9
69	1511	4.3
69	1512	3.2
69	1513	1.1
69	1514	5.1
69	1515	3.9
69	1516	3.7
69	1517	-0.0
69	1518	2.7
69	1519	3.6
69	1520	3.0
69	1521	2.7
69	1522	2.4
69	1523	-0.4
69	1524	4.3
69	1525	4.7
69	1526	2.2
69	1527	3.8
69	1528	3.5
69	1529	2.2
69	1530	3.0
69	1531	2.6
69	1532	0.8
69	1533	4.1
69	1534	3.2
69	1535	3.0
69	1536	6.1
69	1537	5.1
69	1538	3.7
69	1539	1.8
69	1540	1.4
69	1541	4.8
69	1542	1.6
69	1543	1.8
69	1544	2.6
69	1545	4.0
69	1546	2.6
69	1547	3.5
69	1548	1.5
69	1549	3.2
69	1550	3.6
69	1551	2.9
69	1552	2.2
69	1553	3.8
69	1554	3.9
69	1555	1.9
69	1556	3.1
69	1557	1.7
69	1558	5.1
69	1559	2.6
69	1560	0.9
69	1561	1.5
69	1562	0.2
69	1563	3.0
69	1564	3.4
69	1565	1.7
69	1566	1.8
69	1567	0.6
69	1568	2.3
69	1569	2.3
69	1570	2.6
69	1571	0.9
69	1572	1.2
69	1573	3.1
69	1574	1.5
69	1575	2.3
69	1576	1.3
69	1577	1.7
69	1578	2.6
69	1579	1.0
69	1580	1.0
69	1581	1.2
69	1582	2.5
69	1583	1.8
69	1584	1.5
69	1585	3.5
69	1586	1.3
69	1587	0.4
69	1588	1.7
69	1589	3.5
69	1590	2.3
69	1591	1.0
69	1592	2.9
69	1593	3.0
69	1594	5.5
69	1595	1.7
69	1596	3.0
69	1597	5.3
69	1598	5.3
69	1599	5.7
69	1600	4.2
69	1601	1.3
69	1602	3.3
69	1603	1.5
69	1604	4.0
69	1605	3.4
69	1606	1.6
69	1607	1.2
69	1608	1.3
69	1609	1.7
69	1610	3.4
69	1611	3.6
69	1612	7.6
69	1613	1.2
69	1614	4.6
69	1615	2.0
69	1616	3.5
69	1617	3.3
69	1618	1.4
69	1619	2.6
69	1620	0.7
69	1621	1.4
69	1622	0.3
69	1623	4.4
69	1624	0.8
69	1625	4.2
69	1626	0.3
69	1627	3.8
69	1628	3.2
69	1629	4.5
69	1630	3.7
69	1631	3.9
69	1632	4.6
69	1633	4.5
69	1634	2.5
69	1635	3.8
69	1636	3.9
69	1637	4.4
69	1638	4.6
69	1639	4.7
69	1640	2.5
69	1641	3.5
69	1642	5.1
69	1643	5.9
69	1644	1.2
69	1645	4.9
69	1646	4.2
69	1647	3.6
69	1648	2.2
69	1649	4.5
69	1650	4.6
69	1651	4.5
69	1652	4.0
69	1653	2.9
69	1654	0.5
69	1655	1.1
69	1656	3.5
69	1657	3.6
69	1658	3.6
69	1659	0.8
69	1660	1.6
69	1661	0.3
69	1662	0.1
69	1663	2.2
69	1664	2.6
69	1665	3.2
69	1666	2.7
69	1667	1.0
69	1668	3.2
69	1669	3.3
69	1670	3.9
69	1671	2.1
69	1672	2.7
69	1673	4.1
69	1674	3.7
69	1675	2.7
69	1676	1.3
69	1677	3.8
69	1678	2.3
69	1679	2.0
69	1680	2.1
69	1681	3.8
69	1682	4.0
