user	item	predicted_rating	rating
63	1	0.0	29892528
63	2	0.0
63	3	0.0	29892528
63	4	0.0
63	5	0.0
63	6	0.0	29892528
63	7	0.0
63	8	0.0
63	9	0.0
63	10	-0.0	29892528
63	11	0.0
63	12	0.0
63	13	0.0	29892528
63	14	0.1	29892528
63	15	0.0	29892528
63	16	0.0
63	17	0.0
63	18	0.0
63	19	0.0
63	20	0.1	29892528
63	21	-0.0
63	22	0.0
63	23	0.0
63	24	0.0
63	25	0.0	29892528
63	26	0.0
63	27	0.0
63	28	0.0
63	29	0.0
63	30	0.0
63	31	0.0
63	32	0.0
63	33	0.0
63	34	0.0
63	35	0.0
63	36	0.0
63	37	0.0
63	38	0.0
63	39	0.0
63	40	0.0
63	41	0.0
63	42	0.0
63	43	0.0
63	44	0.0
63	45	0.0
63	46	0.0
63	47	0.0
63	48	0.0
63	49	0.0
63	50	-0.0	29892528
63	51	0.0
63	52	0.0
63	53	0.0
63	54	0.0
63	55	0.0
63	56	0.0
63	57	0.0
63	58	0.0
63	59	0.0
63	60	0.0
63	61	0.0
63	62	0.0
63	63	0.0
63	64	0.0
63	65	0.0
63	66	0.0
63	67	0.0
63	68	0.0
63	69	0.0
63	70	0.0
63	71	0.0
63	72	0.0
63	73	0.0
63	74	0.0
63	75	0.0
63	76	0.0
63	77	0.0
63	78	0.0
63	79	0.0	29892528
63	80	0.0
63	81	0.0
63	82	0.0
63	83	0.0
63	84	0.0
63	85	0.0
63	86	0.0
63	87	0.0
63	88	0.0
63	89	0.0
63	90	0.0
63	91	0.0
63	92	0.0
63	93	0.0
63	94	0.0
63	95	0.0
63	96	0.0
63	97	0.0
63	98	0.0
63	99	0.0
63	100	-0.0	29892528
63	101	0.0
63	102	0.0
63	103	0.0
63	104	0.0
63	105	0.0
63	106	0.0	29892528
63	107	0.0
63	108	0.1	29892528
63	109	0.0	29892528
63	110	0.0
63	111	0.1	29892528
63	112	0.0
63	113	0.0
63	114	0.0
63	115	0.0
63	116	-0.0	29892528
63	117	0.0
63	118	0.0
63	119	0.0
63	120	0.0
63	121	0.1	29892528
63	122	0.0
63	123	0.0
63	124	0.0
63	125	0.0
63	126	-0.0	29892528
63	127	0.0
63	128	0.0
63	129	0.0
63	130	0.0
63	131	0.0
63	132	0.0
63	133	0.0
63	134	0.0
63	135	0.0
63	136	0.0
63	137	0.0	29892528
63	138	0.0
63	139	0.0
63	140	0.0
63	141	0.0
63	142	0.0
63	143	-0.0
63	144	0.0
63	145	0.0
63	146	0.0
63	147	0.0
63	148	0.0
63	149	0.0
63	150	0.0	29892528
63	151	0.0
63	152	0.0
63	153	0.0
63	154	0.0
63	155	0.0
63	156	-0.0
63	157	0.0
63	158	0.0
63	159	0.0
63	160	0.0
63	161	0.0
63	162	0.0
63	163	0.0
63	164	0.0
63	165	0.0
63	166	0.0
63	167	0.0
63	168	0.0
63	169	0.0
63	170	0.0
63	171	0.0
63	172	0.0
63	173	0.0
63	174	0.0
63	175	0.0
63	176	0.0
63	177	0.0
63	178	0.0
63	179	0.0
63	180	0.0
63	181	-0.1	29892528
63	182	0.0
63	183	0.0
63	184	0.0
63	185	0.0
63	186	0.0
63	187	0.0
63	188	0.0
63	189	0.0
63	190	0.0
63	191	0.0
63	192	0.0
63	193	0.0
63	194	0.0
63	195	0.0
63	196	0.0
63	197	0.0
63	198	0.0
63	199	0.0
63	200	0.0
63	201	-0.0
63	202	0.0
63	203	0.0
63	204	0.0
63	205	0.0
63	206	0.0
63	207	0.0
63	208	0.0
63	209	0.0
63	210	0.0
63	211	0.0
63	212	0.0
63	213	0.0
63	214	0.0
63	215	0.0
63	216	0.0
63	217	0.0
63	218	0.0
63	219	0.0
63	220	0.0
63	221	0.0
63	222	-0.0	29892528
63	223	0.0
63	224	0.1	29892528
63	225	-0.0	29892528
63	226	0.0
63	227	0.0
63	228	0.0
63	229	0.0
63	230	0.0
63	231	0.0
63	232	0.0
63	233	0.0
63	234	0.0
63	235	-0.0
63	236	0.0
63	237	-0.0	29892528
63	238	0.0
63	239	0.0
63	240	0.0
63	241	0.0
63	242	0.1	29892528
63	243	0.0
63	244	0.0
63	245	0.0
63	246	-0.0	29892528
63	247	0.0
63	248	0.0
63	249	0.0
63	250	0.0	29892528
63	251	-0.0	29892528
63	252	0.0
63	253	0.0
63	254	0.0
63	255	0.0	29892528
63	256	0.0
63	257	0.1	29892528
63	258	0.1	29892528
63	259	-0.0	29892528
63	260	0.0
63	261	0.0
63	262	-0.1	29892528
63	263	0.0
63	264	0.0
63	265	0.0
63	266	0.0
63	267	0.0
63	268	0.0	29892528
63	269	-0.0	29892528
63	270	0.0
63	271	0.0
63	272	0.0
63	273	0.0
63	274	0.0
63	275	0.0
63	276	0.0	29892528
63	277	0.0	29892528
63	278	0.0
63	279	0.0
63	280	0.0
63	281	0.0
63	282	0.1	29892528
63	283	0.1	29892528
63	284	0.1	29892528
63	285	0.0	29892528
63	286	0.0	29892528
63	287	0.1	29892528
63	288	0.1	29892528
63	289	0.1	29892528
63	290	0.0
63	291	0.0
63	292	0.0
63	293	0.0
63	294	-0.0	29892528
63	295	0.0
63	296	0.0
63	297	0.0
63	298	0.0
63	299	0.0
63	300	0.0	29892528
63	301	0.0	29892528
63	302	-0.0	29892528
63	303	0.0
63	304	0.0
63	305	0.0
63	306	0.0	29892528
63	307	0.0
63	308	0.0
63	309	0.0
63	310	0.0
63	311	0.0
63	312	0.0
63	313	0.0
63	314	0.0
63	315	0.0
63	316	0.0
63	317	0.0
63	318	0.0
63	319	0.0
63	320	0.0
63	321	-0.1	29892528
63	322	-0.0	29892528
63	323	0.0	29892528
63	324	0.0
63	325	-0.0	29892528
63	326	0.0
63	327	0.0
63	328	0.1	29892528
63	329	0.0
63	330	0.0
63	331	0.0
63	332	0.0
63	333	0.1	29892528
63	334	-0.0
63	335	0.0
63	336	0.0
63	337	0.0
63	338	0.0
63	339	0.0
63	340	0.0
63	341	0.0
63	342	0.0
63	343	0.0
63	344	0.0
63	345	0.0
63	346	0.0
63	347	0.0
63	348	0.0
63	349	0.0
63	350	0.0
63	351	0.0
63	352	0.0
63	353	0.0
63	354	0.0
63	355	0.0
63	356	0.0
63	357	0.0
63	358	0.0
63	359	0.0
63	360	0.0
63	361	0.0
63	362	0.0
63	363	0.0
63	364	0.0
63	365	0.0
63	366	-0.0
63	367	0.0
63	368	0.0
63	369	0.0
63	370	0.0
63	371	0.0
63	372	0.0
63	373	0.0
63	374	0.0
63	375	0.0
63	376	0.0
63	377	0.0
63	378	0.0
63	379	0.0
63	380	0.0
63	381	0.0
63	382	0.0
63	383	0.0
63	384	0.0
63	385	0.0
63	386	0.0
63	387	0.0
63	388	0.0
63	389	0.0
63	390	0.0
63	391	0.0
63	392	0.0
63	393	0.0
63	394	0.0
63	395	0.0
63	396	0.0
63	397	0.0
63	398	0.0
63	399	0.0
63	400	0.0
63	401	0.0
63	402	0.0
63	403	0.0
63	404	0.0
63	405	-0.0	29892528
63	406	0.0
63	407	0.0
63	408	-0.0	29892528
63	409	0.0
63	410	0.0
63	411	0.0
63	412	0.0	29892528
63	413	0.0
63	414	0.0
63	415	0.0
63	416	0.0
63	417	0.0
63	418	0.0
63	419	0.0
63	420	0.0
63	421	0.0
63	422	0.0
63	423	0.0
63	424	-0.0
63	425	0.0
63	426	0.0
63	427	0.0
63	428	0.0
63	429	0.0
63	430	0.0
63	431	0.0
63	432	0.0
63	433	0.0
63	434	0.0
63	435	0.0
63	436	0.0
63	437	0.0
63	438	0.0
63	439	0.0
63	440	0.0
63	441	0.0
63	442	0.0
63	443	0.0
63	444	0.0
63	445	0.0
63	446	0.0
63	447	0.0
63	448	0.0
63	449	-0.0
63	450	-0.0
63	451	0.0
63	452	0.0
63	453	0.0
63	454	0.0
63	455	0.0
63	456	0.0
63	457	0.0
63	458	0.0
63	459	0.0
63	460	0.0
63	461	0.0
63	462	0.0
63	463	0.0
63	464	0.0
63	465	0.0
63	466	0.0
63	467	0.0
63	468	0.0
63	469	0.0
63	470	0.0
63	471	0.0
63	472	0.0
63	473	0.1	29892528
63	474	0.0
63	475	0.0	29892528
63	476	-0.0
63	477	0.0
63	478	0.0
63	479	0.0
63	480	0.0	29892528
63	481	0.0
63	482	0.0
63	483	-0.0
63	484	0.0
63	485	0.0
63	486	0.0
63	487	0.0
63	488	0.0
63	489	0.0
63	490	0.0
63	491	0.0
63	492	0.0
63	493	0.0
63	494	0.0
63	495	0.0
63	496	0.0
63	497	0.0
63	498	0.0
63	499	0.0
63	500	0.0
63	501	0.0
63	502	0.0
63	503	0.0
63	504	0.0
63	505	0.0
63	506	0.0
63	507	0.0
63	508	0.1	29892528
63	509	0.0
63	510	0.0
63	511	0.0
63	512	0.0
63	513	0.0
63	514	0.0
63	515	0.0
63	516	0.0
63	517	0.0
63	518	0.0
63	519	0.0
63	520	0.0
63	521	0.0
63	522	0.0
63	523	0.0
63	524	0.0
63	525	0.0
63	526	0.0
63	527	0.0
63	528	0.0
63	529	0.0
63	530	0.0
63	531	0.0
63	532	0.0
63	533	0.0
63	534	0.0
63	535	0.0
63	536	-0.0
63	537	0.0
63	538	0.0
63	539	0.0
63	540	0.0
63	541	0.0
63	542	0.0
63	543	0.0
63	544	0.0
63	545	0.0
63	546	-0.0	29892528
63	547	0.0
63	548	0.0
63	549	0.0
63	550	0.0
63	551	0.0
63	552	0.0
63	553	0.0
63	554	0.0
63	555	0.0
63	556	0.0
63	557	-0.0
63	558	0.0
63	559	0.0
63	560	0.0
63	561	0.0
63	562	0.0
63	563	0.0
63	564	0.0
63	565	0.0
63	566	0.0
63	567	0.0
63	568	0.0
63	569	0.0
63	570	0.0
63	571	0.0
63	572	0.0
63	573	-0.0
63	574	0.0
63	575	0.0
63	576	0.0
63	577	0.0
63	578	0.0
63	579	0.0
63	580	0.0
63	581	0.0
63	582	0.0
63	583	0.0
63	584	-0.0
63	585	0.0
63	586	0.0
63	587	0.0
63	588	0.0
63	589	0.0
63	590	0.0
63	591	-0.0	29892528
63	592	0.0
63	593	0.0
63	594	0.0
63	595	0.0
63	596	-0.0	29892528
63	597	-0.0
63	598	0.0
63	599	0.0
63	600	0.0
63	601	0.0
63	602	0.0
63	603	0.0
63	604	0.0
63	605	0.0
63	606	0.0
63	607	0.0
63	608	0.0
63	609	0.0
63	610	0.0
63	611	0.0
63	612	0.0
63	613	0.0
63	614	0.0
63	615	0.0
63	616	0.0
63	617	0.0
63	618	0.0
63	619	0.0
63	620	0.0
63	621	0.0
63	622	0.0
63	623	0.0
63	624	0.0
63	625	0.0
63	626	0.0
63	627	0.0
63	628	0.0
63	629	0.0
63	630	0.0
63	631	0.0
63	632	0.0
63	633	0.0
63	634	0.0
63	635	0.0
63	636	0.0
63	637	0.0
63	638	0.0
63	639	0.0
63	640	0.0
63	641	0.0
63	642	0.0
63	643	0.0
63	644	0.0
63	645	0.0
63	646	0.0
63	647	0.0
63	648	0.0
63	649	0.0
63	650	0.0
63	651	0.0
63	652	0.0
63	653	0.0
63	654	0.0
63	655	0.0
63	656	-0.0
63	657	0.0
63	658	0.0
63	659	0.0
63	660	0.0
63	661	0.0
63	662	0.0
63	663	0.0
63	664	0.0
63	665	0.0
63	666	0.0
63	667	0.0
63	668	0.0
63	669	0.0
63	670	0.0
63	671	0.0
63	672	0.0
63	673	0.0
63	674	0.0
63	675	0.0
63	676	0.0	29892528
63	677	0.0
63	678	0.0	29892528
63	679	0.0
63	680	0.0
63	681	0.0
63	682	0.0
63	683	0.0
63	684	0.0
63	685	0.0
63	686	0.0
63	687	0.0
63	688	0.0
63	689	0.0
63	690	0.0
63	691	0.0
63	692	0.0
63	693	0.0
63	694	0.0
63	695	0.0
63	696	0.0
63	697	0.0
63	698	-0.0
63	699	0.0
63	700	0.0
63	701	0.0
63	702	0.0
63	703	0.0
63	704	0.0
63	705	0.0
63	706	0.0
63	707	0.0
63	708	0.0
63	709	0.0
63	710	0.0
63	711	0.0
63	712	0.0
63	713	0.0	29892528
63	714	0.0
63	715	0.0
63	716	0.0
63	717	0.0
63	718	0.0
63	719	-0.0
63	720	0.0
63	721	0.0
63	722	0.0
63	723	0.0
63	724	0.0
63	725	0.0
63	726	0.0
63	727	0.0
63	728	0.0
63	729	0.0
63	730	0.0
63	731	0.0
63	732	0.0
63	733	0.0
63	734	0.0
63	735	0.0
63	736	0.0
63	737	0.0
63	738	0.0
63	739	-0.0
63	740	0.0
63	741	-0.1	29892528
63	742	0.0
63	743	0.0
63	744	0.0
63	745	0.0
63	746	0.0
63	747	0.0
63	748	-0.0	29892528
63	749	0.0
63	750	0.0
63	751	0.0
63	752	0.0
63	753	0.0
63	754	0.0
63	755	0.0
63	756	0.0
63	757	0.0
63	758	0.0
63	759	0.0
63	760	0.0
63	761	0.0
63	762	0.1	29892528
63	763	0.0
63	764	0.0
63	765	0.0
63	766	0.0
63	767	0.0
63	768	0.0
63	769	0.0
63	770	0.0
63	771	0.0
63	772	-0.0
63	773	0.0
63	774	0.0
63	775	0.0
63	776	-0.0
63	777	0.0
63	778	0.0
63	779	0.0
63	780	0.0
63	781	0.0
63	782	0.0
63	783	0.0
63	784	0.0
63	785	-0.0
63	786	0.0
63	787	0.0
63	788	0.0
63	789	0.0
63	790	0.0
63	791	0.0
63	792	0.0
63	793	0.0
63	794	0.0
63	795	0.0
63	796	0.0
63	797	0.0
63	798	0.0
63	799	0.0
63	800	0.0
63	801	0.0
63	802	0.0
63	803	0.0
63	804	0.0
63	805	0.0
63	806	0.0
63	807	0.0
63	808	0.0
63	809	0.0
63	810	0.0
63	811	0.0
63	812	0.0
63	813	-0.0	29892528
63	814	0.0
63	815	0.0
63	816	0.0
63	817	0.0
63	818	0.0
63	819	0.0
63	820	0.0
63	821	0.0
63	822	0.0
63	823	0.0
63	824	0.0
63	825	0.0
63	826	0.0
63	827	0.0
63	828	0.0	29892528
63	829	0.0
63	830	0.0
63	831	0.0
63	832	0.0
63	833	0.0
63	834	0.0
63	835	0.0
63	836	0.0
63	837	0.0
63	838	0.0
63	839	0.0
63	840	0.0
63	841	0.0	29892528
63	842	0.0
63	843	0.0
63	844	0.0
63	845	0.0
63	846	0.0
63	847	0.0
63	848	0.0
63	849	0.0
63	850	0.0
63	851	0.0
63	852	0.0
63	853	0.0
63	854	0.0
63	855	0.0
63	856	0.0
63	857	0.0
63	858	0.0
63	859	0.0
63	860	0.0
63	861	0.0
63	862	0.0
63	863	0.0
63	864	0.0
63	865	0.0
63	866	0.0
63	867	0.0
63	868	0.0
63	869	0.0
63	870	0.0
63	871	0.0
63	872	0.0
63	873	0.0
63	874	0.0
63	875	0.0
63	876	0.0
63	877	0.0
63	878	0.0
63	879	0.0
63	880	0.0
63	881	0.0
63	882	0.0
63	883	0.0
63	884	0.0
63	885	0.0
63	886	0.0
63	887	0.0
63	888	0.0
63	889	0.0
63	890	0.0
63	891	0.0
63	892	0.0
63	893	0.0
63	894	0.0
63	895	0.0
63	896	0.0
63	897	0.0
63	898	0.0
63	899	0.0
63	900	0.0
63	901	0.0
63	902	0.0
63	903	0.0
63	904	0.0
63	905	0.0
63	906	0.0
63	907	0.0
63	908	0.0
63	909	0.0
63	910	0.0
63	911	0.0
63	912	0.0
63	913	0.0
63	914	0.0
63	915	0.0
63	916	0.0
63	917	0.0
63	918	0.0
63	919	0.0
63	920	0.0
63	921	0.0
63	922	-0.0
63	923	0.0
63	924	0.0	29892528
63	925	0.0
63	926	0.0
63	927	0.0
63	928	0.0
63	929	0.0	29892528
63	930	0.0
63	931	0.0
63	932	0.0
63	933	0.0
63	934	0.0
63	935	0.0
63	936	0.0
63	937	0.0
63	938	0.0
63	939	0.0
63	940	0.0
63	941	0.0
63	942	0.0
63	943	0.0
63	944	0.0
63	945	0.0
63	946	0.0
63	947	0.0
63	948	-0.0	29892528
63	949	0.0
63	950	0.0
63	951	0.0
63	952	0.0	29892528
63	953	0.0
63	954	0.0
63	955	0.0
63	956	0.0
63	957	0.0
63	958	0.0
63	959	0.0
63	960	0.0
63	961	0.0
63	962	0.0
63	963	0.0
63	964	0.0
63	965	0.0
63	966	0.0
63	967	0.0
63	968	0.0
63	969	0.0
63	970	0.0
63	971	0.0
63	972	0.0
63	973	0.0
63	974	0.0
63	975	0.0
63	976	0.0
63	977	0.0
63	978	0.0
63	979	-0.1	29892528
63	980	0.0
63	981	0.0
63	982	0.0
63	983	0.0
63	984	0.0
63	985	0.0
63	986	0.0
63	987	0.0
63	988	0.0
63	989	0.0
63	990	0.0
63	991	0.0
63	992	0.0
63	993	0.1	29892528
63	994	0.0
63	995	0.0
63	996	0.0
63	997	0.0
63	998	0.0
63	999	0.0
63	1000	0.0
63	1001	0.0
63	1002	0.0
63	1003	0.0
63	1004	0.0
63	1005	0.0
63	1006	0.0
63	1007	0.1	29892528
63	1008	-0.0	29892528
63	1009	0.1	29892528
63	1010	0.1	29892528
63	1011	0.0	29892528
63	1012	0.1	29892528
63	1013	0.0
63	1014	0.0
63	1015	0.0
63	1016	0.0
63	1017	0.0
63	1018	0.0
63	1019	0.0
63	1020	0.0
63	1021	0.0
63	1022	0.0
63	1023	0.0
63	1024	0.0
63	1025	0.0
63	1026	0.0
63	1027	0.0
63	1028	0.0	29892528
63	1029	0.0
63	1030	0.0
63	1031	0.0
63	1032	0.0
63	1033	0.0
63	1034	0.0
63	1035	0.0
63	1036	0.0
63	1037	0.0
63	1038	0.0
63	1039	0.0
63	1040	0.0
63	1041	0.0
63	1042	0.0
63	1043	0.0
63	1044	0.0
63	1045	0.0
63	1046	0.0
63	1047	0.0
63	1048	0.0
63	1049	0.0
63	1050	0.0
63	1051	0.0
63	1052	0.0
63	1053	0.0
63	1054	0.0
63	1055	0.0
63	1056	0.0
63	1057	0.0
63	1058	0.0
63	1059	0.0
63	1060	0.0
63	1061	0.0
63	1062	0.0
63	1063	0.0
63	1064	0.0
63	1065	0.0
63	1066	0.0
63	1067	0.0	29892528
63	1068	-0.0
63	1069	0.0
63	1070	-0.0
63	1071	0.0
63	1072	0.0
63	1073	0.0
63	1074	0.0
63	1075	0.0
63	1076	0.0
63	1077	0.0
63	1078	0.0
63	1079	0.0
63	1080	0.0
63	1081	0.0
63	1082	0.0
63	1083	0.0
63	1084	0.0
63	1085	0.0
63	1086	0.0
63	1087	0.0
63	1088	0.0
63	1089	0.0
63	1090	0.0
63	1091	0.0
63	1092	0.0
63	1093	0.0
63	1094	0.0
63	1095	0.0
63	1096	0.0
63	1097	0.0
63	1098	0.0
63	1099	0.0
63	1100	0.0
63	1101	0.0
63	1102	0.0
63	1103	0.0
63	1104	0.0
63	1105	0.0
63	1106	0.0
63	1107	0.0
63	1108	0.0
63	1109	0.0
63	1110	0.0
63	1111	0.0
63	1112	-0.0
63	1113	0.0
63	1114	0.0
63	1115	0.0
63	1116	0.0
63	1117	0.0
63	1118	0.0
63	1119	0.0
63	1120	0.0
63	1121	0.0
63	1122	0.0
63	1123	0.0
63	1124	0.0
63	1125	0.0
63	1126	0.0
63	1127	0.0
63	1128	0.0
63	1129	0.0
63	1130	0.0
63	1131	0.0
63	1132	0.0
63	1133	0.0
63	1134	0.0
63	1135	0.0
63	1136	0.0
63	1137	0.1	29892528
63	1138	0.0	29892528
63	1139	0.0
63	1140	0.0
63	1141	0.0
63	1142	0.0
63	1143	0.0
63	1144	0.0
63	1145	0.0
63	1146	0.0
63	1147	0.0
63	1148	0.0
63	1149	0.0
63	1150	0.0
63	1151	0.0
63	1152	0.0
63	1153	0.0
63	1154	0.0
63	1155	0.0
63	1156	0.0
63	1157	-0.0
63	1158	0.0
63	1159	0.0
63	1160	0.0
63	1161	0.0
63	1162	0.0
63	1163	0.0
63	1164	0.0
63	1165	0.0
63	1166	0.0
63	1167	-0.0
63	1168	0.0
63	1169	0.0
63	1170	0.0
63	1171	0.0
63	1172	0.0
63	1173	0.0
63	1174	0.0
63	1175	0.0
63	1176	0.0
63	1177	0.0
63	1178	0.0
63	1179	0.0
63	1180	0.0
63	1181	0.0
63	1182	0.0
63	1183	0.0
63	1184	0.0
63	1185	0.0
63	1186	0.0
63	1187	0.0
63	1188	0.0
63	1189	0.0
63	1190	0.0
63	1191	0.0
63	1192	0.0
63	1193	0.0
63	1194	0.0
63	1195	0.0
63	1196	0.0
63	1197	0.0
63	1198	0.0
63	1199	0.0
63	1200	0.0
63	1201	0.0
63	1202	-0.0
63	1203	0.0
63	1204	-0.0
63	1205	0.0
63	1206	0.0
63	1207	0.0
63	1208	0.0
63	1209	0.0
63	1210	0.0
63	1211	0.0
63	1212	0.0
63	1213	0.0
63	1214	0.0
63	1215	0.0
63	1216	0.0
63	1217	0.0
63	1218	0.0
63	1219	0.0
63	1220	-0.0
63	1221	0.0
63	1222	0.0
63	1223	0.0
63	1224	0.0
63	1225	0.0
63	1226	0.0
63	1227	0.0
63	1228	0.0
63	1229	0.0
63	1230	0.0
63	1231	0.0
63	1232	0.0
63	1233	0.0
63	1234	0.0
63	1235	-0.0
63	1236	0.0
63	1237	-0.0
63	1238	0.0
63	1239	0.0
63	1240	0.0
63	1241	-0.0
63	1242	0.0
63	1243	0.0
63	1244	0.0
63	1245	0.0
63	1246	0.0
63	1247	0.0
63	1248	0.0
63	1249	0.0
63	1250	0.0
63	1251	0.0
63	1252	0.0
63	1253	0.0
63	1254	-0.0
63	1255	0.0
63	1256	0.0
63	1257	0.0
63	1258	0.0
63	1259	0.0
63	1260	0.0
63	1261	0.0
63	1262	-0.0
63	1263	0.0
63	1264	0.0
63	1265	0.0
63	1266	0.0
63	1267	0.0
63	1268	0.0
63	1269	0.0
63	1270	0.0
63	1271	0.0
63	1272	0.0
63	1273	0.0
63	1274	0.0
63	1275	0.0
63	1276	0.0
63	1277	0.0
63	1278	0.0
63	1279	0.0
63	1280	0.0
63	1281	0.0
63	1282	0.0
63	1283	0.0
63	1284	0.0
63	1285	0.0
63	1286	0.0
63	1287	0.0
63	1288	0.0
63	1289	0.0
63	1290	0.0
63	1291	0.0
63	1292	0.0
63	1293	0.0
63	1294	0.0
63	1295	0.0
63	1296	0.0
63	1297	0.0
63	1298	0.0
63	1299	0.0
63	1300	0.0
63	1301	0.0
63	1302	0.0
63	1303	0.0
63	1304	0.0
63	1305	0.0
63	1306	0.0
63	1307	0.0
63	1308	0.0
63	1309	0.0
63	1310	0.0
63	1311	0.0
63	1312	0.0
63	1313	0.0
63	1314	0.0
63	1315	-0.0
63	1316	-0.0
63	1317	0.0
63	1318	0.0
63	1319	0.0
63	1320	0.0
63	1321	0.0
63	1322	0.0
63	1323	-0.0
63	1324	0.0
63	1325	0.0
63	1326	0.0
63	1327	0.0
63	1328	-0.0
63	1329	0.0
63	1330	0.0
63	1331	0.0
63	1332	0.0
63	1333	0.0
63	1334	0.0
63	1335	0.0
63	1336	-0.0
63	1337	0.0
63	1338	0.0
63	1339	0.0
63	1340	0.0
63	1341	0.0
63	1342	0.0
63	1343	0.0
63	1344	-0.0
63	1345	0.0
63	1346	-0.0
63	1347	0.0
63	1348	0.0
63	1349	0.0
63	1350	0.0
63	1351	0.0
63	1352	0.0
63	1353	0.0
63	1354	0.0
63	1355	0.0
63	1356	0.0
63	1357	0.0
63	1358	0.0
63	1359	0.0
63	1360	0.0
63	1361	0.0
63	1362	0.0
63	1363	-0.0
63	1364	0.0
63	1365	0.0
63	1366	0.0
63	1367	0.0
63	1368	0.0
63	1369	-0.0
63	1370	0.0
63	1371	0.0
63	1372	0.0
63	1373	0.0
63	1374	0.0
63	1375	0.0
63	1376	0.0
63	1377	0.0
63	1378	0.0
63	1379	0.0
63	1380	0.0
63	1381	0.0
63	1382	0.0
63	1383	0.0
63	1384	0.0
63	1385	0.0
63	1386	0.0
63	1387	0.0
63	1388	0.0
63	1389	0.0
63	1390	0.0
63	1391	0.0
63	1392	0.0
63	1393	0.0
63	1394	0.0
63	1395	0.0
63	1396	0.0
63	1397	0.0
63	1398	0.0
63	1399	0.0
63	1400	0.0
63	1401	0.0
63	1402	0.0
63	1403	0.0
63	1404	0.0
63	1405	0.0
63	1406	-0.0
63	1407	0.0
63	1408	0.0
63	1409	0.0
63	1410	0.0
63	1411	0.0
63	1412	0.0
63	1413	0.0
63	1414	0.0
63	1415	0.0
63	1416	0.0
63	1417	0.0
63	1418	0.0
63	1419	0.0
63	1420	0.0
63	1421	0.0
63	1422	0.0
63	1423	0.0
63	1424	0.0
63	1425	0.0
63	1426	0.0
63	1427	0.0
63	1428	0.0
63	1429	0.0
63	1430	0.0
63	1431	0.0
63	1432	0.0
63	1433	0.0
63	1434	0.0
63	1435	0.0
63	1436	-0.0
63	1437	0.0
63	1438	0.0
63	1439	0.0
63	1440	0.0
63	1441	0.0
63	1442	0.0
63	1443	0.0
63	1444	0.0
63	1445	0.0
63	1446	0.0
63	1447	0.0
63	1448	0.0
63	1449	0.0
63	1450	0.0
63	1451	0.0
63	1452	0.0
63	1453	0.0
63	1454	0.0
63	1455	0.0
63	1456	0.0
63	1457	0.0
63	1458	0.0
63	1459	0.0
63	1460	0.0
63	1461	0.0
63	1462	0.0
63	1463	0.0
63	1464	0.0
63	1465	0.0
63	1466	-0.0
63	1467	0.0
63	1468	0.0
63	1469	0.0
63	1470	0.0
63	1471	0.0
63	1472	0.0
63	1473	0.0
63	1474	0.0
63	1475	-0.0
63	1476	0.0
63	1477	0.0
63	1478	0.0
63	1479	0.0
63	1480	0.0
63	1481	0.0
63	1482	0.0
63	1483	0.0
63	1484	0.0
63	1485	0.0
63	1486	0.0
63	1487	0.0
63	1488	0.0
63	1489	0.0
63	1490	-0.0
63	1491	0.0
63	1492	0.0
63	1493	0.0
63	1494	0.0
63	1495	0.0
63	1496	0.0
63	1497	0.0
63	1498	0.0
63	1499	0.0
63	1500	0.0
63	1501	0.0
63	1502	0.0
63	1503	0.0
63	1504	0.0
63	1505	0.0
63	1506	0.0
63	1507	0.0
63	1508	0.0
63	1509	0.0
63	1510	0.0
63	1511	0.0
63	1512	0.0
63	1513	0.0
63	1514	0.0
63	1515	0.0
63	1516	0.0
63	1517	0.0
63	1518	0.0
63	1519	0.0
63	1520	0.0
63	1521	0.0
63	1522	0.0
63	1523	0.0
63	1524	0.0
63	1525	0.0
63	1526	0.0
63	1527	0.0
63	1528	0.0
63	1529	0.0
63	1530	0.0
63	1531	0.0
63	1532	0.0
63	1533	0.0
63	1534	0.0
63	1535	0.0
63	1536	0.0
63	1537	0.0
63	1538	0.0
63	1539	0.0
63	1540	0.0
63	1541	0.0
63	1542	0.0
63	1543	0.0
63	1544	0.0
63	1545	0.0
63	1546	0.0
63	1547	-0.0
63	1548	0.0
63	1549	0.0
63	1550	0.0
63	1551	-0.0
63	1552	0.0
63	1553	0.0
63	1554	0.0
63	1555	0.0
63	1556	0.0
63	1557	0.0
63	1558	0.0
63	1559	0.0
63	1560	0.0
63	1561	0.0
63	1562	0.0
63	1563	0.0
63	1564	0.0
63	1565	0.0
63	1566	0.0
63	1567	0.0
63	1568	0.0
63	1569	0.0
63	1570	0.0
63	1571	0.0
63	1572	0.0
63	1573	0.0
63	1574	0.0
63	1575	0.0
63	1576	0.0
63	1577	0.0
63	1578	0.0
63	1579	0.0
63	1580	0.0
63	1581	0.0
63	1582	0.0
63	1583	0.0
63	1584	0.0
63	1585	0.0
63	1586	0.0
63	1587	0.0
63	1588	0.0
63	1589	0.0
63	1590	0.0
63	1591	0.0
63	1592	0.0
63	1593	0.0
63	1594	0.0
63	1595	0.0
63	1596	0.0
63	1597	0.0
63	1598	0.0
63	1599	0.0
63	1600	0.0
63	1601	0.0
63	1602	0.0
63	1603	0.0
63	1604	0.0
63	1605	-0.0
63	1606	0.0
63	1607	0.0
63	1608	-0.0
63	1609	0.0
63	1610	0.0
63	1611	0.0
63	1612	0.0
63	1613	0.0
63	1614	0.0
63	1615	0.0
63	1616	0.0
63	1617	0.0
63	1618	0.0
63	1619	0.0
63	1620	0.0
63	1621	0.0
63	1622	0.0
63	1623	-0.0
63	1624	0.0
63	1625	0.0
63	1626	0.0
63	1627	0.0
63	1628	0.0
63	1629	0.0
63	1630	-0.0
63	1631	0.0
63	1632	-0.0
63	1633	0.0
63	1634	0.0
63	1635	0.0
63	1636	0.0
63	1637	0.0
63	1638	-0.0
63	1639	0.0
63	1640	0.0
63	1641	0.0
63	1642	-0.0
63	1643	0.0
63	1644	0.0
63	1645	0.0
63	1646	0.0
63	1647	0.0
63	1648	-0.0
63	1649	-0.0
63	1650	-0.0
63	1651	0.0
63	1652	0.0
63	1653	0.0
63	1654	0.0
63	1655	-0.0
63	1656	0.0
63	1657	0.0
63	1658	0.0
63	1659	0.0
63	1660	0.0
63	1661	0.0
63	1662	0.0
63	1663	0.0
63	1664	0.0
63	1665	0.0
63	1666	0.0
63	1667	0.0
63	1668	0.0
63	1669	0.0
63	1670	0.0
63	1671	0.0
63	1672	0.0
63	1673	0.0
63	1674	0.0
63	1675	0.0
63	1676	0.0
63	1677	0.0
63	1678	0.0
63	1679	0.0
63	1680	0.0
63	1681	0.0
63	1682	0.0
