user	item	predicted_rating	rating
22	1	4.4
22	2	3.4	2
22	3	3.3
22	4	3.7	5
22	5	2.9
22	6	3.5
22	7	4.3
22	8	3.5
22	9	4.6
22	10	3.5
22	11	4.3
22	12	4.5
22	13	4.4
22	14	4.3
22	15	3.0
22	16	3.3
22	17	3.4	4
22	18	4.8
22	19	3.6
22	20	3.9
22	21	2.6	4
22	22	4.4
22	23	4.8
22	24	3.5	5
22	25	3.1
22	26	3.2
22	27	2.8
22	28	4.1
22	29	2.6	1
22	30	4.7
22	31	3.4
22	32	3.4
22	33	3.1
22	34	3.4
22	35	3.2
22	36	1.9
22	37	2.3
22	38	3.3
22	39	2.4
22	40	3.6
22	41	2.5
22	42	2.4
22	43	2.6
22	44	2.8
22	45	3.5
22	46	2.8
22	47	3.6
22	48	4.5
22	49	3.1
22	50	4.6	5
22	51	3.4
22	52	4.1
22	53	3.2	3
22	54	3.5
22	55	3.5
22	56	4.6
22	57	3.9
22	58	3.5
22	59	3.3
22	60	3.0
22	61	2.3
22	62	3.3	4
22	63	3.5
22	64	4.7
22	65	3.3
22	66	4.3
22	67	2.7
22	68	3.6	4
22	69	4.3
22	70	3.8
22	71	4.3
22	72	3.6
22	73	3.5
22	74	2.0
22	75	3.4
22	76	4.0
22	77	3.5
22	78	2.3
22	79	3.9	4
22	80	2.9	4
22	81	3.1
22	82	4.3
22	83	4.4
22	84	3.4
22	85	2.6	5
22	86	3.4
22	87	4.2
22	88	3.6
22	89	4.3	5
22	90	3.3
22	91	3.1
22	92	3.8
22	93	3.7
22	94	2.2	3
22	95	4.1
22	96	3.4	5
22	97	3.6
22	98	4.2
22	99	3.9
22	100	4.8
22	101	4.1
22	102	3.6
22	103	1.9
22	104	3.9
22	105	2.1	1
22	106	3.1
22	107	3.9
22	108	3.6
22	109	3.1	4
22	110	2.1	1
22	111	3.7
22	112	2.6
22	113	5.2
22	114	4.2
22	115	5.7
22	116	3.6
22	117	3.5	4
22	118	2.8	4
22	119	3.7
22	120	2.2
22	121	3.5	3
22	122	2.3
22	123	3.5
22	124	3.6
22	125	2.6
22	126	4.3
22	127	4.7	5
22	128	3.2	5
22	129	4.2
22	130	3.1
22	131	4.7
22	132	4.1
22	133	3.3
22	134	4.9
22	135	4.8
22	136	4.1
22	137	4.0
22	138	2.0
22	139	2.2
22	140	2.8
22	141	3.4
22	142	3.5
22	143	3.7
22	144	4.2	5
22	145	2.9
22	146	4.0
22	147	4.0
22	148	2.5
22	149	2.4
22	150	4.1
22	151	3.8
22	152	3.5
22	153	4.6	5
22	154	3.7	4
22	155	2.5
22	156	3.7
22	157	3.6
22	158	2.8
22	159	3.2
22	160	3.0
22	161	3.1	4
22	162	3.6
22	163	4.1	1
22	164	4.4
22	165	4.3
22	166	4.4
22	167	2.6	3
22	168	4.8	5
22	169	4.2
22	170	4.3
22	171	3.7
22	172	4.4	4
22	173	4.2	5
22	174	4.6	5
22	175	4.2	4
22	176	4.2	5
22	177	4.2
22	178	4.7
22	179	3.7
22	180	3.8
22	181	4.1	5
22	182	4.4
22	183	4.9
22	184	4.2	5
22	185	4.2
22	186	4.0	5
22	187	4.4	5
22	188	3.8
22	189	3.7
22	190	3.9
22	191	3.7
22	192	4.6
22	193	4.4
22	194	4.3	5
22	195	4.1	4
22	196	4.2
22	197	4.1
22	198	4.4
22	199	4.5
22	200	4.2
22	201	3.3	4
22	202	3.9	5
22	203	4.5
22	204	3.9	5
22	205	4.2
22	206	3.2
22	207	3.3
22	208	4.5	5
22	209	4.2	4
22	210	4.0	3
22	211	3.8	3
22	212	2.7
22	213	3.9
22	214	4.4
22	215	3.2
22	216	4.3	4
22	217	3.0
22	218	3.8
22	219	3.6
22	220	2.7
22	221	2.5
22	222	3.7	4
22	223	4.3
22	224	3.8
22	225	2.2
22	226	3.3	4
22	227	2.9	4
22	228	4.1	4
22	229	3.0	2
22	230	4.1	4
22	231	2.9	2
22	232	3.5
22	233	2.8	3
22	234	3.5
22	235	3.7
22	236	2.4
22	237	3.3
22	238	4.4	5
22	239	3.7
22	240	3.0
22	241	3.6	3
22	242	3.8
22	243	2.3
22	244	3.7
22	245	2.5
22	246	3.6
22	247	5.1
22	248	3.7
22	249	4.0
22	250	2.9	5
22	251	4.3
22	252	2.5
22	253	3.2
22	254	1.8
22	255	3.1
22	256	2.4
22	257	3.4
22	258	4.4	5
22	259	2.1
22	260	2.8
22	261	1.3
22	262	3.7
22	263	0.6
22	264	3.1
22	265	4.0	3
22	266	0.9
22	267	2.8
22	268	3.4
22	269	3.6
22	270	2.8
22	271	3.9
22	272	5.4
22	273	3.9
22	274	2.8
22	275	3.7
22	276	4.2
22	277	3.4
22	278	2.5
22	279	3.6
22	280	2.6
22	281	3.4
22	282	3.6
22	283	3.2
22	284	2.9
22	285	4.2
22	286	2.9
22	287	2.6
22	288	4.2
22	289	2.6
22	290	3.4	5
22	291	3.0
22	292	3.6
22	293	3.8
22	294	2.7	1
22	295	3.6
22	296	3.2
22	297	4.5
22	298	4.3
22	299	3.1
22	300	3.9
22	301	3.1
22	302	4.3
22	303	4.1
22	304	3.5
22	305	3.3
22	306	3.7
22	307	3.4
22	308	2.0
22	309	4.3
22	310	4.0
22	311	3.3
22	312	2.8
22	313	4.8
22	314	1.1
22	315	4.3
22	316	4.4
22	317	4.1
22	318	4.5
22	319	4.5
22	320	2.3
22	321	2.4
22	322	2.9
22	323	2.3
22	324	2.7
22	325	2.9
22	326	2.8
22	327	3.2
22	328	3.3
22	329	2.4
22	330	3.4
22	331	2.9
22	332	3.0
22	333	4.0
22	334	3.5
22	335	1.9
22	336	1.6
22	337	4.8
22	338	2.6
22	339	4.1
22	340	4.7
22	341	0.4
22	342	1.7
22	343	3.4
22	344	3.0
22	345	5.3
22	346	2.9
22	347	5.2
22	348	4.6
22	349	4.1
22	350	3.8
22	351	2.9
22	352	1.2
22	353	3.2
22	354	4.0
22	355	3.6
22	356	3.5
22	357	4.9
22	358	2.2	5
22	359	3.4
22	360	2.9
22	361	1.8
22	362	2.8
22	363	3.0
22	364	3.1
22	365	2.7
22	366	2.8
22	367	3.6	1
22	368	0.6
22	369	1.2
22	370	2.8
22	371	2.4
22	372	2.7
22	373	2.7
22	374	4.7
22	375	-0.0
22	376	4.7	3
22	377	1.9	1
22	378	3.0
22	379	3.5
22	380	3.9
22	381	2.5
22	382	3.5
22	383	2.1
22	384	2.4	3
22	385	3.7	4
22	386	2.9	3
22	387	2.4
22	388	3.7
22	389	4.4
22	390	2.7
22	391	2.7
22	392	4.9
22	393	3.4	4
22	394	3.3
22	395	2.9
22	396	2.8
22	397	3.0
22	398	0.5
22	399	3.2	4
22	400	2.3
22	401	1.7
22	402	3.2
22	403	3.6	5
22	404	3.6
22	405	3.8	1
22	406	1.7
22	407	2.8	3
22	408	4.1
22	409	2.6
22	410	2.9
22	411	2.4	1
22	412	2.2
22	413	2.9
22	414	3.2
22	415	3.0
22	416	4.6
22	417	2.6
22	418	3.4
22	419	3.9
22	420	3.9
22	421	3.2
22	422	2.1
22	423	4.5
22	424	1.9
22	425	3.4
22	426	2.4
22	427	4.3
22	428	3.6
22	429	4.7
22	430	4.6	4
22	431	3.7	4
22	432	4.4
22	433	3.6	3
22	434	3.6
22	435	4.4	5
22	436	3.4
22	437	1.5
22	438	0.6
22	439	1.6
22	440	-0.6
22	441	2.2
22	442	1.7
22	443	4.3
22	444	3.0
22	445	3.6
22	446	2.2
22	447	4.4
22	448	4.0
22	449	3.8	1
22	450	2.3
22	451	2.8	4
22	452	2.9
22	453	2.8
22	454	3.2
22	455	3.3	5
22	456	2.4	1
22	457	0.7
22	458	3.3
22	459	3.2
22	460	4.2
22	461	4.1
22	462	3.8
22	463	3.3
22	464	2.1
22	465	3.2
22	466	3.7
22	467	4.5
22	468	3.8
22	469	3.7
22	470	4.0
22	471	3.9
22	472	3.3
22	473	2.6
22	474	3.9
22	475	3.9
22	476	2.0
22	477	3.5
22	478	3.7
22	479	4.3
22	480	4.4
22	481	4.4
22	482	4.6
22	483	4.8
22	484	4.3
22	485	3.9
22	486	3.0
22	487	4.3
22	488	4.6
22	489	5.2
22	490	4.7
22	491	5.0
22	492	4.2
22	493	4.5
22	494	3.9
22	495	3.3
22	496	4.2
22	497	5.0
22	498	4.0
22	499	3.7
22	500	4.0
22	501	3.7
22	502	4.4	4
22	503	4.5
22	504	4.2
22	505	4.2
22	506	3.2
22	507	3.8
22	508	4.1
22	509	3.9
22	510	4.1	5
22	511	4.9	4
22	512	3.4
22	513	4.5
22	514	3.5
22	515	4.8	5
22	516	3.9
22	517	3.2
22	518	4.0
22	519	4.0
22	520	4.3
22	521	4.2
22	522	3.8
22	523	4.5	5
22	524	4.4
22	525	4.3
22	526	3.9	4
22	527	3.8
22	528	3.7
22	529	4.6
22	530	5.4
22	531	4.2
22	532	3.5
22	533	2.9
22	534	5.3
22	535	2.9
22	536	1.5
22	537	3.4
22	538	4.3
22	539	3.8
22	540	2.6
22	541	4.0
22	542	1.4
22	543	3.5
22	544	3.5
22	545	2.2
22	546	3.1	3
22	547	4.1
22	548	3.5
22	549	3.1
22	550	3.6	5
22	551	2.8
22	552	3.1
22	553	3.2
22	554	3.8	1
22	555	2.5
22	556	2.8
22	557	3.1
22	558	3.7
22	559	2.8
22	560	3.0
22	561	1.8
22	562	2.8
22	563	3.6
22	564	2.8
22	565	2.6
22	566	3.5	3
22	567	3.6
22	568	3.8	4
22	569	2.9
22	570	2.3
22	571	3.6
22	572	2.8
22	573	1.9
22	574	1.9
22	575	2.2
22	576	3.0
22	577	2.9
22	578	2.9
22	579	3.4
22	580	5.0
22	581	2.9
22	582	2.7
22	583	3.2
22	584	4.4
22	585	3.2
22	586	3.0
22	587	3.3
22	588	4.3
22	589	3.6
22	590	2.5
22	591	3.4
22	592	4.2
22	593	5.0
22	594	4.5
22	595	3.2
22	596	3.2
22	597	3.0
22	598	1.2
22	599	-0.4
22	600	4.2
22	601	5.4
22	602	4.0
22	603	4.7
22	604	4.6
22	605	3.1
22	606	4.2
22	607	4.7
22	608	5.0
22	609	3.8
22	610	4.3
22	611	4.7
22	612	3.7
22	613	4.9
22	614	4.4
22	615	5.1
22	616	3.7
22	617	3.4
22	618	3.5
22	619	2.1
22	620	2.1
22	621	5.2
22	622	3.1
22	623	1.6
22	624	4.6
22	625	3.7
22	626	2.6
22	627	3.5
22	628	3.0
22	629	3.3
22	630	3.3
22	631	3.0
22	632	3.6
22	633	4.2
22	634	5.2
22	635	2.3
22	636	3.1	3
22	637	3.1
22	638	3.6
22	639	3.4
22	640	4.3
22	641	4.1
22	642	3.7
22	643	3.5
22	644	4.1
22	645	3.0
22	646	3.0
22	647	3.4
22	648	4.9	4
22	649	3.1
22	650	3.4
22	651	4.3	4
22	652	3.8
22	653	3.7
22	654	3.8
22	655	4.3
22	656	3.8
22	657	3.8
22	658	2.8
22	659	4.4
22	660	4.0
22	661	4.1
22	662	4.4
22	663	4.0
22	664	2.8
22	665	3.0	1
22	666	1.4
22	667	1.9
22	668	-0.9
22	669	2.0
22	670	3.2
22	671	3.7
22	672	2.3
22	673	4.4
22	674	2.5
22	675	3.6
22	676	2.7
22	677	2.5
22	678	1.9
22	679	3.1
22	680	0.5
22	681	1.7
22	682	2.7
22	683	3.0	1
22	684	3.5	3
22	685	3.4
22	686	3.9
22	687	2.1	1
22	688	0.6	1
22	689	4.0
22	690	2.0
22	691	3.7
22	692	3.7	4
22	693	4.5
22	694	4.4
22	695	1.1
22	696	2.5
22	697	4.3
22	698	1.9
22	699	3.6
22	700	2.2
22	701	2.1
22	702	2.6
22	703	3.2
22	704	2.8
22	705	4.3
22	706	1.5
22	707	3.5
22	708	3.3
22	709	3.8
22	710	3.5
22	711	3.5
22	712	2.8	4
22	713	3.7
22	714	3.5
22	715	3.1
22	716	3.0
22	717	2.1
22	718	5.2
22	719	3.0
22	720	2.2
22	721	2.4
22	722	3.1
22	723	4.5
22	724	4.1
22	725	2.9
22	726	1.0
22	727	2.5
22	728	3.2
22	729	4.1
22	730	3.7
22	731	2.8	3
22	732	3.8	4
22	733	3.8
22	734	3.1
22	735	3.9
22	736	4.2
22	737	3.0
22	738	2.7
22	739	3.2
22	740	3.0
22	741	4.6
22	742	3.5
22	743	2.1
22	744	3.5
22	745	4.5
22	746	4.0
22	747	4.0
22	748	2.8
22	749	4.1
22	750	3.7
22	751	2.7
22	752	4.0
22	753	4.4
22	754	2.5
22	755	3.8
22	756	2.4
22	757	3.4
22	758	1.2
22	759	1.5
22	760	2.1
22	761	1.8
22	762	3.1
22	763	3.3
22	764	2.5
22	765	1.7
22	766	5.3
22	767	0.6
22	768	2.9
22	769	2.3
22	770	3.4
22	771	2.0
22	772	4.1
22	773	3.6
22	774	1.8
22	775	2.4
22	776	1.9
22	777	1.7
22	778	2.9
22	779	1.5
22	780	4.1	1
22	781	3.0
22	782	1.5
22	783	2.5
22	784	1.5
22	785	4.1
22	786	1.2
22	787	3.7
22	788	2.0
22	789	3.3
22	790	2.4
22	791	2.8	1
22	792	4.1	4
22	793	3.0
22	794	4.2
22	795	1.3
22	796	3.8
22	797	3.8
22	798	2.5
22	799	1.2
22	800	2.6
22	801	2.5
22	802	1.9
22	803	2.5
22	804	0.3
22	805	4.1
22	806	3.5
22	807	2.7
22	808	2.8
22	809	2.8
22	810	3.2
22	811	3.3
22	812	1.6
22	813	3.4
22	814	5.8
22	815	2.2
22	816	1.7
22	817	2.9
22	818	2.9
22	819	3.0
22	820	2.3
22	821	2.6
22	822	4.5
22	823	3.0
22	824	2.3
22	825	2.9
22	826	3.1
22	827	2.3
22	828	1.8
22	829	2.3
22	830	1.7
22	831	2.0
22	832	1.9
22	833	3.2
22	834	1.0
22	835	2.7
22	836	4.7
22	837	4.7
22	838	-0.5
22	839	-0.7
22	840	2.5	4
22	841	2.4
22	842	4.2
22	843	2.3
22	844	4.3
22	845	3.1
22	846	1.6
22	847	3.4
22	848	4.4
22	849	2.9
22	850	3.5
22	851	4.3
22	852	1.6
22	853	6.5
22	854	6.3
22	855	3.8
22	856	2.6
22	857	4.1
22	858	0.8
22	859	1.9
22	860	3.1
22	861	2.0
22	862	0.6	1
22	863	2.8
22	864	2.8
22	865	2.6
22	866	3.2
22	867	1.4
22	868	4.1
22	869	3.1
22	870	3.5
22	871	2.6	3
22	872	4.1
22	873	2.2
22	874	1.9
22	875	3.9
22	876	1.7
22	877	1.9
22	878	2.7	1
22	879	2.5
22	880	3.7
22	881	2.3
22	882	2.6
22	883	3.9
22	884	6.0
22	885	2.9
22	886	2.6
22	887	3.7
22	888	1.7
22	889	1.8
22	890	2.4
22	891	1.8
22	892	1.9
22	893	1.8
22	894	2.1
22	895	4.2
22	896	4.6
22	897	1.6
22	898	1.5
22	899	4.6
22	900	3.5
22	901	1.7
22	902	2.1
22	903	2.7
22	904	2.1
22	905	2.4
22	906	3.2
22	907	1.9
22	908	2.4
22	909	3.2
22	910	1.1
22	911	4.3
22	912	3.5
22	913	-1.7
22	914	2.8
22	915	3.9
22	916	2.4
22	917	1.5
22	918	4.2
22	919	4.5
22	920	3.0
22	921	3.1
22	922	4.1
22	923	4.1
22	924	2.6
22	925	2.8
22	926	3.1	1
22	927	3.8
22	928	3.7
22	929	3.3
22	930	2.4
22	931	2.0
22	932	2.8	1
22	933	3.7
22	934	2.2
22	935	2.8
22	936	4.2
22	937	1.7
22	938	2.0
22	939	3.7
22	940	1.4
22	941	1.6
22	942	3.9
22	943	3.2
22	944	4.0
22	945	4.3
22	946	3.5
22	947	2.6
22	948	1.6	1
22	949	3.2
22	950	4.3
22	951	1.9
22	952	4.1
22	953	3.3
22	954	5.1
22	955	2.0
22	956	3.6
22	957	3.5
22	958	2.4
22	959	2.9
22	960	2.1
22	961	5.5
22	962	3.2
22	963	4.0
22	964	3.8
22	965	3.3
22	966	4.1
22	967	1.5
22	968	5.3
22	969	3.7
22	970	3.7
22	971	3.4
22	972	2.4
22	973	2.8
22	974	1.7
22	975	1.5
22	976	1.4
22	977	2.0
22	978	3.1
22	979	2.8
22	980	3.7
22	981	1.1
22	982	1.0
22	983	1.0
22	984	2.2
22	985	3.5
22	986	1.3
22	987	2.2
22	988	2.6	1
22	989	1.7
22	990	1.5
22	991	0.9
22	992	1.3
22	993	3.5
22	994	2.9
22	995	2.7
22	996	3.2	1
22	997	2.0	1
22	998	2.7	1
22	999	1.6	4
22	1000	3.7	3
22	1001	1.0	1
22	1002	2.5	1
22	1003	2.3	1
22	1004	2.9
22	1005	3.2
22	1006	3.3
22	1007	4.5
22	1008	5.2
22	1009	3.0
22	1010	5.0
22	1011	3.6
22	1012	4.0
22	1013	2.1
22	1014	3.8
22	1015	4.4
22	1016	3.6
22	1017	3.7
22	1018	4.3
22	1019	3.3
22	1020	4.4
22	1021	3.6
22	1022	4.3
22	1023	1.8
22	1024	1.9
22	1025	1.7
22	1026	3.6
22	1027	2.7
22	1028	3.6
22	1029	0.3
22	1030	3.9
22	1031	3.7
22	1032	3.5
22	1033	2.0
22	1034	1.5
22	1035	2.4
22	1036	3.5
22	1037	2.1
22	1038	3.8
22	1039	4.2
22	1040	3.1
22	1041	3.4
22	1042	3.4
22	1043	2.7
22	1044	1.7
22	1045	2.7
22	1046	3.0
22	1047	2.3
22	1048	3.8
22	1049	2.8
22	1050	4.1
22	1051	2.9
22	1052	1.6
22	1053	4.2
22	1054	3.6
22	1055	5.0
22	1056	5.2
22	1057	1.6
22	1058	3.2
22	1059	3.0
22	1060	3.5
22	1061	2.6
22	1062	3.2
22	1063	5.2
22	1064	5.5
22	1065	3.2
22	1066	3.1
22	1067	4.0
22	1068	1.9
22	1069	3.6
22	1070	4.4
22	1071	3.3
22	1072	3.8
22	1073	3.8
22	1074	2.5
22	1075	3.6
22	1076	1.7
22	1077	1.9
22	1078	2.8
22	1079	3.1
22	1080	3.5
22	1081	2.5
22	1082	2.3
22	1083	0.7
22	1084	4.0
22	1085	4.3
22	1086	4.4
22	1087	2.6
22	1088	3.3
22	1089	2.5
22	1090	2.3
22	1091	3.4
22	1092	2.1
22	1093	2.8
22	1094	1.8
22	1095	2.1
22	1096	3.2
22	1097	4.0
22	1098	3.9
22	1099	1.4
22	1100	4.5
22	1101	3.0
22	1102	3.4
22	1103	3.7
22	1104	1.0
22	1105	2.3
22	1106	3.0
22	1107	2.5
22	1108	4.6
22	1109	2.2
22	1110	1.5
22	1111	3.1
22	1112	3.0
22	1113	3.8
22	1114	4.4
22	1115	3.4
22	1116	2.8
22	1117	4.9
22	1118	2.6
22	1119	3.7
22	1120	1.9
22	1121	3.9
22	1122	5.0
22	1123	4.2
22	1124	4.6
22	1125	5.2
22	1126	3.8
22	1127	3.5
22	1128	1.3
22	1129	3.5
22	1130	5.0
22	1131	2.4
22	1132	3.4
22	1133	2.9
22	1134	3.7
22	1135	2.9
22	1136	3.1
22	1137	3.4
22	1138	3.5
22	1139	1.9
22	1140	1.6
22	1141	4.6
22	1142	5.7
22	1143	3.9
22	1144	3.6
22	1145	1.9
22	1146	1.8
22	1147	5.0
22	1148	3.5
22	1149	3.9
22	1150	2.9
22	1151	2.0
22	1152	2.4
22	1153	3.8
22	1154	4.9
22	1155	0.9
22	1156	1.5
22	1157	3.2
22	1158	5.0
22	1159	2.3
22	1160	3.5
22	1161	2.7
22	1162	0.0
22	1163	1.6
22	1164	2.0
22	1165	1.3
22	1166	3.5
22	1167	4.2
22	1168	2.3
22	1169	4.9
22	1170	1.4
22	1171	2.0
22	1172	3.2
22	1173	3.1
22	1174	3.8
22	1175	0.2
22	1176	3.9
22	1177	-0.6
22	1178	2.3
22	1179	1.6
22	1180	2.8
22	1181	1.0
22	1182	2.4
22	1183	3.3
22	1184	3.2
22	1185	4.6
22	1186	3.8
22	1187	2.5
22	1188	2.5
22	1189	5.2
22	1190	1.9
22	1191	2.8
22	1192	3.5
22	1193	3.0
22	1194	4.1
22	1195	5.0
22	1196	3.8
22	1197	3.4
22	1198	3.7
22	1199	4.8
22	1200	3.2
22	1201	5.0
22	1202	4.9
22	1203	4.6
22	1204	2.7
22	1205	0.4
22	1206	1.7
22	1207	3.7
22	1208	3.4
22	1209	1.8
22	1210	1.1
22	1211	1.3
22	1212	3.5
22	1213	3.3
22	1214	2.6
22	1215	2.6
22	1216	3.8
22	1217	4.8
22	1218	3.4
22	1219	2.1
22	1220	3.0
22	1221	4.0
22	1222	2.7
22	1223	3.5
22	1224	2.8
22	1225	2.6
22	1226	3.7
22	1227	2.5
22	1228	1.6
22	1229	3.1
22	1230	0.3
22	1231	3.7
22	1232	2.3
22	1233	4.7
22	1234	3.2
22	1235	4.2
22	1236	3.9
22	1237	1.9
22	1238	4.2
22	1239	2.5
22	1240	4.3
22	1241	0.9
22	1242	8.1
22	1243	3.6
22	1244	3.4
22	1245	4.3
22	1246	1.2
22	1247	1.3
22	1248	3.0
22	1249	2.9
22	1250	1.3
22	1251	2.7
22	1252	4.7
22	1253	1.2
22	1254	1.8
22	1255	1.6
22	1256	2.5
22	1257	2.7
22	1258	2.1
22	1259	3.9
22	1260	2.7
22	1261	2.7
22	1262	2.9
22	1263	5.2
22	1264	3.1
22	1265	2.4
22	1266	4.6
22	1267	2.7
22	1268	6.5
22	1269	2.1
22	1270	3.7
22	1271	2.6
22	1272	2.7
22	1273	2.1
22	1274	1.3
22	1275	3.9
22	1276	1.4
22	1277	2.8
22	1278	5.6
22	1279	2.6
22	1280	6.2
22	1281	3.5
22	1282	5.2
22	1283	1.7
22	1284	2.2
22	1285	3.1
22	1286	3.5
22	1287	0.8
22	1288	2.8
22	1289	3.6
22	1290	3.7
22	1291	3.0
22	1292	3.7
22	1293	3.1
22	1294	3.7
22	1295	3.1
22	1296	2.0
22	1297	3.2
22	1298	2.7
22	1299	3.4
22	1300	1.1
22	1301	1.7
22	1302	3.3
22	1303	2.9
22	1304	2.9
22	1305	-0.5
22	1306	3.9
22	1307	1.7
22	1308	1.4
22	1309	0.6
22	1310	4.3
22	1311	0.0
22	1312	3.7
22	1313	3.6
22	1314	1.2
22	1315	3.4
22	1316	2.6
22	1317	2.3
22	1318	1.3
22	1319	-0.9
22	1320	0.3
22	1321	4.6
22	1322	2.9
22	1323	4.8
22	1324	3.4
22	1325	2.4
22	1326	4.8
22	1327	2.5
22	1328	3.8
22	1329	1.7
22	1330	4.3
22	1331	5.1
22	1332	2.6
22	1333	5.1
22	1334	2.3
22	1335	3.6
22	1336	2.0
22	1337	2.7
22	1338	1.8
22	1339	2.5
22	1340	0.8
22	1341	0.3
22	1342	4.8
22	1343	1.0
22	1344	6.8
22	1345	3.2
22	1346	1.4
22	1347	2.5
22	1348	1.7
22	1349	1.7
22	1350	2.0
22	1351	2.9
22	1352	2.7
22	1353	3.5
22	1354	1.9
22	1355	4.0
22	1356	3.7
22	1357	5.0
22	1358	5.0
22	1359	2.2
22	1360	1.9
22	1361	4.6
22	1362	5.1
22	1363	1.0
22	1364	1.0
22	1365	2.2
22	1366	2.5
22	1367	4.5
22	1368	3.6
22	1369	4.3
22	1370	4.2
22	1371	1.8
22	1372	6.0
22	1373	1.0
22	1374	0.9
22	1375	4.8
22	1376	1.8
22	1377	4.4
22	1378	3.1
22	1379	2.6
22	1380	2.9
22	1381	3.7
22	1382	3.5
22	1383	3.4
22	1384	2.8
22	1385	4.0
22	1386	2.1
22	1387	2.9
22	1388	2.8
22	1389	2.2
22	1390	3.5
22	1391	4.2
22	1392	3.7
22	1393	2.2
22	1394	3.8
22	1395	1.9
22	1396	4.4
22	1397	6.7
22	1398	4.4
22	1399	2.7
22	1400	5.0
22	1401	2.0
22	1402	4.3
22	1403	1.3
22	1404	2.9
22	1405	3.8
22	1406	2.3
22	1407	0.9
22	1408	1.2
22	1409	3.4
22	1410	3.2
22	1411	1.9
22	1412	1.7
22	1413	0.5
22	1414	1.8
22	1415	4.2
22	1416	1.6
22	1417	2.5
22	1418	4.1
22	1419	1.5
22	1420	-0.1
22	1421	1.2
22	1422	1.6
22	1423	3.3
22	1424	2.7
22	1425	1.0
22	1426	3.7
22	1427	0.1
22	1428	4.5
22	1429	1.1
22	1430	2.9
22	1431	3.4
22	1432	0.5
22	1433	2.1
22	1434	2.6
22	1435	2.3
22	1436	5.1
22	1437	1.4
22	1438	3.4
22	1439	2.6
22	1440	4.4
22	1441	1.7
22	1442	5.6
22	1443	0.5
22	1444	2.3
22	1445	3.3
22	1446	1.8
22	1447	3.7
22	1448	4.1
22	1449	5.0
22	1450	3.3
22	1451	4.0
22	1452	5.5
22	1453	2.5
22	1454	4.0
22	1455	2.4
22	1456	3.4
22	1457	3.7
22	1458	4.8
22	1459	3.1
22	1460	3.7
22	1461	1.6
22	1462	3.0
22	1463	5.2
22	1464	2.8
22	1465	3.2
22	1466	3.6
22	1467	5.3
22	1468	2.7
22	1469	2.9
22	1470	2.7
22	1471	1.6
22	1472	3.9
22	1473	6.6
22	1474	5.1
22	1475	1.2
22	1476	0.9
22	1477	2.7
22	1478	1.3
22	1479	-0.2
22	1480	1.0
22	1481	0.7
22	1482	3.6
22	1483	6.0
22	1484	3.3
22	1485	3.8
22	1486	1.1
22	1487	3.5
22	1488	0.7
22	1489	0.1
22	1490	2.2
22	1491	-1.3
22	1492	3.9
22	1493	2.2
22	1494	2.3
22	1495	2.6
22	1496	3.3
22	1497	4.9
22	1498	3.9
22	1499	4.0
22	1500	3.4
22	1501	4.6
22	1502	0.7
22	1503	2.9
22	1504	3.3
22	1505	3.6
22	1506	5.1
22	1507	4.0
22	1508	0.3
22	1509	0.5
22	1510	2.6
22	1511	2.0
22	1512	1.0
22	1513	2.7
22	1514	4.2
22	1515	3.8
22	1516	3.6
22	1517	-0.2
22	1518	2.6
22	1519	3.6
22	1520	3.4
22	1521	3.3
22	1522	3.7
22	1523	1.3
22	1524	5.0
22	1525	4.8
22	1526	3.8
22	1527	3.5
22	1528	2.5
22	1529	2.8
22	1530	0.5
22	1531	2.1
22	1532	1.7
22	1533	2.9
22	1534	4.0
22	1535	2.6
22	1536	6.1
22	1537	3.8
22	1538	3.1
22	1539	2.1
22	1540	0.6
22	1541	3.6
22	1542	3.5
22	1543	2.2
22	1544	3.7
22	1545	4.2
22	1546	1.7
22	1547	3.1
22	1548	0.7
22	1549	1.8
22	1550	5.1
22	1551	1.4
22	1552	0.9
22	1553	1.7
22	1554	5.1
22	1555	3.7
22	1556	1.5
22	1557	1.3
22	1558	2.5
22	1559	1.9
22	1560	0.5
22	1561	1.1
22	1562	2.4
22	1563	1.3
22	1564	1.1
22	1565	1.3
22	1566	1.7
22	1567	2.6
22	1568	1.1
22	1569	1.9
22	1570	1.7
22	1571	1.5
22	1572	1.3
22	1573	2.3
22	1574	1.3
22	1575	0.6
22	1576	1.5
22	1577	1.1
22	1578	1.2
22	1579	0.6
22	1580	2.6
22	1581	1.7
22	1582	2.0
22	1583	1.7
22	1584	0.7
22	1585	2.7
22	1586	1.0
22	1587	1.3
22	1588	2.3
22	1589	5.1
22	1590	3.4
22	1591	2.9
22	1592	2.0
22	1593	3.5
22	1594	4.1
22	1595	2.2
22	1596	1.5
22	1597	1.9
22	1598	1.7
22	1599	4.0
22	1600	2.4
22	1601	0.2
22	1602	3.2
22	1603	2.6
22	1604	3.1
22	1605	4.0
22	1606	1.5
22	1607	6.1
22	1608	2.9
22	1609	0.0
22	1610	1.3
22	1611	3.0
22	1612	4.2
22	1613	4.5
22	1614	4.2
22	1615	3.3
22	1616	4.0
22	1617	2.8
22	1618	0.5
22	1619	2.2
22	1620	1.2
22	1621	1.8
22	1622	3.5
22	1623	2.4
22	1624	2.1
22	1625	4.7
22	1626	1.2
22	1627	2.6
22	1628	4.8
22	1629	3.9
22	1630	3.3
22	1631	2.4
22	1632	3.8
22	1633	4.2
22	1634	2.0
22	1635	1.5
22	1636	4.8
22	1637	3.8
22	1638	2.7
22	1639	0.7
22	1640	1.8
22	1641	2.4
22	1642	3.5
22	1643	2.5
22	1644	3.0
22	1645	4.2
22	1646	3.1
22	1647	3.9
22	1648	1.7
22	1649	2.3
22	1650	4.0
22	1651	3.4
22	1652	-0.3
22	1653	3.3
22	1654	2.4
22	1655	0.6
22	1656	1.3
22	1657	3.1
22	1658	1.7
22	1659	0.4
22	1660	1.4
22	1661	1.5
22	1662	5.8
22	1663	2.2
22	1664	4.9
22	1665	2.5
22	1666	1.5
22	1667	3.7
22	1668	2.7
22	1669	3.2
22	1670	4.6
22	1671	0.8
22	1672	2.6
22	1673	3.0
22	1674	3.2
22	1675	3.5
22	1676	1.3
22	1677	3.6
22	1678	1.7
22	1679	1.8
22	1680	3.0
22	1681	2.1
22	1682	2.1
