user	item	predicted_rating	rating
56	1	4.1	4
56	2	3.7
56	3	3.4
56	4	3.4
56	5	3.8
56	6	4.2
56	7	3.9	5
56	8	4.1
56	9	3.7
56	10	4.0
56	11	3.8	4
56	12	4.6
56	13	2.9
56	14	4.0
56	15	4.1
56	16	3.5
56	17	3.4
56	18	2.3
56	19	4.3
56	20	3.8
56	21	2.3
56	22	4.6	5
56	23	4.4
56	24	3.8
56	25	3.5	4
56	26	3.7
56	27	3.6
56	28	4.1	5
56	29	3.0	3
56	30	3.8
56	31	4.1	4
56	32	3.9
56	33	3.8
56	34	2.9
56	35	2.4
56	36	2.1
56	37	2.4
56	38	3.4	2
56	39	3.3
56	40	2.8
56	41	3.2
56	42	3.9	4
56	43	2.9
56	44	3.4	4
56	45	3.8
56	46	3.4
56	47	4.3
56	48	4.0
56	49	3.1
56	50	4.7	5
56	51	3.8	3
56	52	3.8
56	53	2.5	3
56	54	3.4
56	55	3.9
56	56	4.2	5
56	57	4.0
56	58	3.6
56	59	4.3
56	60	4.1
56	61	3.7
56	62	3.6	5
56	63	3.3	3
56	64	4.5	5
56	65	3.5
56	66	3.8	3
56	67	3.1	2
56	68	3.6	3
56	69	4.0	4
56	70	3.9	4
56	71	4.1	4
56	72	3.4
56	73	3.7	4
56	74	1.9
56	75	3.1
56	76	4.0
56	77	4.0	3
56	78	2.8	3
56	79	4.2	4
56	80	2.9
56	81	3.6
56	82	4.1	4
56	83	4.4
56	84	2.5
56	85	2.9
56	86	3.8
56	87	4.2	4
56	88	3.7	1
56	89	4.0	4
56	90	3.1	2
56	91	3.8	4
56	92	3.4
56	93	3.5
56	94	3.4	4
56	95	4.1	4
56	96	4.5	5
56	97	4.1	3
56	98	4.6	4
56	99	4.1
56	100	4.4
56	101	3.6
56	102	2.7
56	103	2.4
56	104	1.8
56	105	2.7
56	106	3.1
56	107	3.5
56	108	3.2
56	109	3.5
56	110	2.7
56	111	3.9	2
56	112	2.1
56	113	4.2
56	114	4.6	4
56	115	3.5
56	116	3.4
56	117	4.1	5
56	118	3.6	4
56	119	5.4
56	120	2.2
56	121	4.0	5
56	122	2.6	2
56	123	3.4
56	124	4.1
56	125	3.9
56	126	3.6
56	127	4.5
56	128	3.8
56	129	3.6
56	130	2.9
56	131	4.2
56	132	4.4
56	133	4.5
56	134	4.5
56	135	4.2
56	136	4.4
56	137	3.5
56	138	2.4
56	139	3.4
56	140	3.4
56	141	3.8
56	142	3.2
56	143	3.7	3
56	144	4.0	5
56	145	3.1
56	146	3.2
56	147	3.8
56	148	3.8
56	149	3.6
56	150	3.4
56	151	3.4	4
56	152	3.5
56	153	4.1	4
56	154	3.8	2
56	155	3.4
56	156	4.1
56	157	4.1
56	158	2.8	3
56	159	3.9
56	160	3.5
56	161	3.9	4
56	162	3.9
56	163	4.1
56	164	4.1	4
56	165	4.4
56	166	4.2
56	167	3.3	3
56	168	4.4	2
56	169	4.4	4
56	170	4.0
56	171	3.9
56	172	4.4	5
56	173	4.4	4
56	174	4.7	5
56	175	4.0
56	176	3.9	5
56	177	4.1
56	178	4.7
56	179	4.0	3
56	180	4.3
56	181	4.3	5
56	182	4.1
56	183	4.3	5
56	184	3.6	4
56	185	4.7
56	186	4.1	3
56	187	4.4
56	188	3.9
56	189	4.3	4
56	190	4.6
56	191	4.4	4
56	192	4.9
56	193	4.0	5
56	194	4.2	5
56	195	4.2	5
56	196	4.4	2
56	197	4.7
56	198	3.9
56	199	4.3
56	200	3.8	4
56	201	3.7	4
56	202	3.9	4
56	203	4.0
56	204	4.2	5
56	205	4.4
56	206	2.9
56	207	3.9
56	208	4.3
56	209	3.8
56	210	4.2	5
56	211	4.5
56	212	3.3
56	213	4.0
56	214	3.3
56	215	3.7	5
56	216	4.1	4
56	217	3.6
56	218	4.0
56	219	3.5	5
56	220	3.0
56	221	3.9
56	222	3.9	5
56	223	4.5
56	224	3.8
56	225	3.1	2
56	226	3.5	4
56	227	3.7	3
56	228	4.0	3
56	229	3.5	3
56	230	3.8	5
56	231	2.8	3
56	232	3.6	4
56	233	3.6	1
56	234	3.9	4
56	235	2.9	1
56	236	3.8
56	237	3.9	5
56	238	4.3	5
56	239	3.9	4
56	240	2.9
56	241	3.8
56	242	4.2
56	243	2.5
56	244	2.9
56	245	3.5
56	246	3.8
56	247	0.6
56	248	3.4
56	249	3.1
56	250	3.5
56	251	4.0
56	252	3.0
56	253	3.5
56	254	2.7
56	255	3.5
56	256	4.1
56	257	4.0
56	258	3.8	4
56	259	3.1
56	260	3.3
56	261	3.0
56	262	3.5
56	263	1.6
56	264	2.5
56	265	4.3	4
56	266	2.5
56	267	2.6
56	268	3.6
56	269	4.2
56	270	3.8
56	271	3.4
56	272	4.6
56	273	4.0
56	274	3.6
56	275	4.0
56	276	3.7
56	277	3.8
56	278	3.0
56	279	3.4
56	280	3.2	4
56	281	3.4	2
56	282	3.9
56	283	3.9
56	284	3.1
56	285	4.2
56	286	3.9
56	287	3.9
56	288	3.8
56	289	2.7
56	290	3.1
56	291	3.8
56	292	3.9
56	293	4.0
56	294	3.3	4
56	295	3.6	3
56	296	3.7
56	297	4.0
56	298	3.8	4
56	299	3.1
56	300	3.8	4
56	301	3.4
56	302	4.4
56	303	3.4
56	304	4.1
56	305	3.4
56	306	4.1
56	307	3.5
56	308	2.8
56	309	3.0
56	310	3.8
56	311	3.9
56	312	3.7
56	313	4.7
56	314	1.2
56	315	4.0
56	316	4.4
56	317	3.9
56	318	4.8
56	319	3.0
56	320	5.8
56	321	3.1
56	322	3.4
56	323	3.3	3
56	324	3.0
56	325	3.1
56	326	3.4
56	327	3.4
56	328	3.6
56	329	3.8
56	330	2.9
56	331	3.6
56	332	3.8
56	333	3.9
56	334	3.4
56	335	1.9
56	336	2.2
56	337	3.0
56	338	3.2
56	339	3.1
56	340	3.3
56	341	3.3
56	342	3.1
56	343	3.3
56	344	4.0
56	345	2.9
56	346	3.6
56	347	3.7
56	348	3.8
56	349	3.4
56	350	3.7
56	351	2.8
56	352	3.0
56	353	1.5
56	354	3.9
56	355	2.8
56	356	3.7
56	357	4.7
56	358	2.8
56	359	3.8
56	360	3.6
56	361	3.6
56	362	3.2
56	363	3.2
56	364	2.8
56	365	2.9
56	366	3.7
56	367	3.7
56	368	1.6	3
56	369	2.4
56	370	3.4
56	371	3.6
56	372	3.6	3
56	373	3.0	4
56	374	2.1
56	375	1.6
56	376	3.0	3
56	377	2.5
56	378	4.5
56	379	3.5
56	380	3.6
56	381	3.3
56	382	3.9
56	383	2.5	2
56	384	3.2
56	385	4.2	4
56	386	3.0	3
56	387	3.3
56	388	3.0
56	389	3.7
56	390	3.6
56	391	3.0	3
56	392	3.6	4
56	393	3.5	4
56	394	3.7
56	395	2.6	3
56	396	2.7
56	397	3.8
56	398	2.6
56	399	3.5	4
56	400	2.4
56	401	2.9
56	402	3.7	5
56	403	3.7	4
56	404	3.9
56	405	3.5	4
56	406	2.8
56	407	2.1
56	408	4.8	4
56	409	3.0
56	410	3.3	4
56	411	3.0
56	412	2.6
56	413	3.1
56	414	3.6
56	415	3.1
56	416	3.4
56	417	3.7
56	418	4.1
56	419	4.0
56	420	4.0
56	421	3.8	4
56	422	2.8
56	423	4.1	5
56	424	1.6
56	425	4.0
56	426	3.2	4
56	427	4.6
56	428	3.6
56	429	4.5
56	430	4.5
56	431	3.9
56	432	3.5	5
56	433	3.6	4
56	434	4.3
56	435	4.2	3
56	436	3.9
56	437	1.7
56	438	1.8
56	439	0.8
56	440	2.4
56	441	3.0	4
56	442	0.9
56	443	4.0	4
56	444	3.5
56	445	4.5
56	446	3.2
56	447	3.7	4
56	448	4.3
56	449	3.4	5
56	450	2.4	3
56	451	3.7	3
56	452	3.1
56	453	2.9
56	454	3.6
56	455	3.1
56	456	2.6
56	457	2.1
56	458	3.3
56	459	4.3
56	460	3.1
56	461	3.6
56	462	3.8
56	463	3.3
56	464	3.5
56	465	3.5
56	466	3.7
56	467	3.9
56	468	3.6
56	469	3.7
56	470	4.0
56	471	3.9
56	472	3.7
56	473	3.1	2
56	474	4.7
56	475	3.5
56	476	3.0
56	477	2.9
56	478	4.3
56	479	4.5
56	480	4.7
56	481	4.5
56	482	4.4
56	483	4.5	4
56	484	4.5
56	485	4.4
56	486	3.8
56	487	4.3
56	488	4.5
56	489	4.3
56	490	4.3
56	491	3.9
56	492	4.2
56	493	4.5
56	494	4.1
56	495	3.8
56	496	4.7
56	497	4.5
56	498	4.5
56	499	3.8
56	500	4.4
56	501	4.0	3
56	502	3.5
56	503	3.9
56	504	4.1
56	505	4.6
56	506	4.2
56	507	4.1
56	508	3.5
56	509	3.8
56	510	4.1
56	511	4.4
56	512	3.7
56	513	4.2
56	514	4.1
56	515	4.8
56	516	3.4
56	517	4.0
56	518	3.4
56	519	4.3
56	520	4.7
56	521	4.2
56	522	3.4
56	523	4.1	4
56	524	4.1
56	525	4.2
56	526	4.6
56	527	4.2
56	528	4.4
56	529	3.9
56	530	4.1
56	531	4.1
56	532	2.9
56	533	3.5
56	534	3.3
56	535	3.4
56	536	3.5
56	537	3.4
56	538	3.8
56	539	3.1
56	540	2.5
56	541	3.3
56	542	2.6
56	543	3.8
56	544	3.0
56	545	2.0
56	546	3.3	3
56	547	3.6
56	548	2.0
56	549	3.5
56	550	3.6	4
56	551	3.0
56	552	3.4
56	553	3.4
56	554	3.0	4
56	555	1.8
56	556	2.9
56	557	3.5
56	558	3.6
56	559	3.6	4
56	560	2.6
56	561	3.6
56	562	3.6
56	563	2.7
56	564	1.7
56	565	2.9
56	566	3.9
56	567	3.8
56	568	4.1	4
56	569	3.2
56	570	3.0
56	571	4.0
56	572	3.3
56	573	3.9
56	574	2.4
56	575	2.7	3
56	576	3.4
56	577	2.9
56	578	3.6	3
56	579	3.0
56	580	3.2
56	581	3.6
56	582	3.5
56	583	3.0
56	584	3.7
56	585	2.9	3
56	586	3.3
56	587	3.5
56	588	3.9	4
56	589	4.3
56	590	2.3
56	591	3.9
56	592	3.0
56	593	4.1
56	594	2.8
56	595	3.1
56	596	3.3	4
56	597	3.2	3
56	598	2.8
56	599	1.0
56	600	1.6
56	601	4.1
56	602	4.1
56	603	4.9
56	604	4.3
56	605	3.9
56	606	4.1
56	607	4.6
56	608	4.4
56	609	3.7
56	610	3.6
56	611	4.3
56	612	4.5
56	613	4.6
56	614	4.0
56	615	4.2
56	616	4.1
56	617	4.2
56	618	3.4
56	619	3.6
56	620	3.1
56	621	3.0
56	622	3.2
56	623	3.3	3
56	624	4.0
56	625	3.7
56	626	3.2
56	627	3.5
56	628	3.5
56	629	3.9
56	630	3.8
56	631	3.8
56	632	4.1
56	633	4.1
56	634	4.6
56	635	3.5
56	636	3.6	4
56	637	3.4
56	638	3.8
56	639	3.6
56	640	3.2
56	641	4.5
56	642	3.2
56	643	4.1
56	644	4.0
56	645	3.7
56	646	3.8
56	647	4.0
56	648	4.3
56	649	3.3
56	650	3.6
56	651	4.5
56	652	3.6
56	653	3.7
56	654	4.0
56	655	4.1	4
56	656	4.0
56	657	4.4
56	658	4.2
56	659	4.5
56	660	3.7
56	661	4.6
56	662	3.3
56	663	4.1
56	664	3.7
56	665	3.3
56	666	2.3
56	667	2.6
56	668	3.6
56	669	2.4
56	670	3.0
56	671	3.7
56	672	3.5
56	673	4.1
56	674	3.6
56	675	3.3
56	676	3.5
56	677	2.9
56	678	2.8	4
56	679	3.0
56	680	2.4
56	681	2.0
56	682	3.6
56	683	2.9
56	684	4.2
56	685	3.5
56	686	3.5
56	687	2.6
56	688	2.5
56	689	3.7
56	690	3.4
56	691	4.0
56	692	3.9	4
56	693	3.9
56	694	3.7
56	695	3.7
56	696	3.1
56	697	3.6
56	698	3.5
56	699	3.6
56	700	3.1
56	701	4.5
56	702	3.1
56	703	3.6
56	704	3.1
56	705	4.0
56	706	3.6
56	707	3.7
56	708	3.3
56	709	4.0
56	710	4.0
56	711	4.1
56	712	3.3
56	713	4.0
56	714	3.2
56	715	3.3	1
56	716	3.1
56	717	3.1
56	718	3.9
56	719	3.0
56	720	3.4	3
56	721	3.7
56	722	2.7
56	723	3.1
56	724	3.6
56	725	2.7
56	726	2.5
56	727	3.7
56	728	3.1	3
56	729	4.0
56	730	3.5
56	731	3.5
56	732	3.8	4
56	733	3.4
56	734	3.3
56	735	3.9	2
56	736	4.4
56	737	2.8
56	738	3.0	3
56	739	3.5
56	740	3.1
56	741	3.6
56	742	3.7
56	743	1.6
56	744	3.5
56	745	3.3
56	746	4.1	4
56	747	3.7	4
56	748	3.2	4
56	749	3.4
56	750	3.6
56	751	3.5
56	752	3.5
56	753	3.0
56	754	3.7
56	755	3.6	3
56	756	2.7
56	757	3.1
56	758	1.9
56	759	2.6
56	760	2.7
56	761	3.1	3
56	762	3.7
56	763	4.0
56	764	3.0
56	765	2.6
56	766	3.6
56	767	2.5
56	768	3.5
56	769	2.9	4
56	770	3.3
56	771	2.5
56	772	2.9
56	773	3.0
56	774	3.6
56	775	2.3
56	776	2.7
56	777	1.4
56	778	3.5	4
56	779	2.9
56	780	3.9
56	781	3.6	4
56	782	2.9
56	783	2.8
56	784	1.9
56	785	3.0
56	786	3.2
56	787	4.1
56	788	-0.3
56	789	3.5
56	790	3.4
56	791	2.7
56	792	3.8
56	793	3.0
56	794	3.8	3
56	795	2.4
56	796	3.2
56	797	3.4	4
56	798	2.6
56	799	2.6
56	800	3.5
56	801	2.9
56	802	3.0
56	803	2.3
56	804	3.3
56	805	3.1
56	806	3.4
56	807	3.1
56	808	3.5
56	809	2.9
56	810	2.9
56	811	3.5
56	812	3.2
56	813	3.9
56	814	4.0
56	815	3.5	4
56	816	3.1
56	817	4.5
56	818	2.9
56	819	2.7
56	820	2.9	3
56	821	3.6
56	822	3.5
56	823	3.1
56	824	3.3
56	825	3.9
56	826	2.8
56	827	2.8
56	828	3.5
56	829	2.7
56	830	0.5
56	831	2.7
56	832	2.6
56	833	3.9
56	834	2.2
56	835	3.6
56	836	4.2
56	837	4.3
56	838	4.3
56	839	4.6
56	840	3.3
56	841	3.0
56	842	4.3
56	843	3.2
56	844	3.6
56	845	3.3
56	846	2.9
56	847	3.8
56	848	3.3
56	849	3.3	2
56	850	5.4
56	851	3.5
56	852	2.2
56	853	3.8
56	854	3.5
56	855	3.7
56	856	3.3
56	857	2.2
56	858	1.6
56	859	3.5
56	860	2.9
56	861	3.2
56	862	1.7	3
56	863	3.8
56	864	3.6
56	865	3.1
56	866	3.9
56	867	3.0
56	868	2.9
56	869	3.0	3
56	870	2.8
56	871	2.5	2
56	872	3.4
56	873	2.7
56	874	2.9
56	875	2.2
56	876	3.2
56	877	3.1
56	878	2.0
56	879	3.6
56	880	3.8
56	881	2.6
56	882	3.9
56	883	3.1
56	884	3.5
56	885	2.7
56	886	3.2
56	887	3.4
56	888	3.4
56	889	3.9
56	890	2.1
56	891	3.3
56	892	3.0
56	893	2.5
56	894	2.5
56	895	3.6
56	896	3.4
56	897	1.2
56	898	3.6
56	899	4.8
56	900	3.5
56	901	2.2
56	902	3.5
56	903	3.0
56	904	4.5
56	905	3.6
56	906	4.4
56	907	3.2
56	908	3.5
56	909	3.7
56	910	3.0
56	911	3.4
56	912	3.6
56	913	5.4
56	914	3.8
56	915	3.4
56	916	3.3
56	917	3.4
56	918	3.2
56	919	3.4
56	920	2.7
56	921	3.8
56	922	3.6
56	923	4.5
56	924	4.0
56	925	3.5
56	926	2.9
56	927	4.4
56	928	3.0
56	929	2.5
56	930	2.8	3
56	931	2.4
56	932	2.3
56	933	2.6
56	934	2.8
56	935	4.1
56	936	4.7
56	937	4.0
56	938	2.6
56	939	4.2
56	940	2.7
56	941	2.7
56	942	3.8
56	943	3.8
56	944	3.3
56	945	4.0
56	946	3.4	4
56	947	3.3
56	948	2.4
56	949	3.8
56	950	4.2
56	951	3.0
56	952	3.3
56	953	4.0
56	954	4.5
56	955	3.7
56	956	3.8
56	957	2.6
56	958	4.0
56	959	3.7
56	960	3.4
56	961	3.3
56	962	3.3
56	963	4.3
56	964	2.9
56	965	2.7
56	966	4.6
56	967	2.9
56	968	4.2
56	969	4.2	3
56	970	3.1
56	971	3.7
56	972	3.2
56	973	3.0
56	974	2.5
56	975	3.4
56	976	2.4
56	977	3.0
56	978	2.4
56	979	3.6
56	980	2.7
56	981	2.1
56	982	2.6
56	983	2.3
56	984	3.6
56	985	3.2
56	986	3.2
56	987	1.1
56	988	2.6
56	989	2.3
56	990	3.4
56	991	2.6
56	992	3.9
56	993	3.8	3
56	994	3.4
56	995	3.4
56	996	3.1
56	997	1.9
56	998	3.5
56	999	3.2
56	1000	3.3
56	1001	2.7
56	1002	2.6
56	1003	2.6
56	1004	3.4
56	1005	3.9
56	1006	2.1
56	1007	4.1
56	1008	3.0
56	1009	3.2
56	1010	3.8
56	1011	3.2
56	1012	3.5
56	1013	2.0
56	1014	3.2
56	1015	3.1
56	1016	3.8
56	1017	3.5
56	1018	3.5
56	1019	4.1
56	1020	4.2
56	1021	3.3
56	1022	3.9
56	1023	2.6
56	1024	3.5
56	1025	3.2
56	1026	3.2
56	1027	3.4
56	1028	3.3	4
56	1029	1.9
56	1030	2.1
56	1031	2.9
56	1032	2.7
56	1033	2.1
56	1034	3.1
56	1035	3.2	4
56	1036	2.2	2
56	1037	2.0
56	1038	3.4
56	1039	4.5
56	1040	2.5
56	1041	4.1
56	1042	3.7
56	1043	2.2
56	1044	3.2
56	1045	3.3
56	1046	3.6
56	1047	2.9	4
56	1048	3.3
56	1049	2.6
56	1050	3.8
56	1051	3.2
56	1052	2.2
56	1053	4.1
56	1054	2.6
56	1055	3.5
56	1056	3.1
56	1057	2.1	3
56	1058	3.2
56	1059	3.3
56	1060	3.6
56	1061	2.3
56	1062	3.4
56	1063	4.3
56	1064	4.3
56	1065	3.8
56	1066	3.1
56	1067	4.4
56	1068	3.6
56	1069	3.5
56	1070	3.5
56	1071	1.9
56	1072	3.0
56	1073	4.0
56	1074	2.7	3
56	1075	2.5
56	1076	2.9
56	1077	3.2
56	1078	2.9
56	1079	2.5
56	1080	4.9
56	1081	3.7
56	1082	3.8
56	1083	2.5
56	1084	3.4
56	1085	3.6
56	1086	3.3
56	1087	1.9
56	1088	2.3
56	1089	2.3
56	1090	3.3	3
56	1091	2.9	2
56	1092	2.8	3
56	1093	2.9
56	1094	2.5
56	1095	2.1
56	1096	3.0
56	1097	3.4
56	1098	3.5
56	1099	3.4
56	1100	2.7
56	1101	4.2
56	1102	3.7
56	1103	4.1
56	1104	3.9
56	1105	3.8
56	1106	2.2
56	1107	3.8
56	1108	2.4
56	1109	3.1
56	1110	2.5
56	1111	3.8
56	1112	3.4
56	1113	3.3
56	1114	3.8
56	1115	3.9
56	1116	3.0
56	1117	3.3
56	1118	3.2
56	1119	4.0
56	1120	2.3
56	1121	4.0
56	1122	5.4
56	1123	4.3
56	1124	3.6
56	1125	3.8
56	1126	3.9
56	1127	2.7
56	1128	3.0
56	1129	4.8
56	1130	3.4
56	1131	4.4
56	1132	3.0
56	1133	2.8
56	1134	3.4
56	1135	2.5
56	1136	3.7
56	1137	3.7
56	1138	4.2
56	1139	2.9
56	1140	1.9
56	1141	3.9
56	1142	4.2
56	1143	5.5
56	1144	3.6
56	1145	2.8
56	1146	1.1
56	1147	3.7
56	1148	3.5
56	1149	4.2
56	1150	3.1
56	1151	2.9
56	1152	3.4
56	1153	3.3
56	1154	3.6
56	1155	2.8
56	1156	3.5
56	1157	3.2
56	1158	3.9
56	1159	3.2
56	1160	3.0
56	1161	3.9
56	1162	1.7
56	1163	2.1
56	1164	2.3
56	1165	2.2
56	1166	3.9
56	1167	3.5
56	1168	3.4
56	1169	4.3
56	1170	3.1
56	1171	3.7
56	1172	4.5
56	1173	3.4
56	1174	3.2
56	1175	3.3
56	1176	3.9
56	1177	1.6
56	1178	2.6
56	1179	2.9
56	1180	2.8
56	1181	3.9
56	1182	2.5
56	1183	2.7
56	1184	2.4
56	1185	2.1
56	1186	3.6
56	1187	4.1
56	1188	3.2
56	1189	3.7
56	1190	3.1
56	1191	4.4
56	1192	3.3
56	1193	3.7
56	1194	4.2
56	1195	3.2
56	1196	3.6
56	1197	3.6
56	1198	4.5
56	1199	2.8
56	1200	3.0
56	1201	4.7
56	1202	4.3
56	1203	3.1
56	1204	3.9
56	1205	3.0
56	1206	2.7
56	1207	1.9
56	1208	2.9
56	1209	3.0
56	1210	2.8
56	1211	3.2
56	1212	2.8
56	1213	2.8
56	1214	2.8
56	1215	2.3
56	1216	3.2
56	1217	3.4
56	1218	4.0
56	1219	2.6
56	1220	4.1
56	1221	3.0
56	1222	2.9
56	1223	3.9
56	1224	2.7
56	1225	2.7
56	1226	3.8
56	1227	2.4
56	1228	2.9
56	1229	2.6
56	1230	2.1
56	1231	3.0
56	1232	2.0
56	1233	4.4
56	1234	2.2
56	1235	4.4
56	1236	2.4
56	1237	2.8
56	1238	2.8
56	1239	2.5
56	1240	2.9
56	1241	1.8
56	1242	3.9
56	1243	4.1
56	1244	3.0
56	1245	3.3
56	1246	1.9
56	1247	1.9
56	1248	3.1
56	1249	3.2
56	1250	1.7
56	1251	4.4
56	1252	3.2
56	1253	3.0
56	1254	1.0
56	1255	3.3
56	1256	2.9
56	1257	2.8
56	1258	3.0
56	1259	3.3
56	1260	2.9
56	1261	3.6
56	1262	4.8
56	1263	2.6
56	1264	3.7
56	1265	3.8
56	1266	3.0
56	1267	2.8
56	1268	4.5
56	1269	3.8
56	1270	3.0
56	1271	2.7
56	1272	1.6
56	1273	3.3
56	1274	2.0
56	1275	1.9
56	1276	3.7
56	1277	3.3
56	1278	3.1
56	1279	2.3
56	1280	3.4
56	1281	3.2
56	1282	3.2
56	1283	2.6
56	1284	2.8
56	1285	3.4
56	1286	3.4
56	1287	1.6
56	1288	3.4
56	1289	1.9
56	1290	1.5
56	1291	2.5
56	1292	-0.2
56	1293	4.6
56	1294	3.7
56	1295	2.7
56	1296	4.0
56	1297	2.5
56	1298	4.8
56	1299	3.0
56	1300	2.2
56	1301	3.6
56	1302	4.5
56	1303	2.0
56	1304	1.7
56	1305	3.4
56	1306	3.3
56	1307	1.7
56	1308	2.1
56	1309	1.9
56	1310	2.3
56	1311	2.7
56	1312	4.1
56	1313	3.6
56	1314	2.6
56	1315	3.4
56	1316	2.7
56	1317	2.9
56	1318	1.9
56	1319	3.0
56	1320	1.2
56	1321	3.0
56	1322	2.8
56	1323	4.2
56	1324	2.6
56	1325	2.5
56	1326	4.4
56	1327	2.6
56	1328	4.3
56	1329	1.7
56	1330	4.1
56	1331	4.2
56	1332	2.8
56	1333	2.7
56	1334	1.9
56	1335	2.7
56	1336	0.9
56	1337	2.9
56	1338	3.6
56	1339	1.9
56	1340	1.8
56	1341	2.5
56	1342	4.7
56	1343	2.3
56	1344	4.6
56	1345	2.8
56	1346	3.0
56	1347	4.9
56	1348	3.0
56	1349	2.5
56	1350	2.7
56	1351	4.2
56	1352	2.2
56	1353	3.0
56	1354	1.2
56	1355	3.1
56	1356	4.2
56	1357	4.1
56	1358	4.3
56	1359	1.7
56	1360	1.9
56	1361	4.8
56	1362	3.8
56	1363	1.7
56	1364	1.9
56	1365	1.2
56	1366	3.0
56	1367	4.4
56	1368	5.5
56	1369	4.0
56	1370	3.8
56	1371	1.9
56	1372	4.1
56	1373	3.0
56	1374	1.7
56	1375	3.9
56	1376	2.4
56	1377	4.5
56	1378	4.1
56	1379	3.6
56	1380	3.6
56	1381	3.5
56	1382	2.6
56	1383	0.8
56	1384	2.6
56	1385	3.3
56	1386	2.9
56	1387	2.7
56	1388	3.9
56	1389	4.5
56	1390	3.7
56	1391	3.2
56	1392	2.9
56	1393	2.0
56	1394	2.7
56	1395	2.7
56	1396	4.0
56	1397	6.5
56	1398	4.0
56	1399	2.9
56	1400	2.4
56	1401	3.3
56	1402	3.1
56	1403	4.0
56	1404	3.4
56	1405	2.5
56	1406	4.0
56	1407	2.4
56	1408	0.9
56	1409	3.0
56	1410	2.5
56	1411	2.5
56	1412	1.7
56	1413	2.4
56	1414	2.2
56	1415	2.7
56	1416	2.2
56	1417	2.8
56	1418	4.3
56	1419	3.4
56	1420	0.7
56	1421	3.1
56	1422	2.9
56	1423	2.4
56	1424	2.5
56	1425	3.2
56	1426	4.0
56	1427	4.8
56	1428	3.8
56	1429	3.1
56	1430	3.5
56	1431	3.4
56	1432	1.3
56	1433	1.5
56	1434	3.0
56	1435	3.0
56	1436	2.4
56	1437	2.3
56	1438	1.5
56	1439	2.8
56	1440	2.3
56	1441	2.7
56	1442	1.8
56	1443	4.0
56	1444	2.8
56	1445	3.4
56	1446	4.7
56	1447	3.4
56	1448	3.8
56	1449	5.6
56	1450	4.4
56	1451	3.8
56	1452	3.6
56	1453	3.2
56	1454	3.4
56	1455	2.9
56	1456	3.3
56	1457	2.8
56	1458	4.1
56	1459	4.6
56	1460	3.5
56	1461	2.8
56	1462	3.2
56	1463	4.3
56	1464	2.7
56	1465	3.1
56	1466	3.6
56	1467	4.5
56	1468	4.1
56	1469	3.1
56	1470	2.8
56	1471	2.8
56	1472	4.3
56	1473	4.4
56	1474	3.8
56	1475	3.4
56	1476	2.3
56	1477	2.5
56	1478	3.1
56	1479	2.5
56	1480	3.3
56	1481	2.5
56	1482	4.6
56	1483	4.0
56	1484	2.9
56	1485	4.1
56	1486	2.3
56	1487	1.9
56	1488	3.0
56	1489	1.8
56	1490	2.9
56	1491	1.7
56	1492	3.1
56	1493	1.3
56	1494	1.2
56	1495	3.4
56	1496	3.0
56	1497	2.5
56	1498	4.7
56	1499	4.0
56	1500	5.4
56	1501	3.3
56	1502	1.7
56	1503	2.7
56	1504	3.4
56	1505	3.6
56	1506	3.6
56	1507	2.5
56	1508	0.9
56	1509	2.1
56	1510	3.4
56	1511	3.0
56	1512	5.6
56	1513	2.0
56	1514	3.5
56	1515	4.2
56	1516	4.2
56	1517	2.7
56	1518	3.3
56	1519	2.9
56	1520	2.5
56	1521	3.2
56	1522	2.4
56	1523	2.9
56	1524	3.6
56	1525	4.4
56	1526	3.0
56	1527	1.5
56	1528	3.0
56	1529	3.0
56	1530	1.9
56	1531	3.5
56	1532	2.4
56	1533	3.3
56	1534	2.3
56	1535	3.4
56	1536	3.9
56	1537	5.0
56	1538	4.1
56	1539	2.1
56	1540	3.0
56	1541	4.5
56	1542	2.8
56	1543	3.1
56	1544	3.4
56	1545	3.4
56	1546	2.3
56	1547	3.5
56	1548	2.6
56	1549	2.2
56	1550	3.8
56	1551	2.7
56	1552	2.6
56	1553	3.2
56	1554	3.3
56	1555	2.8
56	1556	3.1
56	1557	1.6
56	1558	4.3
56	1559	1.8
56	1560	3.0
56	1561	2.2
56	1562	1.5
56	1563	0.8
56	1564	1.5
56	1565	1.7
56	1566	2.5
56	1567	1.8
56	1568	2.4
56	1569	1.3
56	1570	1.5
56	1571	2.1
56	1572	1.7
56	1573	3.4
56	1574	2.5
56	1575	2.8
56	1576	1.8
56	1577	1.5
56	1578	3.3
56	1579	2.8
56	1580	2.5
56	1581	1.7
56	1582	1.9
56	1583	1.5
56	1584	2.5
56	1585	4.5
56	1586	2.3
56	1587	2.3
56	1588	3.2
56	1589	4.0
56	1590	3.0
56	1591	3.0
56	1592	3.4
56	1593	3.6
56	1594	4.2
56	1595	2.6
56	1596	2.2
56	1597	2.5
56	1598	4.4
56	1599	3.9
56	1600	5.1
56	1601	2.3
56	1602	3.2
56	1603	3.1
56	1604	3.1
56	1605	3.5
56	1606	1.2
56	1607	4.2
56	1608	2.8
56	1609	3.7
56	1610	2.9
56	1611	2.5
56	1612	5.0
56	1613	3.9
56	1614	2.1
56	1615	3.9
56	1616	3.7
56	1617	2.8
56	1618	0.5
56	1619	3.2
56	1620	3.9
56	1621	1.1
56	1622	2.6
56	1623	5.4
56	1624	2.2
56	1625	4.7
56	1626	-0.1
56	1627	3.4
56	1628	1.6
56	1629	2.7
56	1630	3.4
56	1631	5.5
56	1632	3.8
56	1633	3.3
56	1634	2.0
56	1635	3.9
56	1636	5.6
56	1637	4.5
56	1638	3.7
56	1639	4.1
56	1640	4.4
56	1641	3.8
56	1642	5.1
56	1643	5.4
56	1644	1.9
56	1645	5.2
56	1646	4.2
56	1647	4.4
56	1648	3.1
56	1649	4.4
56	1650	5.5
56	1651	5.7
56	1652	1.6
56	1653	5.1
56	1654	2.3
56	1655	2.7
56	1656	1.4
56	1657	2.5
56	1658	3.2
56	1659	0.8
56	1660	2.6
56	1661	0.6
56	1662	4.1
56	1663	2.9
56	1664	3.9
56	1665	2.7
56	1666	2.9
56	1667	3.2
56	1668	3.6
56	1669	2.9
56	1670	2.4
56	1671	1.4
56	1672	2.9
56	1673	2.4
56	1674	4.6
56	1675	2.6
56	1676	2.4
56	1677	3.8
56	1678	1.6
56	1679	2.5
56	1680	1.4
56	1681	2.8
56	1682	2.4
