user	item	predicted_rating	rating
18	1	0.1	15204272
18	2	-0.0
18	3	0.1
18	4	-0.0	15204272
18	5	0.1
18	6	0.0	15204272
18	7	-0.1
18	8	0.1	15204272
18	9	0.0	15204272
18	10	-0.0
18	11	0.0
18	12	0.0	15204272
18	13	0.0	15204272
18	14	0.0	15204272
18	15	0.0	15204272
18	16	0.0
18	17	0.1
18	18	-0.0
18	19	0.1	15204272
18	20	0.1
18	21	0.0
18	22	0.0	15204272
18	23	0.0	15204272
18	24	-0.0
18	25	-0.0	15204272
18	26	0.0	15204272
18	27	0.1
18	28	-0.0	15204272
18	29	-0.0
18	30	-0.0
18	31	-0.0
18	32	0.0	15204272
18	33	0.1
18	34	0.1
18	35	-0.1
18	36	0.2
18	37	-0.0
18	38	0.0
18	39	0.0
18	40	0.0
18	41	-0.1
18	42	-0.1	15204272
18	43	0.1
18	44	0.1
18	45	0.0	15204272
18	46	0.1
18	47	0.0	15204272
18	48	0.0	15204272
18	49	0.1
18	50	0.0	15204272
18	51	0.0
18	52	0.0	15204272
18	53	-0.1
18	54	0.0
18	55	-0.0
18	56	-0.0	15204272
18	57	-0.0	15204272
18	58	-0.0	15204272
18	59	0.0	15204272
18	60	-0.0	15204272
18	61	-0.1	15204272
18	62	-0.0
18	63	-0.1
18	64	0.0	15204272
18	65	0.0	15204272
18	66	0.1	15204272
18	67	0.0
18	68	0.1
18	69	-0.1	15204272
18	70	-0.0	15204272
18	71	-0.0	15204272
18	72	-0.0	15204272
18	73	0.1
18	74	0.0
18	75	0.0
18	76	0.1
18	77	-0.0
18	78	-0.0
18	79	0.0	15204272
18	80	-0.0
18	81	0.0	15204272
18	82	-0.1	15204272
18	83	0.0	15204272
18	84	0.0
18	85	0.0
18	86	0.0	15204272
18	87	0.0
18	88	0.1	15204272
18	89	-0.0	15204272
18	90	0.0
18	91	0.1	15204272
18	92	-0.0
18	93	0.1
18	94	-0.0	15204272
18	95	-0.0	15204272
18	96	0.1
18	97	-0.0	15204272
18	98	0.0	15204272
18	99	0.0	15204272
18	100	0.0	15204272
18	101	-0.1
18	102	0.1
18	103	-0.0
18	104	-0.1
18	105	0.0
18	106	0.0
18	107	-0.0
18	108	0.0
18	109	0.0
18	110	0.0
18	111	0.1	15204272
18	112	0.0
18	113	-0.1	15204272
18	114	0.0
18	115	-0.0
18	116	-0.0	15204272
18	117	-0.0
18	118	0.0
18	119	-0.1
18	120	0.1
18	121	0.0
18	122	0.0
18	123	-0.0
18	124	0.0
18	125	-0.0	15204272
18	126	0.0	15204272
18	127	-0.1	15204272
18	128	0.1
18	129	0.1
18	130	0.1
18	131	0.1	15204272
18	132	0.0	15204272
18	133	0.0	15204272
18	134	0.0	15204272
18	135	0.1	15204272
18	136	0.1	15204272
18	137	0.0	15204272
18	138	-0.0
18	139	0.0
18	140	0.1
18	141	0.0
18	142	0.0	15204272
18	143	-0.0	15204272
18	144	0.0
18	145	0.0
18	146	0.1
18	147	0.0
18	148	-0.0
18	149	0.1
18	150	0.1
18	151	-0.0	15204272
18	152	0.1	15204272
18	153	0.1	15204272
18	154	-0.0	15204272
18	155	0.0
18	156	-0.0
18	157	0.0	15204272
18	158	0.0
18	159	-0.1
18	160	0.0
18	161	0.0
18	162	-0.0	15204272
18	163	0.0
18	164	-0.0
18	165	0.1	15204272
18	166	-0.0	15204272
18	167	0.1
18	168	0.1	15204272
18	169	0.1	15204272
18	170	0.0	15204272
18	171	-0.0
18	172	-0.0	15204272
18	173	0.1
18	174	0.0	15204272
18	175	0.0	15204272
18	176	-0.0
18	177	0.0	15204272
18	178	0.1	15204272
18	179	0.0	15204272
18	180	0.0	15204272
18	181	0.1	15204272
18	182	0.0	15204272
18	183	-0.0
18	184	0.0
18	185	0.1	15204272
18	186	0.0	15204272
18	187	-0.1	15204272
18	188	0.0	15204272
18	189	-0.1	15204272
18	190	0.0	15204272
18	191	0.0	15204272
18	192	0.0
18	193	0.0	15204272
18	194	0.0	15204272
18	195	0.0	15204272
18	196	-0.1	15204272
18	197	-0.0	15204272
18	198	0.1	15204272
18	199	0.0	15204272
18	200	-0.0	15204272
18	201	-0.0
18	202	0.0	15204272
18	203	0.1
18	204	0.0	15204272
18	205	-0.0
18	206	-0.0
18	207	-0.0
18	208	-0.0	15204272
18	209	0.0	15204272
18	210	-0.1	15204272
18	211	-0.0	15204272
18	212	0.2	15204272
18	213	-0.0	15204272
18	214	0.1	15204272
18	215	0.0	15204272
18	216	-0.0	15204272
18	217	-0.0
18	218	0.1
18	219	0.0
18	220	-0.0
18	221	0.0	15204272
18	222	-0.0
18	223	-0.0	15204272
18	224	0.1	15204272
18	225	0.0
18	226	0.0
18	227	0.0
18	228	-0.0
18	229	-0.0
18	230	-0.0
18	231	-0.1
18	232	-0.0
18	233	0.0
18	234	0.1	15204272
18	235	-0.0
18	236	0.1	15204272
18	237	0.0	15204272
18	238	-0.0	15204272
18	239	-0.0
18	240	0.0
18	241	0.0	15204272
18	242	0.1	15204272
18	243	0.0
18	244	0.1
18	245	0.1
18	246	0.0
18	247	-0.1
18	248	-0.1
18	249	0.1
18	250	0.0
18	251	0.1
18	252	0.0
18	253	0.0
18	254	0.1
18	255	-0.1
18	256	0.0
18	257	-0.0
18	258	0.0
18	259	0.0
18	260	0.1
18	261	0.0
18	262	0.0
18	263	-0.0
18	264	0.0
18	265	-0.0
18	266	-0.0
18	267	-0.1
18	268	-0.0
18	269	0.0	15204272
18	270	0.0
18	271	0.0
18	272	0.0
18	273	-0.0
18	274	0.0
18	275	0.0	15204272
18	276	0.2	15204272
18	277	0.0
18	278	0.0
18	279	0.0
18	280	0.1
18	281	0.0
18	282	-0.0
18	283	0.0	15204272
18	284	0.0	15204272
18	285	-0.0	15204272
18	286	-0.0	15204272
18	287	-0.0	15204272
18	288	-0.0
18	289	-0.0
18	290	0.1
18	291	-0.0
18	292	-0.0
18	293	-0.0
18	294	-0.1
18	295	0.1
18	296	0.1
18	297	0.1
18	298	0.1
18	299	0.1
18	300	0.0
18	301	-0.0
18	302	-0.0
18	303	0.1
18	304	0.1
18	305	0.0
18	306	-0.0
18	307	-0.1
18	308	-0.0
18	309	0.0
18	310	-0.0
18	311	0.1
18	312	0.0
18	313	0.1
18	314	0.1
18	315	0.0
18	316	-0.0
18	317	0.0	15204272
18	318	0.1	15204272
18	319	-0.1	15204272
18	320	-0.0
18	321	0.1
18	322	0.0
18	323	0.0
18	324	0.1
18	325	-0.0
18	326	0.0
18	327	0.0
18	328	-0.0
18	329	-0.0
18	330	-0.0
18	331	-0.0
18	332	0.0
18	333	-0.0
18	334	-0.1
18	335	-0.0
18	336	-0.1
18	337	-0.1
18	338	-0.0
18	339	0.0
18	340	0.0
18	341	-0.1
18	342	0.0
18	343	-0.0
18	344	0.0
18	345	0.0
18	346	-0.1
18	347	0.0
18	348	0.0
18	349	0.0
18	350	-0.0
18	351	-0.0
18	352	0.1
18	353	0.1
18	354	-0.0
18	355	-0.1
18	356	0.1
18	357	0.0	15204272
18	358	0.1
18	359	-0.0
18	360	-0.1
18	361	0.0
18	362	0.1
18	363	0.1
18	364	-0.0
18	365	0.1
18	366	0.0
18	367	-0.0	15204272
18	368	-0.0
18	369	0.1
18	370	0.0
18	371	0.0
18	372	0.1
18	373	0.0
18	374	0.0
18	375	0.1
18	376	-0.0
18	377	0.1
18	378	0.0	15204272
18	379	-0.0
18	380	-0.0
18	381	0.0	15204272
18	382	0.0	15204272
18	383	0.0
18	384	0.1
18	385	0.0
18	386	0.1	15204272
18	387	0.1	15204272
18	388	-0.0
18	389	-0.0
18	390	0.1
18	391	-0.1
18	392	0.0	15204272
18	393	-0.0	15204272
18	394	0.1
18	395	0.0
18	396	-0.0
18	397	-0.1
18	398	0.0
18	399	-0.0
18	400	-0.0
18	401	-0.0
18	402	-0.0	15204272
18	403	-0.0	15204272
18	404	0.0	15204272
18	405	0.1
18	406	0.1
18	407	-0.0
18	408	0.0	15204272
18	409	-0.0
18	410	0.1
18	411	-0.0	15204272
18	412	0.0
18	413	0.0
18	414	0.0	15204272
18	415	-0.0
18	416	-0.0	15204272
18	417	-0.0
18	418	-0.0	15204272
18	419	0.1	15204272
18	420	-0.0
18	421	-0.0
18	422	-0.1
18	423	0.0	15204272
18	424	-0.0
18	425	0.1	15204272
18	426	0.0
18	427	0.1	15204272
18	428	-0.0	15204272
18	429	0.0
18	430	0.1	15204272
18	431	0.0
18	432	-0.0	15204272
18	433	-0.0
18	434	-0.1	15204272
18	435	0.1	15204272
18	436	-0.0
18	437	-0.0
18	438	0.0
18	439	0.0
18	440	-0.0
18	441	-0.0
18	442	-0.1
18	443	-0.0	15204272
18	444	-0.0
18	445	0.0
18	446	-0.0
18	447	0.0
18	448	0.0
18	449	-0.0
18	450	0.0
18	451	-0.0	15204272
18	452	-0.0
18	453	0.1
18	454	0.0
18	455	-0.1
18	456	-0.0
18	457	0.1
18	458	0.0
18	459	-0.1
18	460	-0.1
18	461	0.0	15204272
18	462	-0.1	15204272
18	463	-0.0	15204272
18	464	0.0
18	465	0.1
18	466	0.0
18	467	0.1
18	468	0.0
18	469	0.1
18	470	-0.0
18	471	0.0
18	472	-0.0
18	473	-0.0
18	474	-0.0	15204272
18	475	0.1
18	476	0.0	15204272
18	477	-0.0
18	478	0.0	15204272
18	479	0.0	15204272
18	480	0.0	15204272
18	481	0.1
18	482	-0.1	15204272
18	483	-0.0	15204272
18	484	0.0
18	485	-0.0	15204272
18	486	-0.1	15204272
18	487	-0.0	15204272
18	488	-0.1	15204272
18	489	-0.1	15204272
18	490	0.0
18	491	-0.0
18	492	0.1	15204272
18	493	-0.0	15204272
18	494	0.0	15204272
18	495	-0.0
18	496	-0.0	15204272
18	497	0.1	15204272
18	498	-0.1	15204272
18	499	-0.1
18	500	-0.0
18	501	0.0
18	502	-0.1
18	503	-0.0
18	504	-0.1	15204272
18	505	0.0
18	506	0.1
18	507	0.0
18	508	-0.0
18	509	0.0	15204272
18	510	0.1	15204272
18	511	0.0
18	512	-0.0	15204272
18	513	0.1	15204272
18	514	0.0	15204272
18	515	0.0	15204272
18	516	0.1	15204272
18	517	0.1	15204272
18	518	0.1
18	519	0.0	15204272
18	520	0.1	15204272
18	521	0.1
18	522	0.0
18	523	0.0	15204272
18	524	0.0	15204272
18	525	0.0
18	526	0.0	15204272
18	527	0.0	15204272
18	528	-0.0	15204272
18	529	0.1	15204272
18	530	0.1	15204272
18	531	0.0
18	532	0.1
18	533	0.2
18	534	0.1
18	535	-0.0
18	536	-0.1
18	537	0.1
18	538	-0.0
18	539	0.1
18	540	-0.1
18	541	0.1
18	542	0.0
18	543	0.0
18	544	0.1
18	545	0.0
18	546	-0.0
18	547	0.0
18	548	-0.1
18	549	0.0	15204272
18	550	-0.0
18	551	0.1
18	552	-0.1
18	553	-0.1
18	554	0.0
18	555	0.1
18	556	0.0
18	557	0.0
18	558	-0.0
18	559	0.0
18	560	-0.0
18	561	-0.1
18	562	0.0
18	563	0.0
18	564	0.1
18	565	0.0
18	566	-0.0
18	567	0.0
18	568	0.0
18	569	0.1
18	570	0.1
18	571	0.1
18	572	-0.0
18	573	-0.1
18	574	0.0
18	575	0.0
18	576	-0.0
18	577	-0.0
18	578	0.0
18	579	0.0
18	580	0.0
18	581	0.0
18	582	0.0	15204272
18	583	0.0
18	584	0.1
18	585	0.0
18	586	-0.0
18	587	0.0
18	588	-0.0	15204272
18	589	0.1
18	590	-0.0
18	591	0.0
18	592	0.1
18	593	0.1
18	594	-0.0
18	595	-0.0
18	596	-0.0
18	597	-0.0
18	598	0.1
18	599	-0.1
18	600	-0.1
18	601	0.1
18	602	-0.0	15204272
18	603	0.1	15204272
18	604	0.0	15204272
18	605	0.1
18	606	0.0
18	607	0.0	15204272
18	608	-0.0
18	609	0.0	15204272
18	610	0.1	15204272
18	611	0.1
18	612	-0.0	15204272
18	613	-0.0	15204272
18	614	0.1	15204272
18	615	0.0
18	616	0.1
18	617	-0.0
18	618	0.0
18	619	0.0
18	620	-0.0
18	621	0.0
18	622	-0.0
18	623	0.0
18	624	-0.0
18	625	0.0
18	626	0.1
18	627	0.0	15204272
18	628	0.0
18	629	-0.0	15204272
18	630	-0.0	15204272
18	631	0.1	15204272
18	632	0.0
18	633	0.0	15204272
18	634	0.1
18	635	0.0
18	636	-0.1
18	637	0.1
18	638	0.1
18	639	0.0	15204272
18	640	-0.0
18	641	0.1
18	642	0.1
18	643	-0.1
18	644	0.1
18	645	0.1
18	646	0.0
18	647	0.1	15204272
18	648	-0.0
18	649	0.0	15204272
18	650	0.0
18	651	-0.0
18	652	-0.0
18	653	-0.0
18	654	0.0	15204272
18	655	-0.0
18	656	0.0
18	657	0.0
18	658	-0.0
18	659	-0.0	15204272
18	660	-0.0	15204272
18	661	0.0
18	662	0.0
18	663	-0.0	15204272
18	664	0.0
18	665	0.0
18	666	-0.1
18	667	-0.1
18	668	0.0
18	669	0.1
18	670	0.0
18	671	0.1
18	672	0.0
18	673	-0.0
18	674	0.0
18	675	-0.1
18	676	0.1
18	677	0.1
18	678	-0.0
18	679	-0.0
18	680	0.0
18	681	0.0
18	682	-0.0
18	683	0.1
18	684	0.1
18	685	0.1
18	686	0.0
18	687	-0.0
18	688	0.1
18	689	-0.0
18	690	-0.0
18	691	-0.1
18	692	0.1	15204272
18	693	-0.1
18	694	0.1
18	695	0.1
18	696	0.0
18	697	0.0
18	698	-0.0
18	699	-0.1	15204272
18	700	0.0
18	701	0.1
18	702	0.0	15204272
18	703	-0.0
18	704	0.0	15204272
18	705	-0.1	15204272
18	706	0.1
18	707	-0.1	15204272
18	708	0.1	15204272
18	709	0.0	15204272
18	710	0.1
18	711	0.1
18	712	-0.0
18	713	0.0
18	714	0.1	15204272
18	715	0.0
18	716	0.1	15204272
18	717	-0.0
18	718	-0.1
18	719	0.0
18	720	0.1
18	721	0.0
18	722	0.1
18	723	0.1
18	724	-0.0	15204272
18	725	-0.0
18	726	-0.0
18	727	0.0
18	728	0.1
18	729	0.0	15204272
18	730	-0.1
18	731	0.0
18	732	0.0	15204272
18	733	0.1
18	734	0.0
18	735	0.0	15204272
18	736	0.1	15204272
18	737	0.1	15204272
18	738	0.0
18	739	0.1	15204272
18	740	0.1
18	741	-0.1
18	742	0.1
18	743	0.0
18	744	0.1
18	745	-0.1
18	746	0.1
18	747	-0.0	15204272
18	748	0.0
18	749	0.1
18	750	0.0
18	751	0.1
18	752	0.0
18	753	0.0	15204272
18	754	-0.0
18	755	0.1
18	756	0.0
18	757	0.1
18	758	0.0
18	759	0.1
18	760	0.0
18	761	0.0
18	762	0.0	15204272
18	763	-0.1
18	764	0.0
18	765	-0.0
18	766	0.0
18	767	0.1
18	768	-0.0
18	769	0.1
18	770	-0.1
18	771	0.1
18	772	0.1
18	773	0.0
18	774	0.0
18	775	0.1	15204272
18	776	0.1
18	777	-0.0
18	778	0.0	15204272
18	779	0.1
18	780	0.1
18	781	-0.0	15204272
18	782	0.1
18	783	0.0
18	784	0.1
18	785	0.1
18	786	0.0
18	787	0.1
18	788	0.2
18	789	0.0
18	790	0.0
18	791	-0.0
18	792	-0.0	15204272
18	793	-0.1
18	794	-0.1	15204272
18	795	0.0
18	796	0.1
18	797	0.1
18	798	0.1
18	799	0.1
18	800	0.0
18	801	-0.1
18	802	-0.0
18	803	0.1
18	804	0.1
18	805	0.0	15204272
18	806	0.1
18	807	-0.0
18	808	0.1
18	809	0.0
18	810	0.0
18	811	0.1
18	812	0.1
18	813	-0.0
18	814	0.1
18	815	-0.1
18	816	0.0
18	817	0.1
18	818	0.0
18	819	0.0
18	820	-0.1
18	821	-0.0
18	822	-0.0
18	823	0.1
18	824	0.1
18	825	-0.0
18	826	-0.1
18	827	0.0
18	828	-0.0
18	829	0.1
18	830	-0.1
18	831	-0.1
18	832	0.0
18	833	-0.0
18	834	0.1
18	835	0.1
18	836	-0.0
18	837	0.0
18	838	-0.1
18	839	0.0
18	840	0.0
18	841	0.1
18	842	0.0
18	843	0.0
18	844	0.1
18	845	0.1	15204272
18	846	0.0
18	847	0.1
18	848	-0.0
18	849	0.1
18	850	-0.1
18	851	0.0
18	852	0.2
18	853	0.1
18	854	0.0
18	855	-0.0
18	856	0.0	15204272
18	857	0.2
18	858	0.2
18	859	-0.0
18	860	0.1
18	861	-0.1
18	862	0.1
18	863	0.0	15204272
18	864	-0.1
18	865	0.1
18	866	-0.0
18	867	-0.0
18	868	-0.1
18	869	-0.1
18	870	0.2
18	871	-0.0
18	872	0.0
18	873	0.1
18	874	-0.1
18	875	0.0
18	876	0.0
18	877	0.0
18	878	0.1
18	879	-0.0
18	880	0.0
18	881	0.0
18	882	0.0
18	883	0.0
18	884	-0.2
18	885	-0.1
18	886	0.0
18	887	0.0
18	888	-0.1
18	889	-0.0
18	890	-0.0
18	891	-0.0
18	892	-0.0
18	893	0.1
18	894	-0.0
18	895	0.0
18	896	-0.0
18	897	0.0
18	898	0.0
18	899	-0.0
18	900	0.0
18	901	-0.1
18	902	-0.0
18	903	0.1
18	904	-0.0
18	905	0.0
18	906	0.1
18	907	0.0
18	908	-0.0
18	909	0.0
18	910	0.2
18	911	0.0
18	912	0.0
18	913	0.0
18	914	0.0
18	915	0.1
18	916	0.0
18	917	0.1
18	918	0.0
18	919	0.1
18	920	-0.2
18	921	0.1	15204272
18	922	0.1
18	923	0.0	15204272
18	924	0.0
18	925	-0.0
18	926	0.0
18	927	0.0
18	928	0.1
18	929	0.1
18	930	0.0
18	931	0.1
18	932	-0.0
18	933	-0.1
18	934	0.0
18	935	0.1
18	936	0.0
18	937	-0.0
18	938	-0.0
18	939	0.0
18	940	0.1
18	941	0.1
18	942	-0.0
18	943	0.0
18	944	0.0
18	945	-0.0
18	946	0.1
18	947	0.1
18	948	-0.0
18	949	0.0	15204272
18	950	0.0	15204272
18	951	-0.1	15204272
18	952	0.1	15204272
18	953	0.0	15204272
18	954	-0.1	15204272
18	955	0.0	15204272
18	956	-0.0	15204272
18	957	0.0	15204272
18	958	0.1	15204272
18	959	0.0	15204272
18	960	-0.0	15204272
18	961	0.1	15204272
18	962	0.0	15204272
18	963	-0.1	15204272
18	964	0.0	15204272
18	965	0.0	15204272
18	966	-0.0	15204272
18	967	0.1	15204272
18	968	-0.0	15204272
18	969	0.0	15204272
18	970	-0.0	15204272
18	971	0.0	15204272
18	972	-0.1	15204272
18	973	-0.1	15204272
18	974	0.0
18	975	0.1
18	976	0.0
18	977	0.1
18	978	0.0
18	979	0.1
18	980	0.0
18	981	0.0
18	982	0.0
18	983	0.1
18	984	0.0
18	985	0.1
18	986	0.1
18	987	0.2
18	988	-0.0
18	989	-0.0
18	990	-0.0
18	991	0.1
18	992	0.1
18	993	0.1
18	994	0.1
18	995	0.0
18	996	0.1
18	997	0.0
18	998	0.1
18	999	0.0
18	1000	0.2
18	1001	0.1
18	1002	0.0
18	1003	0.0
18	1004	0.0
18	1005	-0.0
18	1006	-0.0
18	1007	0.0
18	1008	-0.0
18	1009	0.0
18	1010	0.1
18	1011	-0.1
18	1012	0.1
18	1013	-0.0
18	1014	0.1
18	1015	0.0
18	1016	-0.1
18	1017	0.1
18	1018	0.1
18	1019	0.0
18	1020	0.0
18	1021	-0.1
18	1022	0.1
18	1023	-0.0
18	1024	-0.0
18	1025	0.1
18	1026	0.1
18	1027	0.0
18	1028	0.0
18	1029	0.1
18	1030	0.0
18	1031	0.0
18	1032	0.0
18	1033	0.0
18	1034	0.2
18	1035	0.1
18	1036	0.0
18	1037	0.0
18	1038	0.0
18	1039	0.0
18	1040	0.0
18	1041	0.0
18	1042	0.1
18	1043	0.0
18	1044	-0.0
18	1045	0.0
18	1046	-0.0
18	1047	0.1
18	1048	0.1
18	1049	0.1
18	1050	0.0
18	1051	0.0
18	1052	-0.0
18	1053	0.0
18	1054	0.0
18	1055	-0.0
18	1056	0.1
18	1057	0.0
18	1058	0.1
18	1059	0.1
18	1060	-0.0
18	1061	0.1
18	1062	-0.0
18	1063	0.0
18	1064	-0.2
18	1065	0.1
18	1066	0.0
18	1067	0.0
18	1068	0.1
18	1069	-0.1
18	1070	0.0
18	1071	-0.0
18	1072	0.1
18	1073	0.1
18	1074	0.0
18	1075	-0.1
18	1076	-0.1
18	1077	-0.1
18	1078	0.1
18	1079	-0.1
18	1080	0.3
18	1081	-0.0
18	1082	0.0
18	1083	0.0
18	1084	0.0
18	1085	0.1
18	1086	-0.0
18	1087	-0.0
18	1088	0.1
18	1089	0.1
18	1090	-0.1
18	1091	0.1
18	1092	-0.1
18	1093	0.1
18	1094	0.1
18	1095	0.1
18	1096	0.1
18	1097	-0.1
18	1098	-0.0
18	1099	0.1
18	1100	0.0
18	1101	0.0
18	1102	-0.0
18	1103	-0.0
18	1104	-0.0
18	1105	-0.1
18	1106	0.1
18	1107	0.0
18	1108	-0.1
18	1109	0.0
18	1110	0.1
18	1111	0.1
18	1112	0.1
18	1113	0.1
18	1114	0.0
18	1115	0.0
18	1116	-0.0
18	1117	0.1
18	1118	0.0
18	1119	0.0
18	1120	-0.1
18	1121	-0.0
18	1122	0.1
18	1123	-0.1
18	1124	0.1
18	1125	-0.1
18	1126	0.0
18	1127	0.0
18	1128	-0.0
18	1129	0.1
18	1130	-0.1
18	1131	-0.1
18	1132	0.1
18	1133	-0.0
18	1134	-0.1
18	1135	-0.0
18	1136	-0.0
18	1137	-0.0
18	1138	0.0
18	1139	-0.0
18	1140	0.0
18	1141	0.0
18	1142	0.1
18	1143	0.2
18	1144	0.1
18	1145	0.1
18	1146	0.0
18	1147	0.1
18	1148	0.0
18	1149	0.0
18	1150	-0.0
18	1151	-0.1
18	1152	0.1
18	1153	0.1
18	1154	-0.0
18	1155	0.0
18	1156	0.3
18	1157	0.0
18	1158	0.1
18	1159	-0.1
18	1160	0.1
18	1161	0.1
18	1162	-0.1
18	1163	-0.1
18	1164	-0.0
18	1165	0.1
18	1166	0.1
18	1167	-0.0
18	1168	0.0
18	1169	0.1
18	1170	-0.1
18	1171	0.0
18	1172	-0.0
18	1173	0.1
18	1174	0.0
18	1175	-0.1
18	1176	-0.0
18	1177	0.0
18	1178	0.1
18	1179	0.0
18	1180	0.0
18	1181	0.1
18	1182	0.1
18	1183	0.0
18	1184	0.0
18	1185	0.1
18	1186	0.0
18	1187	-0.2
18	1188	0.0
18	1189	0.0
18	1190	0.1
18	1191	-0.1
18	1192	0.0
18	1193	0.0
18	1194	-0.0
18	1195	0.0
18	1196	0.1
18	1197	0.0
18	1198	-0.0
18	1199	-0.1
18	1200	0.0
18	1201	0.1
18	1202	0.0
18	1203	0.0
18	1204	0.0
18	1205	-0.0
18	1206	0.0
18	1207	-0.1
18	1208	0.0
18	1209	0.1
18	1210	-0.0
18	1211	0.1
18	1212	0.0
18	1213	0.0
18	1214	0.2
18	1215	0.0
18	1216	0.2
18	1217	-0.0
18	1218	0.0
18	1219	0.1
18	1220	0.0
18	1221	-0.0
18	1222	0.0
18	1223	0.1
18	1224	-0.1
18	1225	0.1
18	1226	0.1
18	1227	0.1
18	1228	0.0
18	1229	0.1
18	1230	0.1
18	1231	-0.0
18	1232	0.1
18	1233	-0.0
18	1234	-0.1
18	1235	0.0
18	1236	0.0
18	1237	0.2
18	1238	0.0
18	1239	0.1
18	1240	0.0
18	1241	0.1
18	1242	0.1
18	1243	-0.0
18	1244	0.0
18	1245	0.2
18	1246	-0.0
18	1247	-0.0
18	1248	0.0
18	1249	0.1
18	1250	-0.0
18	1251	-0.1
18	1252	-0.1
18	1253	0.1
18	1254	0.1
18	1255	0.1
18	1256	0.3
18	1257	-0.0
18	1258	0.0
18	1259	0.1
18	1260	-0.0
18	1261	0.1
18	1262	0.1
18	1263	-0.0
18	1264	0.1
18	1265	-0.0
18	1266	-0.0
18	1267	-0.0
18	1268	-0.0
18	1269	-0.0
18	1270	0.1
18	1271	0.1
18	1272	0.0
18	1273	0.1
18	1274	0.1
18	1275	-0.2
18	1276	-0.0
18	1277	0.0
18	1278	0.1
18	1279	0.1
18	1280	0.0
18	1281	0.1
18	1282	0.1
18	1283	0.1
18	1284	0.1
18	1285	0.1
18	1286	-0.0
18	1287	0.3
18	1288	0.2
18	1289	0.2
18	1290	0.1
18	1291	0.0
18	1292	-0.0
18	1293	-0.2
18	1294	0.1
18	1295	0.1
18	1296	0.2
18	1297	-0.1
18	1298	0.0
18	1299	-0.0
18	1300	0.0
18	1301	-0.0
18	1302	0.1
18	1303	0.1
18	1304	-0.0
18	1305	0.2
18	1306	-0.1
18	1307	0.1
18	1308	0.0
18	1309	0.1
18	1310	0.0
18	1311	0.1
18	1312	0.1
18	1313	0.1
18	1314	0.0
18	1315	0.0
18	1316	0.1
18	1317	-0.1
18	1318	0.1
18	1319	0.1
18	1320	-0.1
18	1321	-0.0
18	1322	0.1
18	1323	0.1
18	1324	0.0
18	1325	0.3
18	1326	0.0
18	1327	0.1
18	1328	-0.0
18	1329	0.1
18	1330	-0.0
18	1331	0.1
18	1332	0.1
18	1333	0.3
18	1334	0.2
18	1335	0.1
18	1336	0.1
18	1337	-0.0
18	1338	-0.1
18	1339	0.2
18	1340	0.1
18	1341	0.1
18	1342	0.0
18	1343	-0.1
18	1344	0.0
18	1345	0.2
18	1346	0.1
18	1347	0.1
18	1348	0.2
18	1349	0.1
18	1350	0.0
18	1351	0.0
18	1352	0.1
18	1353	0.1
18	1354	-0.1
18	1355	-0.0
18	1356	0.1
18	1357	0.2
18	1358	0.0
18	1359	0.1
18	1360	-0.1
18	1361	0.1
18	1362	0.3
18	1363	0.1
18	1364	-0.1
18	1365	0.3
18	1366	0.1
18	1367	-0.0
18	1368	0.1
18	1369	-0.0
18	1370	0.2
18	1371	0.4
18	1372	0.2
18	1373	0.1
18	1374	0.3
18	1375	-0.0
18	1376	-0.0
18	1377	0.1
18	1378	-0.1
18	1379	-0.0
18	1380	0.1
18	1381	-0.1
18	1382	0.2
18	1383	0.0
18	1384	0.2
18	1385	0.2
18	1386	0.1
18	1387	0.1
18	1388	0.0
18	1389	-0.0
18	1390	-0.1
18	1391	-0.1
18	1392	-0.1
18	1393	0.1
18	1394	-0.0
18	1395	0.0
18	1396	0.0
18	1397	0.0
18	1398	-0.2
18	1399	0.1
18	1400	-0.1
18	1401	0.1
18	1402	0.0
18	1403	0.3
18	1404	-0.1
18	1405	0.1
18	1406	0.2
18	1407	0.0
18	1408	-0.1
18	1409	-0.2
18	1410	0.0
18	1411	-0.0
18	1412	0.1
18	1413	0.0
18	1414	-0.1
18	1415	-0.0
18	1416	-0.0
18	1417	0.0
18	1418	0.0
18	1419	0.0
18	1420	0.0
18	1421	-0.0
18	1422	0.1
18	1423	0.1
18	1424	-0.1
18	1425	0.1
18	1426	0.0
18	1427	-0.1
18	1428	0.0
18	1429	0.1
18	1430	-0.1
18	1431	0.2
18	1432	0.1
18	1433	0.1
18	1434	0.2
18	1435	0.1
18	1436	-0.0
18	1437	0.1
18	1438	-0.0
18	1439	0.0
18	1440	0.1
18	1441	-0.0
18	1442	0.1
18	1443	0.1
18	1444	0.0
18	1445	0.0
18	1446	0.1
18	1447	-0.1
18	1448	0.0
18	1449	0.1
18	1450	-0.1
18	1451	-0.0
18	1452	-0.1
18	1453	-0.2
18	1454	0.1
18	1455	-0.2
18	1456	-0.0
18	1457	0.1
18	1458	0.1
18	1459	0.0
18	1460	-0.1
18	1461	0.1
18	1462	0.1
18	1463	0.1
18	1464	0.1
18	1465	0.3
18	1466	0.2
18	1467	0.3
18	1468	0.1
18	1469	-0.1
18	1470	0.0
18	1471	0.2
18	1472	0.1
18	1473	0.0
18	1474	-0.1
18	1475	-0.1
18	1476	0.0
18	1477	0.0
18	1478	0.2
18	1479	0.1
18	1480	0.1
18	1481	0.1
18	1482	0.1
18	1483	0.1
18	1484	0.2
18	1485	0.0
18	1486	0.2
18	1487	0.1
18	1488	0.0
18	1489	0.1
18	1490	0.0
18	1491	0.2
18	1492	0.2
18	1493	0.3
18	1494	0.1
18	1495	0.2
18	1496	0.1
18	1497	0.0
18	1498	0.2
18	1499	-0.1
18	1500	0.3
18	1501	0.0
18	1502	0.1
18	1503	0.0
18	1504	-0.0
18	1505	0.0
18	1506	0.0
18	1507	0.2
18	1508	-0.1
18	1509	0.0
18	1510	0.1
18	1511	0.1
18	1512	-0.0
18	1513	0.0
18	1514	-0.0
18	1515	0.2
18	1516	0.2
18	1517	0.0
18	1518	0.0
18	1519	-0.1
18	1520	0.1
18	1521	0.1
18	1522	-0.1
18	1523	0.1
18	1524	-0.0
18	1525	0.1
18	1526	0.1
18	1527	0.1
18	1528	0.0
18	1529	-0.0
18	1530	0.1
18	1531	-0.1
18	1532	0.2
18	1533	-0.0
18	1534	0.1
18	1535	0.0
18	1536	0.1
18	1537	0.1
18	1538	0.1
18	1539	0.0
18	1540	0.1
18	1541	0.1
18	1542	-0.1
18	1543	0.1
18	1544	0.1
18	1545	0.1
18	1546	0.2
18	1547	0.2
18	1548	0.1
18	1549	0.0
18	1550	0.1
18	1551	-0.1
18	1552	0.1
18	1553	0.0
18	1554	0.1
18	1555	-0.1
18	1556	0.1
18	1557	-0.1
18	1558	-0.0
18	1559	0.3
18	1560	0.1
18	1561	0.0
18	1562	0.3
18	1563	-0.2
18	1564	0.0
18	1565	0.1
18	1566	0.2
18	1567	0.3
18	1568	-0.2
18	1569	0.2
18	1570	0.0
18	1571	0.0
18	1572	-0.1
18	1573	0.0
18	1574	-0.0
18	1575	0.1
18	1576	0.0
18	1577	-0.1
18	1578	0.0
18	1579	0.3
18	1580	0.0
18	1581	-0.1
18	1582	-0.1
18	1583	-0.1
18	1584	0.1
18	1585	0.1
18	1586	0.1
18	1587	-0.1
18	1588	0.2
18	1589	0.1
18	1590	-0.1
18	1591	-0.1
18	1592	-0.0
18	1593	0.0
18	1594	0.2
18	1595	0.2
18	1596	-0.0
18	1597	0.2
18	1598	0.3
18	1599	0.2
18	1600	-0.1
18	1601	-0.0
18	1602	0.1
18	1603	0.0
18	1604	0.2
18	1605	-0.0
18	1606	-0.1
18	1607	0.1
18	1608	0.1
18	1609	0.1
18	1610	0.1
18	1611	0.1
18	1612	0.0
18	1613	-0.1
18	1614	0.0
18	1615	-0.0
18	1616	0.2
18	1617	-0.1
18	1618	0.2
18	1619	-0.1
18	1620	0.0
18	1621	-0.0
18	1622	-0.1
18	1623	0.1
18	1624	0.0
18	1625	-0.0
18	1626	-0.1
18	1627	0.0
18	1628	0.1
18	1629	0.2
18	1630	-0.1
18	1631	0.1
18	1632	0.1
18	1633	0.1
18	1634	0.1
18	1635	-0.1
18	1636	0.3
18	1637	0.1
18	1638	0.3
18	1639	0.3
18	1640	0.2
18	1641	0.1
18	1642	-0.1
18	1643	0.1
18	1644	-0.0
18	1645	0.2
18	1646	0.1
18	1647	-0.0
18	1648	0.3
18	1649	0.2
18	1650	0.1
18	1651	0.2
18	1652	0.2
18	1653	0.1
18	1654	0.2
18	1655	0.3
18	1656	0.1
18	1657	0.2
18	1658	0.1
18	1659	0.1
18	1660	0.0
18	1661	0.3
18	1662	0.2
18	1663	0.2
18	1664	0.2
18	1665	0.1
18	1666	0.2
18	1667	0.2
18	1668	0.2
18	1669	0.1
18	1670	-0.0
18	1671	0.2
18	1672	0.0
18	1673	0.2
18	1674	0.2
18	1675	-0.1
18	1676	0.1
18	1677	0.2
18	1678	0.2
18	1679	0.2
18	1680	0.2
18	1681	0.2
18	1682	0.2
