user	item	predicted_rating	rating
26	1	0.0	14016432
26	2	0.0
26	3	-0.0
26	4	-0.0
26	5	-0.0
26	6	-0.0
26	7	0.0	14016432
26	8	-0.0
26	9	-0.0	14016432
26	10	0.1
26	11	0.0
26	12	-0.0
26	13	0.0	14016432
26	14	0.1	14016432
26	15	0.1	14016432
26	16	-0.1
26	17	-0.0
26	18	0.0
26	19	0.0
26	20	0.0
26	21	-0.0
26	22	0.0
26	23	-0.0
26	24	0.0	14016432
26	25	0.1	14016432
26	26	0.0
26	27	-0.0
26	28	0.1
26	29	0.0
26	30	0.1
26	31	-0.0
26	32	-0.0
26	33	-0.0
26	34	0.0
26	35	0.0
26	36	-0.0
26	37	0.0
26	38	-0.0
26	39	-0.0
26	40	0.0
26	41	0.0
26	42	-0.0
26	43	0.0
26	44	0.0
26	45	0.0
26	46	0.0
26	47	0.0
26	48	0.0
26	49	0.0
26	50	-0.0	14016432
26	51	0.1
26	52	-0.0
26	53	0.0
26	54	-0.0
26	55	0.0
26	56	-0.1
26	57	0.0
26	58	0.0
26	59	-0.0
26	60	0.0
26	61	-0.0
26	62	0.1
26	63	-0.0
26	64	-0.0
26	65	-0.0
26	66	0.0
26	67	-0.0
26	68	0.0
26	69	0.0
26	70	0.0
26	71	-0.0
26	72	0.0
26	73	0.0
26	74	0.0
26	75	-0.1
26	76	0.0
26	77	0.0
26	78	0.0
26	79	0.0
26	80	0.0
26	81	-0.0
26	82	-0.0
26	83	0.0
26	84	-0.0
26	85	0.0
26	86	-0.0
26	87	0.0
26	88	0.0
26	89	0.0
26	90	0.0
26	91	0.0
26	92	0.1
26	93	-0.1
26	94	-0.0
26	95	0.0
26	96	-0.0
26	97	-0.0
26	98	-0.0
26	99	-0.0
26	100	-0.0	14016432
26	101	0.1
26	102	0.0
26	103	0.0
26	104	-0.0
26	105	-0.0
26	106	0.0
26	107	0.0
26	108	0.0
26	109	-0.0	14016432
26	110	0.1
26	111	-0.0	14016432
26	112	-0.0
26	113	0.0
26	114	0.0
26	115	-0.0
26	116	-0.0	14016432
26	117	0.0	14016432
26	118	-0.0	14016432
26	119	-0.0
26	120	-0.0
26	121	0.0	14016432
26	122	0.0	14016432
26	123	0.0
26	124	0.1
26	125	-0.0	14016432
26	126	0.0	14016432
26	127	-0.0	14016432
26	128	0.0
26	129	0.1	14016432
26	130	-0.0
26	131	-0.0
26	132	0.0
26	133	0.0
26	134	0.0
26	135	-0.0
26	136	-0.0
26	137	-0.0
26	138	0.0
26	139	-0.1
26	140	0.1
26	141	0.0
26	142	-0.0
26	143	0.0
26	144	-0.1
26	145	0.1
26	146	0.0
26	147	0.0
26	148	0.0	14016432
26	149	-0.0
26	150	0.1	14016432
26	151	0.0	14016432
26	152	0.0
26	153	0.0
26	154	0.1
26	155	0.1
26	156	-0.0
26	157	0.0
26	158	0.0
26	159	0.0
26	160	-0.0
26	161	-0.0
26	162	0.0
26	163	0.0
26	164	0.0
26	165	0.1
26	166	-0.0
26	167	0.0
26	168	0.0
26	169	0.0
26	170	0.1
26	171	0.0
26	172	-0.0
26	173	-0.0
26	174	0.0
26	175	0.0
26	176	-0.0
26	177	0.1
26	178	-0.0
26	179	-0.0
26	180	0.0
26	181	0.0	14016432
26	182	0.0
26	183	0.0
26	184	0.0
26	185	0.1
26	186	0.0
26	187	-0.0
26	188	-0.0
26	189	-0.1
26	190	-0.1
26	191	0.0
26	192	-0.0
26	193	-0.1
26	194	-0.0
26	195	0.1
26	196	-0.0
26	197	-0.0
26	198	-0.0
26	199	-0.0
26	200	0.1
26	201	0.0
26	202	0.0
26	203	0.0
26	204	-0.0
26	205	-0.0
26	206	0.0
26	207	0.1
26	208	0.1
26	209	0.0
26	210	0.0
26	211	0.0
26	212	-0.0
26	213	0.0
26	214	0.1
26	215	0.0
26	216	0.1
26	217	-0.0
26	218	0.0
26	219	-0.0
26	220	0.0
26	221	-0.0
26	222	-0.0	14016432
26	223	-0.0
26	224	-0.0
26	225	0.1
26	226	0.0
26	227	0.0
26	228	0.1
26	229	-0.0
26	230	0.0
26	231	0.0
26	232	-0.0
26	233	-0.0
26	234	0.1
26	235	0.0	14016432
26	236	0.0
26	237	0.0	14016432
26	238	-0.0
26	239	-0.0
26	240	0.0	14016432
26	241	-0.0
26	242	0.0
26	243	0.0
26	244	0.1
26	245	0.0
26	246	0.0	14016432
26	247	0.0
26	248	-0.0	14016432
26	249	-0.0	14016432
26	250	0.0	14016432
26	251	0.1
26	252	0.0	14016432
26	253	0.1
26	254	0.1
26	255	0.0	14016432
26	256	0.2
26	257	0.0	14016432
26	258	0.0	14016432
26	259	0.0
26	260	0.1
26	261	-0.0
26	262	-0.0
26	263	-0.0
26	264	0.1
26	265	0.1
26	266	0.0
26	267	0.1
26	268	0.1
26	269	0.1	14016432
26	270	0.0
26	271	-0.1	14016432
26	272	0.0
26	273	-0.0
26	274	-0.0	14016432
26	275	0.0
26	276	-0.0	14016432
26	277	-0.0
26	278	0.0
26	279	-0.1
26	280	0.1
26	281	0.0
26	282	-0.0	14016432
26	283	0.1	14016432
26	284	-0.0	14016432
26	285	0.1
26	286	0.0	14016432
26	287	0.1
26	288	0.0	14016432
26	289	0.0
26	290	0.0
26	291	0.0	14016432
26	292	0.1	14016432
26	293	0.0	14016432
26	294	0.1	14016432
26	295	0.1
26	296	-0.0
26	297	0.0
26	298	0.0	14016432
26	299	0.0
26	300	-0.1	14016432
26	301	-0.0
26	302	-0.1	14016432
26	303	-0.0
26	304	0.1	14016432
26	305	-0.1
26	306	0.0
26	307	0.1
26	308	-0.0
26	309	-0.1
26	310	0.0
26	311	-0.0
26	312	0.0
26	313	-0.0	14016432
26	314	0.1
26	315	-0.0	14016432
26	316	0.0	14016432
26	317	0.0
26	318	0.0
26	319	-0.0
26	320	-0.0
26	321	-0.0	14016432
26	322	-0.1	14016432
26	323	0.0	14016432
26	324	0.0
26	325	0.1
26	326	-0.0
26	327	0.0
26	328	0.0	14016432
26	329	0.1
26	330	-0.0
26	331	-0.0
26	332	0.1
26	333	0.0	14016432
26	334	0.0
26	335	0.0
26	336	0.1
26	337	0.1
26	338	0.0
26	339	0.1
26	340	0.0
26	341	-0.1
26	342	-0.0
26	343	-0.0	14016432
26	344	0.1
26	345	-0.0
26	346	0.1
26	347	0.1
26	348	0.1
26	349	0.0
26	350	0.0
26	351	-0.0
26	352	0.1
26	353	0.1
26	354	0.0
26	355	0.0
26	356	0.0
26	357	-0.0
26	358	0.0
26	359	0.0
26	360	-0.0
26	361	0.0
26	362	0.1
26	363	0.0
26	364	0.0
26	365	0.0
26	366	0.0
26	367	0.0
26	368	0.0
26	369	0.0	14016432
26	370	0.0
26	371	0.0
26	372	0.0
26	373	-0.0
26	374	0.0
26	375	-0.0
26	376	-0.0
26	377	0.1
26	378	-0.0
26	379	0.0
26	380	0.0
26	381	0.0
26	382	-0.0
26	383	-0.0
26	384	0.0
26	385	0.0
26	386	-0.0
26	387	0.1
26	388	0.1
26	389	0.0
26	390	-0.1
26	391	-0.0
26	392	-0.0
26	393	0.0
26	394	0.0
26	395	-0.0
26	396	0.0
26	397	0.1
26	398	-0.1
26	399	-0.0
26	400	-0.1
26	401	0.0
26	402	-0.0
26	403	-0.0
26	404	0.0
26	405	-0.0	14016432
26	406	0.1
26	407	-0.0
26	408	0.1
26	409	0.0
26	410	-0.1	14016432
26	411	0.1
26	412	0.1
26	413	0.0	14016432
26	414	0.0
26	415	0.1
26	416	0.0
26	417	-0.0
26	418	0.0
26	419	0.0
26	420	0.1
26	421	-0.0
26	422	0.0
26	423	0.1
26	424	-0.1
26	425	-0.0
26	426	-0.0
26	427	0.1
26	428	0.0
26	429	0.0
26	430	-0.0
26	431	-0.1
26	432	0.0
26	433	0.0
26	434	0.0
26	435	0.0
26	436	0.1
26	437	-0.1
26	438	-0.1
26	439	0.2
26	440	0.1
26	441	-0.0
26	442	-0.1
26	443	0.0
26	444	0.0
26	445	0.0
26	446	0.0
26	447	-0.0
26	448	-0.0
26	449	0.0
26	450	0.0
26	451	-0.0
26	452	0.0
26	453	0.0
26	454	0.0
26	455	-0.1	14016432
26	456	0.0	14016432
26	457	0.1
26	458	0.2	14016432
26	459	0.0
26	460	0.1
26	461	-0.0
26	462	0.1
26	463	-0.0
26	464	-0.0
26	465	0.0
26	466	-0.0
26	467	-0.0
26	468	0.0
26	469	0.0
26	470	0.0
26	471	0.0	14016432
26	472	-0.1
26	473	0.0
26	474	-0.0
26	475	-0.1	14016432
26	476	0.1	14016432
26	477	0.0
26	478	0.1
26	479	0.1
26	480	-0.0
26	481	0.0
26	482	-0.0
26	483	0.0
26	484	-0.0
26	485	0.1
26	486	0.0
26	487	0.0
26	488	0.1
26	489	-0.1
26	490	0.0
26	491	-0.0
26	492	0.0
26	493	0.0
26	494	0.0
26	495	0.0
26	496	0.0
26	497	0.1
26	498	0.0
26	499	-0.1
26	500	-0.0
26	501	0.0
26	502	0.0
26	503	0.0
26	504	-0.0
26	505	-0.1
26	506	0.0
26	507	-0.0
26	508	0.1	14016432
26	509	0.1
26	510	0.1
26	511	-0.0
26	512	0.0
26	513	0.0
26	514	-0.0
26	515	0.0	14016432
26	516	0.1
26	517	0.0
26	518	-0.0
26	519	0.1
26	520	-0.1
26	521	0.0
26	522	-0.0
26	523	-0.1
26	524	0.0
26	525	0.0
26	526	0.1
26	527	-0.0
26	528	-0.0
26	529	-0.0
26	530	0.0
26	531	0.1
26	532	0.0
26	533	0.0
26	534	0.0
26	535	0.0
26	536	-0.1
26	537	0.1
26	538	-0.0
26	539	0.1
26	540	-0.0
26	541	0.0
26	542	0.1
26	543	-0.0
26	544	0.0
26	545	-0.1
26	546	-0.1	14016432
26	547	-0.0
26	548	0.2
26	549	0.1
26	550	0.1
26	551	0.0
26	552	-0.0
26	553	0.0
26	554	0.0
26	555	0.1
26	556	0.0
26	557	-0.0
26	558	-0.0
26	559	0.0
26	560	0.0
26	561	-0.0
26	562	-0.1
26	563	0.0
26	564	0.0
26	565	0.1
26	566	-0.0
26	567	0.1
26	568	-0.1
26	569	0.1
26	570	0.0
26	571	0.1
26	572	0.1
26	573	0.0
26	574	-0.0
26	575	0.0
26	576	-0.0
26	577	-0.0
26	578	-0.0
26	579	0.0
26	580	0.1
26	581	0.1
26	582	-0.0
26	583	-0.0
26	584	0.1
26	585	-0.0
26	586	-0.0
26	587	0.0
26	588	0.0
26	589	0.1
26	590	-0.0
26	591	0.0	14016432
26	592	0.3
26	593	-0.1
26	594	0.0
26	595	-0.0
26	596	0.0
26	597	0.1	14016432
26	598	0.0
26	599	0.2
26	600	-0.1
26	601	-0.0
26	602	0.0
26	603	0.0
26	604	-0.1
26	605	0.0
26	606	-0.1
26	607	-0.0
26	608	-0.1
26	609	-0.0
26	610	0.0
26	611	-0.0
26	612	0.0
26	613	0.0
26	614	0.1
26	615	0.1
26	616	0.0
26	617	0.1
26	618	-0.0
26	619	0.0
26	620	0.0
26	621	0.1
26	622	0.1
26	623	0.1
26	624	-0.0
26	625	0.0
26	626	-0.0
26	627	0.0
26	628	-0.0	14016432
26	629	-0.0
26	630	0.0
26	631	0.0
26	632	0.1
26	633	0.0
26	634	0.1
26	635	-0.0
26	636	0.0
26	637	0.1
26	638	-0.0
26	639	0.0
26	640	0.1
26	641	-0.0
26	642	0.0
26	643	-0.1
26	644	-0.0
26	645	-0.0
26	646	0.0
26	647	0.1
26	648	-0.0
26	649	-0.0
26	650	-0.0
26	651	-0.0
26	652	0.0
26	653	-0.1
26	654	-0.0
26	655	0.1
26	656	0.1
26	657	-0.0
26	658	-0.0
26	659	0.0
26	660	-0.0
26	661	-0.0
26	662	-0.0
26	663	-0.0
26	664	-0.0
26	665	-0.0
26	666	0.1
26	667	-0.0
26	668	0.0
26	669	0.1
26	670	-0.0
26	671	0.0
26	672	0.0
26	673	-0.0
26	674	0.0
26	675	0.0
26	676	0.0
26	677	0.4
26	678	0.0	14016432
26	679	0.1
26	680	0.0
26	681	0.0
26	682	-0.0
26	683	-0.0	14016432
26	684	0.1
26	685	0.1	14016432
26	686	0.0
26	687	0.0
26	688	0.1
26	689	0.1
26	690	0.0
26	691	-0.1
26	692	0.0
26	693	-0.0
26	694	0.0
26	695	0.1
26	696	-0.0
26	697	0.0
26	698	0.1
26	699	-0.0
26	700	0.0
26	701	0.1
26	702	-0.0
26	703	0.1
26	704	-0.0
26	705	-0.0
26	706	0.4
26	707	0.1
26	708	0.0
26	709	-0.0
26	710	0.0
26	711	-0.1
26	712	0.0
26	713	-0.0
26	714	0.0
26	715	0.1
26	716	0.0
26	717	-0.0
26	718	0.0
26	719	0.0
26	720	0.0
26	721	0.0
26	722	0.0
26	723	0.0
26	724	0.0
26	725	0.0
26	726	-0.0
26	727	0.0
26	728	0.0
26	729	0.0
26	730	-0.0
26	731	0.0
26	732	0.1
26	733	0.1
26	734	0.0
26	735	-0.0
26	736	-0.0
26	737	0.0
26	738	0.0
26	739	0.0
26	740	0.1
26	741	0.0
26	742	-0.0	14016432
26	743	0.0
26	744	-0.0
26	745	-0.0
26	746	0.0
26	747	-0.0
26	748	0.0	14016432
26	749	-0.0
26	750	0.1	14016432
26	751	0.1	14016432
26	752	0.1
26	753	-0.0
26	754	0.1
26	755	-0.1
26	756	0.1
26	757	-0.1
26	758	0.1
26	759	0.0
26	760	0.0	14016432
26	761	-0.0
26	762	0.0
26	763	-0.0
26	764	-0.0
26	765	-0.0
26	766	0.1
26	767	0.1
26	768	0.1
26	769	-0.0
26	770	-0.1
26	771	0.0
26	772	-0.0
26	773	0.0
26	774	-0.0
26	775	0.0
26	776	0.1
26	777	-0.0
26	778	0.0
26	779	-0.1
26	780	0.0
26	781	0.0
26	782	-0.0
26	783	0.0
26	784	0.2
26	785	-0.0
26	786	0.2
26	787	0.0
26	788	0.2
26	789	0.0
26	790	-0.0
26	791	0.1
26	792	-0.0
26	793	0.0
26	794	-0.0
26	795	-0.0
26	796	0.0
26	797	-0.0
26	798	0.2
26	799	0.1
26	800	-0.0
26	801	0.1
26	802	-0.0
26	803	0.1
26	804	-0.0
26	805	0.0
26	806	0.0
26	807	0.2
26	808	-0.1
26	809	0.0
26	810	-0.0
26	811	0.0
26	812	-0.0
26	813	-0.1
26	814	0.2
26	815	0.1	14016432
26	816	0.3
26	817	0.1
26	818	-0.1
26	819	-0.0
26	820	0.1
26	821	0.1
26	822	0.0
26	823	0.0
26	824	0.0
26	825	0.1
26	826	-0.0
26	827	0.0
26	828	0.1
26	829	0.0
26	830	0.2
26	831	-0.1	14016432
26	832	-0.0
26	833	0.0
26	834	0.0
26	835	0.1
26	836	0.0
26	837	0.0
26	838	0.1
26	839	-0.0
26	840	0.0	14016432
26	841	0.0	14016432
26	842	0.1
26	843	-0.0
26	844	-0.0
26	845	0.0	14016432
26	846	-0.0
26	847	0.0
26	848	0.0
26	849	0.1
26	850	0.1
26	851	0.1
26	852	0.1
26	853	-0.1
26	854	0.1
26	855	0.0
26	856	0.0
26	857	-0.1
26	858	0.0
26	859	0.2
26	860	0.0
26	861	0.1
26	862	-0.0
26	863	0.0
26	864	0.1	14016432
26	865	0.1
26	866	-0.0
26	867	-0.1
26	868	0.2
26	869	0.0
26	870	0.0
26	871	0.0	14016432
26	872	0.1
26	873	-0.1
26	874	0.1
26	875	0.0
26	876	0.1
26	877	0.0
26	878	-0.0
26	879	-0.0
26	880	0.1
26	881	0.0
26	882	-0.0
26	883	-0.0
26	884	0.0
26	885	0.0
26	886	0.0
26	887	-0.0
26	888	0.0
26	889	0.0
26	890	0.1
26	891	0.1
26	892	0.1
26	893	0.1
26	894	-0.0
26	895	0.0
26	896	0.0
26	897	-0.0
26	898	-0.1
26	899	0.0
26	900	0.1
26	901	0.1
26	902	0.0
26	903	0.1
26	904	-0.1
26	905	0.1
26	906	-0.0
26	907	0.2
26	908	0.1
26	909	0.0
26	910	-0.1
26	911	0.1
26	912	0.0
26	913	0.3
26	914	-0.0
26	915	0.1
26	916	0.1
26	917	0.1
26	918	0.1
26	919	-0.1
26	920	-0.0
26	921	-0.0
26	922	0.0
26	923	0.0
26	924	0.0
26	925	0.0
26	926	-0.0	14016432
26	927	-0.1
26	928	0.0
26	929	0.1
26	930	0.0	14016432
26	931	0.0
26	932	0.1
26	933	0.0
26	934	0.0
26	935	0.2
26	936	-0.0	14016432
26	937	0.1
26	938	0.0
26	939	0.0
26	940	-0.0
26	941	0.0
26	942	0.0
26	943	-0.0
26	944	0.0
26	945	0.0
26	946	0.0
26	947	-0.1
26	948	0.0
26	949	0.0
26	950	-0.0
26	951	0.0
26	952	-0.1
26	953	-0.0
26	954	0.0
26	955	0.0
26	956	0.0
26	957	-0.3
26	958	-0.0
26	959	-0.0
26	960	0.1
26	961	-0.0
26	962	0.0
26	963	-0.0
26	964	-0.1
26	965	-0.0
26	966	0.0
26	967	-0.1
26	968	0.0
26	969	-0.1
26	970	0.1
26	971	-0.0
26	972	-0.0
26	973	-0.0
26	974	0.1
26	975	0.1
26	976	-0.1
26	977	0.1
26	978	-0.0
26	979	-0.0	14016432
26	980	0.0
26	981	0.1
26	982	0.0
26	983	-0.0
26	984	0.0
26	985	0.0
26	986	0.0
26	987	0.2
26	988	-0.1
26	989	-0.1
26	990	0.1
26	991	-0.0
26	992	0.3
26	993	-0.0
26	994	0.0
26	995	0.1
26	996	0.1
26	997	-0.0
26	998	0.0
26	999	0.0
26	1000	0.0
26	1001	0.1
26	1002	0.0
26	1003	0.0
26	1004	-0.2
26	1005	0.0
26	1006	0.1
26	1007	0.1
26	1008	0.1	14016432
26	1009	0.1	14016432
26	1010	0.0	14016432
26	1011	-0.0	14016432
26	1012	0.0	14016432
26	1013	0.1	14016432
26	1014	0.0	14016432
26	1015	0.2	14016432
26	1016	0.1	14016432
26	1017	-0.0
26	1018	0.0
26	1019	0.0
26	1020	0.0
26	1021	0.0
26	1022	0.0
26	1023	0.1
26	1024	-0.0
26	1025	-0.0
26	1026	-0.0
26	1027	0.2
26	1028	0.0
26	1029	0.2
26	1030	0.0
26	1031	0.1
26	1032	-0.0
26	1033	0.0
26	1034	-0.0
26	1035	-0.0
26	1036	-0.0
26	1037	0.0
26	1038	-0.0
26	1039	0.1
26	1040	0.0
26	1041	-0.0
26	1042	0.1
26	1043	0.2
26	1044	-0.0
26	1045	-0.0
26	1046	-0.0
26	1047	-0.1
26	1048	-0.0
26	1049	0.1
26	1050	-0.0
26	1051	-0.0
26	1052	-0.0
26	1053	-0.1
26	1054	-0.0
26	1055	0.1
26	1056	0.1
26	1057	0.0
26	1058	0.1
26	1059	-0.0
26	1060	0.0
26	1061	0.0
26	1062	0.0
26	1063	0.0
26	1064	0.1
26	1065	-0.1
26	1066	0.1
26	1067	0.0
26	1068	0.2
26	1069	0.0
26	1070	-0.0
26	1071	0.1
26	1072	0.0
26	1073	0.0
26	1074	-0.0
26	1075	-0.0
26	1076	-0.0
26	1077	0.0
26	1078	-0.0
26	1079	0.0
26	1080	0.2
26	1081	0.0
26	1082	0.0
26	1083	0.1
26	1084	0.0
26	1085	0.1
26	1086	0.0
26	1087	0.0
26	1088	-0.0
26	1089	0.0
26	1090	-0.0
26	1091	0.0
26	1092	0.1
26	1093	0.0
26	1094	0.0
26	1095	0.0
26	1096	0.3
26	1097	0.0
26	1098	0.0
26	1099	-0.1
26	1100	-0.1
26	1101	0.0
26	1102	0.1
26	1103	0.1
26	1104	0.0
26	1105	0.1
26	1106	0.1
26	1107	0.0
26	1108	-0.0
26	1109	0.0
26	1110	-0.1
26	1111	-0.0
26	1112	0.1
26	1113	0.1
26	1114	-0.1
26	1115	-0.0
26	1116	0.0
26	1117	0.0
26	1118	0.0
26	1119	0.0
26	1120	0.0
26	1121	0.0
26	1122	0.1
26	1123	0.2
26	1124	-0.0
26	1125	0.4
26	1126	-0.0
26	1127	0.0
26	1128	0.0
26	1129	0.1
26	1130	0.1
26	1131	0.1
26	1132	0.0
26	1133	-0.0
26	1134	-0.0
26	1135	-0.0
26	1136	-0.0
26	1137	0.0
26	1138	0.2
26	1139	-0.0
26	1140	-0.1
26	1141	0.1
26	1142	-0.0
26	1143	0.0
26	1144	0.1
26	1145	0.2
26	1146	0.2
26	1147	0.1
26	1148	0.0
26	1149	-0.0
26	1150	0.0
26	1151	0.0
26	1152	-0.0
26	1153	0.0
26	1154	0.1
26	1155	0.0
26	1156	0.2
26	1157	0.0
26	1158	0.2
26	1159	0.2
26	1160	0.1
26	1161	-0.0
26	1162	0.1
26	1163	-0.0
26	1164	0.2
26	1165	0.0
26	1166	0.0
26	1167	-0.0
26	1168	0.0
26	1169	-0.0
26	1170	-0.0
26	1171	-0.1
26	1172	-0.0
26	1173	0.2
26	1174	-0.0
26	1175	0.2
26	1176	0.0
26	1177	-0.0
26	1178	-0.0
26	1179	-0.0
26	1180	-0.0
26	1181	0.1
26	1182	-0.0
26	1183	0.1
26	1184	-0.0
26	1185	-0.0
26	1186	-0.0
26	1187	-0.0
26	1188	0.0
26	1189	0.4
26	1190	0.1
26	1191	0.1
26	1192	-0.0
26	1193	-0.0
26	1194	0.1
26	1195	0.1
26	1196	0.1
26	1197	0.1
26	1198	0.0
26	1199	0.1
26	1200	0.1
26	1201	0.2
26	1202	0.1
26	1203	-0.0
26	1204	-0.1
26	1205	0.1
26	1206	0.1
26	1207	0.0
26	1208	-0.0
26	1209	0.1
26	1210	0.1
26	1211	0.1
26	1212	0.0
26	1213	0.1
26	1214	-0.0
26	1215	0.1
26	1216	0.1
26	1217	0.0
26	1218	0.1
26	1219	0.0
26	1220	-0.0
26	1221	0.0
26	1222	-0.1
26	1223	0.0
26	1224	0.0
26	1225	0.0
26	1226	0.0
26	1227	0.1
26	1228	0.0
26	1229	0.1
26	1230	-0.0
26	1231	0.0
26	1232	-0.0
26	1233	0.0
26	1234	0.1
26	1235	0.2
26	1236	0.1
26	1237	0.1
26	1238	-0.1
26	1239	0.1
26	1240	0.0
26	1241	0.0
26	1242	0.0
26	1243	-0.0
26	1244	0.1
26	1245	0.0
26	1246	-0.0
26	1247	0.1
26	1248	0.1
26	1249	0.1
26	1250	0.2
26	1251	-0.0
26	1252	0.0
26	1253	0.2
26	1254	0.1
26	1255	0.1
26	1256	0.2
26	1257	0.1
26	1258	0.0
26	1259	0.3
26	1260	0.1
26	1261	-0.0
26	1262	0.1
26	1263	0.0
26	1264	0.0
26	1265	-0.0
26	1266	0.2
26	1267	-0.0
26	1268	0.0
26	1269	0.0
26	1270	0.0
26	1271	-0.0
26	1272	0.1
26	1273	-0.0
26	1274	0.1
26	1275	0.1
26	1276	-0.0
26	1277	0.0
26	1278	0.0
26	1279	-0.0
26	1280	0.0
26	1281	-0.0
26	1282	0.2
26	1283	0.1
26	1284	0.1
26	1285	0.1
26	1286	0.0
26	1287	0.0
26	1288	-0.1
26	1289	-0.1
26	1290	-0.0
26	1291	0.1
26	1292	0.3
26	1293	0.1
26	1294	0.0
26	1295	0.0
26	1296	0.1
26	1297	-0.0
26	1298	0.1
26	1299	0.1
26	1300	0.1
26	1301	0.0
26	1302	0.0
26	1303	0.0
26	1304	0.2
26	1305	-0.0
26	1306	0.3
26	1307	0.4
26	1308	0.0
26	1309	0.0
26	1310	0.2
26	1311	0.0
26	1312	-0.0
26	1313	0.0
26	1314	0.1
26	1315	0.0
26	1316	-0.0
26	1317	0.0
26	1318	-0.0
26	1319	0.0
26	1320	-0.0
26	1321	-0.0
26	1322	0.1
26	1323	0.3
26	1324	0.0
26	1325	0.2
26	1326	0.1
26	1327	-0.0
26	1328	0.2
26	1329	0.2
26	1330	0.0
26	1331	0.1
26	1332	0.3
26	1333	0.0
26	1334	0.1
26	1335	0.0
26	1336	-0.0
26	1337	0.1
26	1338	-0.0
26	1339	0.2
26	1340	-0.0
26	1341	-0.0
26	1342	0.3
26	1343	0.2
26	1344	0.1
26	1345	0.1
26	1346	-0.0
26	1347	0.0
26	1348	-0.0
26	1349	0.2
26	1350	0.2
26	1351	0.0
26	1352	0.2
26	1353	0.0
26	1354	-0.0
26	1355	-0.1
26	1356	0.1
26	1357	-0.1
26	1358	0.0
26	1359	0.1
26	1360	0.0
26	1361	-0.0
26	1362	0.0
26	1363	0.0
26	1364	0.1
26	1365	0.2
26	1366	0.0
26	1367	0.1
26	1368	-0.1
26	1369	0.0
26	1370	0.1
26	1371	0.3
26	1372	0.2
26	1373	0.3
26	1374	0.1
26	1375	0.0
26	1376	0.1
26	1377	0.3
26	1378	0.2
26	1379	0.2
26	1380	0.1
26	1381	0.0
26	1382	0.0
26	1383	0.1
26	1384	0.1
26	1385	0.0
26	1386	0.0
26	1387	-0.0
26	1388	0.0
26	1389	0.2
26	1390	0.3
26	1391	0.1
26	1392	0.0
26	1393	0.0
26	1394	0.1
26	1395	-0.0
26	1396	0.1
26	1397	0.0
26	1398	0.0
26	1399	0.1
26	1400	0.2
26	1401	0.0
26	1402	0.1
26	1403	-0.0
26	1404	-0.0
26	1405	0.2
26	1406	0.1
26	1407	0.1
26	1408	-0.0
26	1409	-0.1
26	1410	-0.0
26	1411	0.0
26	1412	0.1
26	1413	0.1
26	1414	0.3
26	1415	0.1
26	1416	-0.0
26	1417	-0.1
26	1418	0.0
26	1419	0.1
26	1420	0.4
26	1421	0.0
26	1422	0.1
26	1423	0.2
26	1424	0.2
26	1425	0.0
26	1426	0.0
26	1427	0.1
26	1428	0.0
26	1429	0.2
26	1430	-0.1
26	1431	0.0
26	1432	0.0
26	1433	-0.0
26	1434	0.0
26	1435	0.1
26	1436	0.1
26	1437	-0.1
26	1438	0.2
26	1439	0.1
26	1440	0.1
26	1441	-0.1
26	1442	-0.1
26	1443	0.1
26	1444	-0.0
26	1445	0.0
26	1446	0.0
26	1447	-0.1
26	1448	0.1
26	1449	0.0
26	1450	-0.0
26	1451	0.0
26	1452	0.0
26	1453	0.1
26	1454	-0.0
26	1455	-0.1
26	1456	0.0
26	1457	0.1
26	1458	-0.1
26	1459	-0.0
26	1460	0.2
26	1461	0.1
26	1462	-0.0
26	1463	-0.0
26	1464	0.0
26	1465	0.0
26	1466	0.0
26	1467	0.3
26	1468	0.0
26	1469	0.0
26	1470	0.1
26	1471	0.1
26	1472	0.0
26	1473	0.0
26	1474	0.0
26	1475	0.1
26	1476	0.0
26	1477	-0.1
26	1478	0.2
26	1479	0.1
26	1480	-0.0
26	1481	0.4
26	1482	0.4
26	1483	0.0
26	1484	-0.0
26	1485	0.2
26	1486	0.0
26	1487	-0.0
26	1488	0.1
26	1489	-0.0
26	1490	-0.1
26	1491	-0.1
26	1492	-0.2
26	1493	-0.2
26	1494	0.2
26	1495	0.2
26	1496	0.3
26	1497	-0.1
26	1498	0.1
26	1499	-0.0
26	1500	0.2
26	1501	0.0
26	1502	0.0
26	1503	0.0
26	1504	0.1
26	1505	0.0
26	1506	0.3
26	1507	0.1
26	1508	0.1
26	1509	-0.0
26	1510	0.0
26	1511	-0.0
26	1512	-0.1
26	1513	0.3
26	1514	-0.0
26	1515	0.0
26	1516	0.3
26	1517	0.1
26	1518	0.1
26	1519	-0.2
26	1520	-0.0
26	1521	-0.1
26	1522	0.0
26	1523	0.0
26	1524	-0.0
26	1525	0.2
26	1526	0.3
26	1527	0.3
26	1528	0.1
26	1529	0.2
26	1530	0.0
26	1531	0.3
26	1532	0.1
26	1533	0.3
26	1534	-0.1
26	1535	-0.1
26	1536	-0.0
26	1537	0.0
26	1538	-0.0
26	1539	0.1
26	1540	-0.1
26	1541	0.2
26	1542	-0.1
26	1543	0.2
26	1544	0.3
26	1545	-0.2
26	1546	0.2
26	1547	0.2
26	1548	-0.0
26	1549	0.1
26	1550	-0.0
26	1551	0.1
26	1552	0.5
26	1553	0.0
26	1554	0.3
26	1555	0.1
26	1556	0.4
26	1557	0.5
26	1558	0.2
26	1559	0.2
26	1560	0.2
26	1561	0.1
26	1562	0.1
26	1563	0.1
26	1564	-0.1
26	1565	0.0
26	1566	0.1
26	1567	0.1
26	1568	-0.1
26	1569	0.1
26	1570	0.4
26	1571	0.3
26	1572	0.4
26	1573	0.3
26	1574	0.2
26	1575	0.3
26	1576	-0.0
26	1577	0.3
26	1578	-0.1
26	1579	0.2
26	1580	0.3
26	1581	0.2
26	1582	0.2
26	1583	0.0
26	1584	-0.1
26	1585	0.0
26	1586	0.4
26	1587	0.1
26	1588	0.1
26	1589	0.1
26	1590	0.2
26	1591	0.1
26	1592	-0.0
26	1593	-0.1
26	1594	0.3
26	1595	0.1
26	1596	0.2
26	1597	0.0
26	1598	0.0
26	1599	-0.1
26	1600	0.1
26	1601	0.2
26	1602	0.2
26	1603	0.5
26	1604	0.2
26	1605	-0.1
26	1606	-0.0
26	1607	-0.0
26	1608	-0.0
26	1609	0.3
26	1610	-0.0
26	1611	0.1
26	1612	0.3
26	1613	0.3
26	1614	0.2
26	1615	0.0
26	1616	0.1
26	1617	0.2
26	1618	0.0
26	1619	0.2
26	1620	-0.1
26	1621	0.0
26	1622	0.0
26	1623	0.2
26	1624	0.3
26	1625	-0.1
26	1626	0.0
26	1627	0.4
26	1628	0.0
26	1629	0.1
26	1630	0.2
26	1631	0.1
26	1632	0.4
26	1633	0.2
26	1634	-0.0
26	1635	-0.1
26	1636	0.4
26	1637	0.3
26	1638	-0.1
26	1639	0.0
26	1640	0.4
26	1641	0.2
26	1642	-0.1
26	1643	0.1
26	1644	0.2
26	1645	0.4
26	1646	0.2
26	1647	0.2
26	1648	-0.0
26	1649	0.4
26	1650	0.2
26	1651	0.1
26	1652	0.2
26	1653	0.0
26	1654	0.5
26	1655	0.0
26	1656	0.3
26	1657	0.4
26	1658	0.2
26	1659	-0.0
26	1660	0.1
26	1661	0.4
26	1662	0.1
26	1663	0.2
26	1664	0.1
26	1665	0.4
26	1666	-0.0
26	1667	0.4
26	1668	0.6
26	1669	0.6
26	1670	0.2
26	1671	0.2
26	1672	-0.1
26	1673	0.3
26	1674	0.2
26	1675	0.0
26	1676	-0.1
26	1677	-0.1
26	1678	0.3
26	1679	0.0
26	1680	0.3
26	1681	-0.0
26	1682	0.4
