user	item	predicted_rating	rating
13	1	3.6	3
13	2	3.1	3
13	3	3.6
13	4	3.3	5
13	5	3.5	1
13	6	3.6
13	7	3.9	2
13	8	4.0	4
13	9	3.3	3
13	10	3.7
13	11	4.4	1
13	12	4.2	5
13	13	3.4	5
13	14	2.9	4
13	15	3.4
13	16	3.9
13	17	3.6	1
13	18	3.1
13	19	5.2
13	20	2.8
13	21	3.4	3
13	22	3.7	4
13	23	4.5	5
13	24	2.8	1
13	25	3.2	1
13	26	3.0
13	27	3.0	3
13	28	3.7	5
13	29	2.6	2
13	30	2.9
13	31	3.7
13	32	3.2	4
13	33	3.1	5
13	34	0.6
13	35	3.4
13	36	2.5
13	37	1.6	1
13	38	3.2	3
13	39	3.1	3
13	40	2.3	2
13	41	3.4
13	42	2.6	4
13	43	2.3
13	44	2.8
13	45	4.4	3
13	46	3.1
13	47	3.0
13	48	3.8	5
13	49	3.0	4
13	50	4.3	5
13	51	3.8	3
13	52	3.6
13	53	2.6	1
13	54	3.4
13	55	3.9
13	56	3.5	5
13	57	3.1
13	58	3.7	4
13	59	3.8	4
13	60	3.9	4
13	61	2.9	4
13	62	2.8	5
13	63	3.4
13	64	4.0	5
13	65	3.3
13	66	3.0	3
13	67	2.4	1
13	68	3.5	3
13	69	3.7	4
13	70	3.1	3
13	71	2.9	4
13	72	3.1	4
13	73	3.4	3
13	74	0.6
13	75	4.3
13	76	4.5
13	77	3.8
13	78	1.6	1
13	79	3.5	3
13	80	2.9
13	81	4.1
13	82	3.1	2
13	83	3.7	2
13	84	3.9
13	85	1.7
13	86	3.5	1
13	87	4.0	5
13	88	2.9	4
13	89	3.9	4
13	90	3.4	3
13	91	4.0	2
13	92	3.2	3
13	93	2.9
13	94	4.0	3
13	95	3.7	5
13	96	3.6	4
13	97	3.3	4
13	98	4.0	4
13	99	3.5	4
13	100	3.5	5
13	101	3.0
13	102	3.8
13	103	1.0
13	104	3.4
13	105	2.5
13	106	3.5
13	107	3.9
13	108	3.7
13	109	2.8	4
13	110	1.6	3
13	111	3.2	5
13	112	2.7
13	113	6.2
13	114	4.7
13	115	4.8
13	116	3.7	5
13	117	3.5	3
13	118	3.0	4
13	119	5.1
13	120	2.5
13	121	2.9	5
13	122	1.9
13	123	3.3
13	124	4.4	5
13	125	3.9
13	126	3.3
13	127	4.4	5
13	128	3.8	1
13	129	3.4
13	130	0.7
13	131	3.5
13	132	4.0	4
13	133	3.7
13	134	4.1
13	135	4.1	5
13	136	3.9
13	137	3.0	5
13	138	0.9	1
13	139	2.6
13	140	3.1
13	141	3.1	2
13	142	2.2
13	143	3.6	1
13	144	4.1	4
13	145	2.5	2
13	146	1.4
13	147	3.5	3
13	148	2.6
13	149	2.5
13	150	3.2	5
13	151	3.4
13	152	3.5	5
13	153	3.6	4
13	154	3.3	5
13	155	2.9	2
13	156	3.4
13	157	3.7	3
13	158	2.1	1
13	159	3.4
13	160	2.6	4
13	161	3.5	5
13	162	3.6
13	163	3.0	3
13	164	3.8	3
13	165	4.1	3
13	166	3.5	5
13	167	2.4	4
13	168	4.2	4
13	169	3.9
13	170	4.0	5
13	171	3.3
13	172	3.9	5
13	173	4.4	2
13	174	4.1	4
13	175	4.5	4
13	176	3.8	3
13	177	3.2	5
13	178	4.5	4
13	179	3.8	2
13	180	4.2	5
13	181	3.5	5
13	182	3.9	5
13	183	4.4	4
13	184	3.2	1
13	185	4.0	3
13	186	3.9	4
13	187	4.3	5
13	188	3.5	4
13	189	4.1
13	190	3.6	4
13	191	4.0	3
13	192	3.8
13	193	3.7	5
13	194	3.5	5
13	195	3.7	3
13	196	3.6	4
13	197	3.7	4
13	198	3.8	3
13	199	4.2	5
13	200	3.2	3
13	201	2.8	1
13	202	3.6	5
13	203	3.5
13	204	3.8	5
13	205	4.2	2
13	206	3.3
13	207	3.2
13	208	3.9	5
13	209	3.7	3
13	210	3.8	3
13	211	4.0	4
13	212	3.8	5
13	213	3.6
13	214	3.6
13	215	3.1	5
13	216	3.9	3
13	217	3.0	1
13	218	3.1	1
13	219	3.1	1
13	220	3.6
13	221	4.0
13	222	3.8	3
13	223	4.0	5
13	224	4.0	4
13	225	2.7	2
13	226	3.6	4
13	227	3.0	5
13	228	4.2	4
13	229	2.8	4
13	230	2.8	3
13	231	2.7	3
13	232	2.9	3
13	233	3.4	4
13	234	3.0	5
13	235	2.0	2
13	236	3.6
13	237	3.3	5
13	238	3.7	3
13	239	3.5	4
13	240	2.7
13	241	3.6	3
13	242	3.5	2
13	243	1.7	3
13	244	3.4
13	245	2.7
13	246	3.9
13	247	3.9
13	248	3.1
13	249	2.8
13	250	2.4
13	251	4.1
13	252	2.6
13	253	2.7
13	254	2.7
13	255	2.8
13	256	4.0
13	257	4.0
13	258	3.7	4
13	259	2.0
13	260	1.7	1
13	261	1.3	1
13	262	4.2	4
13	263	2.7	5
13	264	2.5	4
13	265	3.0	4
13	266	2.5
13	267	2.1
13	268	3.8	4
13	269	3.6	2
13	270	3.4	4
13	271	2.3	1
13	272	4.0	4
13	273	3.9	3
13	274	2.9	3
13	275	3.6	3
13	276	3.1	5
13	277	3.8
13	278	2.6
13	279	3.1	5
13	280	1.9	4
13	281	3.0	3
13	282	3.9
13	283	3.5
13	284	2.5
13	285	4.3	5
13	286	4.2	3
13	287	3.5	1
13	288	3.1	1
13	289	3.4	2
13	290	3.2	4
13	291	3.6
13	292	3.6	5
13	293	3.6
13	294	2.9	2
13	295	4.0
13	296	2.9
13	297	3.5
13	298	3.5
13	299	2.4	3
13	300	3.5	1
13	301	3.2	1
13	302	4.0	5
13	303	3.7	4
13	304	3.0
13	305	3.9	4
13	306	4.0	3
13	307	3.1	2
13	308	3.4	3
13	309	1.9
13	310	3.8	4
13	311	3.3	3
13	312	2.9	1
13	313	4.3	4
13	314	1.0	1
13	315	3.4	5
13	316	3.6	5
13	317	4.3	5
13	318	4.5	3
13	319	3.1	4
13	320	5.0	1
13	321	2.8	2
13	322	2.7	3
13	323	3.1	3
13	324	2.3
13	325	3.7
13	326	3.5	3
13	327	3.3	3
13	328	3.3	3
13	329	3.2	2
13	330	3.2
13	331	3.4	3
13	332	3.2	3
13	333	3.2	3
13	334	2.2	1
13	335	1.4
13	336	2.7	2
13	337	2.2
13	338	2.2	1
13	339	3.2	3
13	340	3.4	2
13	341	2.4	2
13	342	3.3	4
13	343	2.4	1
13	344	4.4	2
13	345	3.4	4
13	346	3.7	4
13	347	3.0	5
13	348	3.2	2
13	349	1.9	1
13	350	3.8	2
13	351	3.6	1
13	352	1.0
13	353	2.8	4
13	354	3.1	2
13	355	2.5	3
13	356	3.5
13	357	3.7	3
13	358	2.1	3
13	359	2.7
13	360	4.4	4
13	361	3.0
13	362	1.3	4
13	363	2.6	3
13	364	2.6
13	365	2.6
13	366	3.7
13	367	3.3	3
13	368	2.6
13	369	3.8
13	370	2.7	1
13	371	3.2	3
13	372	3.9
13	373	2.4
13	374	1.2
13	375	0.2
13	376	2.9
13	377	1.1	1
13	378	3.7
13	379	3.4	1
13	380	3.6
13	381	3.2
13	382	2.9	1
13	383	2.7
13	384	2.4	2
13	385	3.4	3
13	386	2.3
13	387	2.6	3
13	388	3.0
13	389	3.5
13	390	2.5
13	391	1.7	3
13	392	4.1
13	393	3.6	3
13	394	3.9	2
13	395	2.7
13	396	2.2	3
13	397	3.7
13	398	2.6	2
13	399	2.7
13	400	2.4	4
13	401	2.4	1
13	402	3.3	4
13	403	3.2	2
13	404	3.8	5
13	405	4.1	2
13	406	2.4	1
13	407	3.3
13	408	4.4
13	409	2.6	3
13	410	3.0	1
13	411	2.3	2
13	412	2.1
13	413	1.5	1
13	414	2.9	5
13	415	2.8
13	416	3.7	3
13	417	2.7	2
13	418	2.8	2
13	419	3.5	3
13	420	3.9	4
13	421	2.8	2
13	422	1.7
13	423	3.6	5
13	424	1.1	1
13	425	3.4
13	426	3.5
13	427	4.6	5
13	428	3.7	5
13	429	3.9	5
13	430	3.9	5
13	431	3.7	1
13	432	4.3	4
13	433	3.2	4
13	434	3.9
13	435	3.8	5
13	436	3.8	2
13	437	1.5	1
13	438	0.9	1
13	439	1.6	1
13	440	3.1	1
13	441	2.8	1
13	442	1.2	1
13	443	3.9	4
13	444	2.4	4
13	445	3.5	4
13	446	2.3	1
13	447	3.6	2
13	448	3.7	1
13	449	2.9	4
13	450	2.4	3
13	451	2.5	1
13	452	2.3	3
13	453	2.3	2
13	454	3.0
13	455	3.0	3
13	456	2.5
13	457	2.1	1
13	458	2.3
13	459	2.5
13	460	2.5
13	461	4.1
13	462	3.5	5
13	463	2.5	5
13	464	4.2
13	465	3.1
13	466	3.0
13	467	3.6	5
13	468	2.7
13	469	3.4
13	470	2.9
13	471	3.4	1
13	472	2.7	5
13	473	3.4	4
13	474	4.4	4
13	475	4.2	3
13	476	2.1	2
13	477	3.8	4
13	478	4.0	4
13	479	4.5
13	480	4.3	3
13	481	3.9	3
13	482	4.1	5
13	483	4.1	5
13	484	4.1	5
13	485	4.3	1
13	486	3.8
13	487	3.4
13	488	3.9	3
13	489	4.0
13	490	4.4
13	491	3.5	4
13	492	3.5	5
13	493	4.2	5
13	494	3.5	4
13	495	3.4
13	496	3.8
13	497	3.6	5
13	498	4.4	4
13	499	4.3
13	500	4.2
13	501	3.1	5
13	502	3.8	5
13	503	3.0
13	504	3.4	5
13	505	4.0	3
13	506	3.8	5
13	507	3.8	1
13	508	2.6	3
13	509	3.8	5
13	510	3.8	5
13	511	4.0	5
13	512	5.0
13	513	4.2
13	514	3.2	5
13	515	4.0	2
13	516	3.3	5
13	517	3.7	5
13	518	3.7	4
13	519	4.9	5
13	520	3.9	4
13	521	3.9
13	522	4.4	5
13	523	4.3	4
13	524	4.2	4
13	525	4.5	5
13	526	3.1	3
13	527	3.4	5
13	528	3.7
13	529	3.8	4
13	530	3.7	5
13	531	3.6	3
13	532	1.8
13	533	3.2
13	534	3.0
13	535	3.0
13	536	2.5
13	537	3.2
13	538	3.7	1
13	539	2.9	1
13	540	2.3	3
13	541	2.8	1
13	542	2.8
13	543	4.2
13	544	3.0
13	545	1.7
13	546	2.6	3
13	547	2.3	1
13	548	3.1	3
13	549	3.0	4
13	550	2.7	4
13	551	1.8	1
13	552	3.3
13	553	2.3	2
13	554	2.3	2
13	555	-0.1
13	556	2.6
13	557	1.3
13	558	2.9	1
13	559	2.8	1
13	560	3.0
13	561	2.1	1
13	562	3.2
13	563	2.0	1
13	564	1.0	1
13	565	2.8	1
13	566	3.8	5
13	567	2.4	1
13	568	3.5	3
13	569	2.6	2
13	570	2.1	5
13	571	3.0
13	572	4.6	2
13	573	3.0	3
13	574	0.1
13	575	2.9
13	576	3.0	3
13	577	1.6
13	578	3.4	3
13	579	3.1
13	580	3.2
13	581	2.8
13	582	3.0
13	583	2.8
13	584	3.1
13	585	2.2	4
13	586	3.2	3
13	587	2.6
13	588	3.4	4
13	589	4.3	3
13	590	2.3	2
13	591	3.4
13	592	1.4
13	593	2.6
13	594	0.8
13	595	3.4
13	596	2.6	3
13	597	2.8	3
13	598	1.7
13	599	0.5
13	600	1.4
13	601	4.6	4
13	602	3.3	4
13	603	4.7	4
13	604	3.9	5
13	605	3.9
13	606	4.0	4
13	607	3.5
13	608	4.0
13	609	2.8
13	610	2.4	2
13	611	3.8
13	612	4.2	4
13	613	4.1	4
13	614	3.7	4
13	615	3.8	4
13	616	2.6
13	617	4.1	3
13	618	3.1
13	619	3.2	3
13	620	3.1
13	621	4.2	4
13	622	2.9
13	623	3.3
13	624	2.8	5
13	625	3.3	2
13	626	2.9
13	627	3.7
13	628	3.0
13	629	3.2	1
13	630	3.7	2
13	631	3.0	3
13	632	4.4	3
13	633	3.8
13	634	4.3
13	635	2.8	1
13	636	3.3	2
13	637	3.0	2
13	638	3.3	3
13	639	4.2	3
13	640	2.6
13	641	5.6
13	642	3.2
13	643	2.7
13	644	2.6
13	645	3.0
13	646	4.2	4
13	647	4.5	5
13	648	3.4
13	649	3.3
13	650	3.0	2
13	651	4.5	5
13	652	3.3	5
13	653	4.0
13	654	4.0	5
13	655	3.8	5
13	656	3.1	5
13	657	4.0	4
13	658	3.3
13	659	4.1	3
13	660	3.6
13	661	3.8	5
13	662	2.8	5
13	663	3.7	5
13	664	3.7
13	665	2.0	2
13	666	1.7
13	667	2.7	1
13	668	0.2	1
13	669	1.0	1
13	670	3.0	3
13	671	2.9	3
13	672	2.3	1
13	673	2.7	3
13	674	3.0	3
13	675	2.4	5
13	676	3.8
13	677	2.6
13	678	2.2	3
13	679	3.2	4
13	680	2.0
13	681	1.4
13	682	2.8	1
13	683	2.4	1
13	684	3.1	5
13	685	2.9	5
13	686	3.6	5
13	687	2.4	1
13	688	1.7	1
13	689	3.4	2
13	690	3.9	3
13	691	4.2	4
13	692	3.7	4
13	693	3.2
13	694	4.6	4
13	695	4.1
13	696	3.0
13	697	3.0
13	698	2.2
13	699	3.3
13	700	2.3
13	701	4.7
13	702	2.4
13	703	4.0
13	704	3.6
13	705	3.7	5
13	706	3.9	1
13	707	3.4
13	708	3.3
13	709	3.4	4
13	710	3.4
13	711	2.6
13	712	2.8	4
13	713	3.6
13	714	2.6
13	715	2.8
13	716	3.1	4
13	717	1.9
13	718	3.7
13	719	3.3
13	720	3.1	4
13	721	3.9
13	722	3.5	3
13	723	3.6
13	724	3.0
13	725	4.1
13	726	2.7
13	727	2.1
13	728	3.5
13	729	4.9
13	730	2.9
13	731	3.6
13	732	3.0	5
13	733	1.9	5
13	734	3.4
13	735	4.1	3
13	736	3.3	4
13	737	3.8	4
13	738	2.3
13	739	2.9	4
13	740	3.8	1
13	741	3.5
13	742	3.2
13	743	2.4
13	744	3.4
13	745	4.2
13	746	3.9	3
13	747	3.4	4
13	748	3.0	4
13	749	2.2	3
13	750	4.7	5
13	751	3.8	5
13	752	3.3	1
13	753	3.3
13	754	3.6	4
13	755	2.9	3
13	756	2.2	2
13	757	4.3	3
13	758	2.8	1
13	759	0.7	2
13	760	2.9	1
13	761	3.4	4
13	762	2.5	5
13	763	3.4	1
13	764	3.0	2
13	765	2.4	2
13	766	3.9	4
13	767	2.5	1
13	768	2.9	4
13	769	1.7	3
13	770	3.8	4
13	771	2.1	3
13	772	3.0	1
13	773	2.3	1
13	774	4.2	1
13	775	2.3	4
13	776	1.6	2
13	777	1.1	1
13	778	2.8	3
13	779	1.7	3
13	780	3.2	1
13	781	2.8	3
13	782	3.5	3
13	783	3.0	3
13	784	1.0	1
13	785	1.8	3
13	786	1.3	3
13	787	2.7	3
13	788	2.8	1
13	789	3.7	5
13	790	2.7	2
13	791	1.2	5
13	792	3.2	5
13	793	3.8	5
13	794	3.2	4
13	795	1.7	2
13	796	2.9	3
13	797	3.0	5
13	798	1.1	2
13	799	2.5	4
13	800	1.8	1
13	801	2.3	3
13	802	2.7	2
13	803	1.7	3
13	804	2.9	2
13	805	3.4	4
13	806	2.6	5
13	807	2.7	1
13	808	2.0	2
13	809	3.4	4
13	810	2.9	5
13	811	3.7	5
13	812	3.2	2
13	813	3.2	1
13	814	0.7	5
13	815	3.2	4
13	816	1.4	1
13	817	4.7	1
13	818	3.2	3
13	819	2.6	1
13	820	2.6	4
13	821	2.3	3
13	822	3.1	3
13	823	2.9	5
13	824	2.3	3
13	825	3.3	1
13	826	1.3	5
13	827	2.6	3
13	828	2.7	1
13	829	2.2	3
13	830	1.1	1
13	831	2.8	3
13	832	2.1	4
13	833	3.8	2
13	834	2.1	1
13	835	3.7	3
13	836	3.6	2
13	837	3.9	4
13	838	4.7	1
13	839	-0.3	1
13	840	1.6	3
13	841	2.1	1
13	842	2.8	2
13	843	2.8	5
13	844	3.6	1
13	845	3.5	3
13	846	2.3	2
13	847	3.7	4
13	848	4.0	5
13	849	3.3	1
13	850	2.3	4
13	851	2.9	5
13	852	1.3	1
13	853	3.3	1
13	854	3.6	1
13	855	3.8	4
13	856	4.5	5
13	857	3.2	3
13	858	0.9	1
13	859	3.2	1
13	860	3.0	1
13	861	3.2	3
13	862	2.3	3
13	863	4.8	4
13	864	2.6	4
13	865	2.7	5
13	866	2.2	3
13	867	4.1	5
13	868	3.7	5
13	869	2.8	3
13	870	2.9	3
13	871	2.3	2
13	872	2.9	3
13	873	2.8	1
13	874	3.4	5
13	875	1.2	1
13	876	2.3	2
13	877	3.2	2
13	878	2.2	1
13	879	3.1	2
13	880	2.7	3
13	881	2.4	2
13	882	4.1	3
13	883	2.6	3
13	884	4.4	2
13	885	2.2	1
13	886	2.9	5
13	887	3.1	5
13	888	3.6	2
13	889	4.4	3
13	890	1.9	1
13	891	3.6	1
13	892	3.0	3
13	893	0.1	3
13	894	1.9	1
13	895	2.3	1
13	896	3.7	5
13	897	1.5	1
13	898	3.4	1
13	899	2.2	1
13	900	3.5	5
13	901	1.7	1
13	902	4.2	3
13	903	2.7	3
13	904	3.5	1
13	905	2.8	2
13	906	3.5	3
13	907	2.6	1
13	908	2.0	1
13	909	4.4	5
13	910	3.9	2
13	911	3.1	2
13	912	3.3	2
13	913	5.8	1
13	914	3.8	2
13	915	3.7	5
13	916	4.0	4
13	917	3.6	4
13	918	3.1	3
13	919	2.8
13	920	2.4
13	921	3.9
13	922	3.4
13	923	4.1
13	924	2.5
13	925	2.7
13	926	3.2
13	927	3.3
13	928	3.7
13	929	2.5
13	930	3.2
13	931	2.3
13	932	3.0
13	933	2.7
13	934	2.6
13	935	4.7
13	936	3.4
13	937	2.1
13	938	2.5
13	939	4.1
13	940	2.2
13	941	2.9
13	942	2.8
13	943	3.6
13	944	3.6
13	945	3.8
13	946	3.8
13	947	2.2
13	948	2.7
13	949	3.2
13	950	2.2
13	951	2.1
13	952	2.7
13	953	4.3
13	954	4.5
13	955	2.4
13	956	2.9
13	957	2.0
13	958	3.4
13	959	3.3
13	960	3.4
13	961	4.7
13	962	2.4
13	963	3.6
13	964	3.9
13	965	3.9
13	966	4.7
13	967	2.3
13	968	3.4
13	969	3.6
13	970	3.5
13	971	3.6
13	972	2.5
13	973	3.5
13	974	1.7
13	975	2.5
13	976	3.0
13	977	3.8
13	978	2.1
13	979	4.0
13	980	2.3
13	981	1.6
13	982	2.8
13	983	2.0
13	984	3.9
13	985	2.9
13	986	3.0
13	987	-1.2
13	988	2.5
13	989	1.7
13	990	1.8
13	991	1.4
13	992	4.7
13	993	4.0
13	994	2.0
13	995	3.3
13	996	2.8
13	997	1.4
13	998	2.0
13	999	2.1
13	1000	3.8
13	1001	1.7
13	1002	1.9
13	1003	2.2
13	1004	3.3
13	1005	2.5
13	1006	3.0
13	1007	3.9
13	1008	3.2
13	1009	2.6
13	1010	2.4
13	1011	3.0
13	1012	3.8
13	1013	2.2
13	1014	3.3
13	1015	2.4
13	1016	3.3
13	1017	3.3
13	1018	3.5
13	1019	4.1
13	1020	2.9
13	1021	2.5
13	1022	3.3
13	1023	2.2
13	1024	2.8
13	1025	2.9
13	1026	1.9
13	1027	3.2
13	1028	3.3
13	1029	1.6
13	1030	3.7
13	1031	4.2
13	1032	3.5
13	1033	2.7
13	1034	2.7
13	1035	3.1
13	1036	3.9
13	1037	1.6
13	1038	1.2
13	1039	3.6
13	1040	2.8
13	1041	3.2
13	1042	3.2
13	1043	2.3
13	1044	2.9
13	1045	4.3
13	1046	3.5
13	1047	3.0
13	1048	2.4
13	1049	3.3
13	1050	3.5
13	1051	2.6
13	1052	1.9
13	1053	3.3
13	1054	2.0
13	1055	2.6
13	1056	2.5
13	1057	3.0
13	1058	1.5
13	1059	4.3
13	1060	3.1
13	1061	1.6
13	1062	4.2
13	1063	3.5
13	1064	3.6
13	1065	2.9
13	1066	3.7
13	1067	3.8
13	1068	3.2
13	1069	4.7
13	1070	3.2
13	1071	3.2
13	1072	4.2
13	1073	4.1
13	1074	3.2
13	1075	3.2
13	1076	1.4
13	1077	2.8
13	1078	4.2
13	1079	2.1
13	1080	3.3
13	1081	2.6
13	1082	2.3
13	1083	2.8
13	1084	4.2
13	1085	-0.4
13	1086	2.8
13	1087	1.6
13	1088	2.5
13	1089	2.4
13	1090	3.0
13	1091	3.2
13	1092	2.8
13	1093	3.3
13	1094	-0.8
13	1095	2.6
13	1096	1.9
13	1097	3.7
13	1098	3.7
13	1099	2.5
13	1100	3.3
13	1101	3.7
13	1102	1.8
13	1103	3.2
13	1104	5.1
13	1105	1.1
13	1106	1.6
13	1107	1.6
13	1108	1.8
13	1109	3.7
13	1110	3.5
13	1111	3.4
13	1112	1.4
13	1113	3.5
13	1114	2.4
13	1115	3.5
13	1116	3.5
13	1117	2.5
13	1118	3.1
13	1119	3.8
13	1120	2.7
13	1121	3.5
13	1122	5.0
13	1123	4.1
13	1124	4.2
13	1125	3.9
13	1126	3.9
13	1127	3.4
13	1128	1.6
13	1129	4.8
13	1130	2.8
13	1131	3.3
13	1132	2.8
13	1133	2.8
13	1134	5.3
13	1135	2.9
13	1136	4.2
13	1137	4.0
13	1138	3.9
13	1139	3.3
13	1140	1.0
13	1141	3.8
13	1142	3.7
13	1143	3.7
13	1144	5.2
13	1145	3.8
13	1146	-0.5
13	1147	2.8
13	1148	2.5
13	1149	4.7
13	1150	3.3
13	1151	3.5
13	1152	3.4
13	1153	3.7
13	1154	5.5
13	1155	0.7
13	1156	2.5
13	1157	2.1
13	1158	2.8
13	1159	2.8
13	1160	3.8
13	1161	3.7
13	1162	2.4
13	1163	3.2
13	1164	-0.1
13	1165	1.5
13	1166	2.7
13	1167	1.9
13	1168	2.8
13	1169	3.9
13	1170	1.9
13	1171	4.2
13	1172	2.7
13	1173	4.4
13	1174	0.6
13	1175	1.3
13	1176	2.7
13	1177	2.5
13	1178	3.0
13	1179	1.6
13	1180	1.7
13	1181	4.1
13	1182	2.8
13	1183	3.8
13	1184	4.2
13	1185	1.9
13	1186	2.7
13	1187	2.5
13	1188	3.4
13	1189	5.0
13	1190	3.2
13	1191	2.8
13	1192	1.4
13	1193	3.5
13	1194	4.0
13	1195	2.1
13	1196	2.2
13	1197	3.4
13	1198	3.5
13	1199	3.4
13	1200	2.6
13	1201	3.6
13	1202	3.9
13	1203	5.5
13	1204	5.3
13	1205	3.4
13	1206	4.0
13	1207	2.4
13	1208	2.0
13	1209	2.9
13	1210	2.7
13	1211	2.9
13	1212	1.2
13	1213	3.5
13	1214	3.9
13	1215	1.3
13	1216	2.1
13	1217	2.7
13	1218	3.5
13	1219	2.7
13	1220	4.8
13	1221	3.6
13	1222	2.7
13	1223	3.6
13	1224	3.2
13	1225	2.0
13	1226	3.4
13	1227	5.0
13	1228	3.6
13	1229	1.5
13	1230	2.4
13	1231	2.7
13	1232	0.8
13	1233	3.4
13	1234	4.6
13	1235	4.7
13	1236	2.8
13	1237	3.0
13	1238	1.4
13	1239	1.9
13	1240	2.5
13	1241	4.3
13	1242	1.8
13	1243	3.0
13	1244	3.7
13	1245	3.3
13	1246	1.4
13	1247	1.8
13	1248	2.7
13	1249	2.3
13	1250	2.5
13	1251	5.1
13	1252	3.3
13	1253	3.9
13	1254	0.8
13	1255	1.3
13	1256	0.2
13	1257	1.2
13	1258	2.7
13	1259	3.2
13	1260	4.8
13	1261	2.9
13	1262	1.6
13	1263	1.7
13	1264	3.9
13	1265	1.5
13	1266	2.2
13	1267	3.2
13	1268	0.7
13	1269	3.2
13	1270	2.3
13	1271	2.8
13	1272	4.0
13	1273	3.2
13	1274	3.2
13	1275	1.6
13	1276	2.1
13	1277	2.9
13	1278	3.1
13	1279	1.0
13	1280	1.2
13	1281	2.5
13	1282	1.7
13	1283	1.7
13	1284	4.1
13	1285	3.2
13	1286	4.0
13	1287	1.7
13	1288	2.4
13	1289	0.9
13	1290	1.4
13	1291	2.3
13	1292	1.6
13	1293	3.7
13	1294	2.7
13	1295	1.0
13	1296	2.1
13	1297	2.6
13	1298	4.6
13	1299	3.4
13	1300	0.9
13	1301	2.3
13	1302	4.7
13	1303	1.3
13	1304	1.2
13	1305	1.9
13	1306	2.1
13	1307	1.1
13	1308	2.1
13	1309	0.8
13	1310	1.2
13	1311	2.3
13	1312	3.0
13	1313	0.8
13	1314	0.5
13	1315	2.1
13	1316	1.9
13	1317	1.8
13	1318	2.1
13	1319	0.6
13	1320	1.9
13	1321	2.9
13	1322	1.7
13	1323	3.2
13	1324	1.4
13	1325	1.9
13	1326	3.5
13	1327	1.1
13	1328	3.1
13	1329	2.0
13	1330	2.7
13	1331	2.4
13	1332	3.1
13	1333	2.7
13	1334	1.9
13	1335	2.0
13	1336	1.0
13	1337	3.1
13	1338	1.0
13	1339	1.9
13	1340	2.0
13	1341	3.4
13	1342	2.8
13	1343	3.4
13	1344	3.4
13	1345	1.8
13	1346	2.8
13	1347	5.7
13	1348	3.3
13	1349	1.1
13	1350	2.3
13	1351	1.5
13	1352	0.4
13	1353	2.3
13	1354	0.8
13	1355	4.2
13	1356	3.4
13	1357	0.4
13	1358	4.1
13	1359	1.1
13	1360	1.5
13	1361	3.1
13	1362	1.9
13	1363	1.9
13	1364	1.9
13	1365	3.3
13	1366	1.9
13	1367	4.4
13	1368	5.0
13	1369	3.7
13	1370	4.3
13	1371	1.2
13	1372	3.9
13	1373	2.7
13	1374	1.8
13	1375	3.7
13	1376	2.7
13	1377	4.1
13	1378	2.1
13	1379	1.7
13	1380	2.1
13	1381	4.1
13	1382	2.7
13	1383	2.3
13	1384	2.6
13	1385	2.7
13	1386	1.2
13	1387	2.6
13	1388	4.3
13	1389	3.1
13	1390	1.0
13	1391	3.6
13	1392	-0.1
13	1393	0.8
13	1394	1.5
13	1395	4.5
13	1396	2.9
13	1397	3.8
13	1398	4.9
13	1399	3.3
13	1400	4.0
13	1401	3.3
13	1402	1.9
13	1403	1.2
13	1404	1.0
13	1405	0.8
13	1406	2.7
13	1407	2.3
13	1408	1.5
13	1409	2.3
13	1410	4.1
13	1411	3.5
13	1412	0.3
13	1413	4.4
13	1414	1.9
13	1415	2.8
13	1416	1.7
13	1417	4.4
13	1418	5.1
13	1419	3.3
13	1420	-0.4
13	1421	2.6
13	1422	2.9
13	1423	2.0
13	1424	1.1
13	1425	0.5
13	1426	4.5
13	1427	2.4
13	1428	2.7
13	1429	2.3
13	1430	1.7
13	1431	3.7
13	1432	1.7
13	1433	2.2
13	1434	2.4
13	1435	2.5
13	1436	3.2
13	1437	2.1
13	1438	5.7
13	1439	3.6
13	1440	1.8
13	1441	1.5
13	1442	1.9
13	1443	5.7
13	1444	3.0
13	1445	4.5
13	1446	2.1
13	1447	2.6
13	1448	4.0
13	1449	4.4
13	1450	1.3
13	1451	3.4
13	1452	4.1
13	1453	3.0
13	1454	4.4
13	1455	2.2
13	1456	3.2
13	1457	3.7
13	1458	4.2
13	1459	3.1
13	1460	3.4
13	1461	2.3
13	1462	3.5
13	1463	0.9
13	1464	2.5
13	1465	2.9
13	1466	4.1
13	1467	4.5
13	1468	2.1
13	1469	3.3
13	1470	5.3
13	1471	3.0
13	1472	6.3
13	1473	3.0
13	1474	3.0
13	1475	1.4
13	1476	2.6
13	1477	1.1
13	1478	1.7
13	1479	1.7
13	1480	2.2
13	1481	3.0
13	1482	2.9
13	1483	3.6
13	1484	3.8
13	1485	4.1
13	1486	0.8
13	1487	1.9
13	1488	2.6
13	1489	2.2
13	1490	4.0
13	1491	4.1
13	1492	4.2
13	1493	1.0
13	1494	1.4
13	1495	3.0
13	1496	3.6
13	1497	2.6
13	1498	4.0
13	1499	2.6
13	1500	3.8
13	1501	1.3
13	1502	-0.6
13	1503	3.4
13	1504	2.1
13	1505	3.3
13	1506	4.0
13	1507	2.5
13	1508	3.8
13	1509	0.5
13	1510	3.2
13	1511	3.7
13	1512	4.2
13	1513	1.7
13	1514	4.3
13	1515	3.1
13	1516	3.8
13	1517	2.4
13	1518	3.0
13	1519	3.3
13	1520	2.2
13	1521	2.1
13	1522	2.8
13	1523	2.4
13	1524	4.2
13	1525	2.2
13	1526	4.1
13	1527	3.4
13	1528	3.0
13	1529	3.3
13	1530	1.5
13	1531	1.9
13	1532	2.0
13	1533	3.4
13	1534	4.3
13	1535	1.4
13	1536	3.0
13	1537	4.1
13	1538	3.9
13	1539	1.7
13	1540	1.7
13	1541	3.5
13	1542	3.2
13	1543	3.7
13	1544	2.8
13	1545	3.9
13	1546	2.3
13	1547	4.2
13	1548	1.5
13	1549	2.1
13	1550	2.8
13	1551	3.1
13	1552	0.9
13	1553	3.3
13	1554	3.5
13	1555	1.6
13	1556	2.2
13	1557	1.5
13	1558	5.5
13	1559	1.4
13	1560	3.1
13	1561	1.1
13	1562	0.7
13	1563	1.7
13	1564	1.7
13	1565	0.6
13	1566	1.7
13	1567	2.0
13	1568	1.7
13	1569	1.4
13	1570	1.1
13	1571	1.9
13	1572	1.8
13	1573	3.3
13	1574	1.5
13	1575	2.3
13	1576	0.3
13	1577	3.2
13	1578	3.1
13	1579	0.7
13	1580	0.8
13	1581	1.7
13	1582	1.1
13	1583	3.2
13	1584	3.1
13	1585	3.8
13	1586	1.8
13	1587	1.5
13	1588	3.1
13	1589	3.4
13	1590	2.6
13	1591	1.0
13	1592	3.2
13	1593	3.3
13	1594	2.5
13	1595	3.2
13	1596	2.7
13	1597	5.0
13	1598	4.3
13	1599	5.1
13	1600	5.4
13	1601	2.3
13	1602	4.5
13	1603	2.8
13	1604	4.4
13	1605	3.5
13	1606	3.3
13	1607	2.2
13	1608	1.0
13	1609	0.6
13	1610	2.5
13	1611	2.7
13	1612	4.5
13	1613	3.5
13	1614	3.1
13	1615	5.0
13	1616	5.4
13	1617	3.2
13	1618	0.1
13	1619	2.2
13	1620	1.5
13	1621	2.2
13	1622	1.0
13	1623	2.8
13	1624	2.7
13	1625	3.8
13	1626	0.1
13	1627	3.4
13	1628	4.1
13	1629	6.7
13	1630	3.7
13	1631	0.8
13	1632	3.3
13	1633	2.6
13	1634	1.0
13	1635	4.5
13	1636	4.6
13	1637	2.9
13	1638	2.4
13	1639	5.7
13	1640	3.7
13	1641	1.8
13	1642	4.8
13	1643	5.0
13	1644	0.5
13	1645	5.0
13	1646	5.1
13	1647	1.9
13	1648	3.4
13	1649	2.6
13	1650	3.2
13	1651	3.2
13	1652	1.1
13	1653	3.3
13	1654	2.5
13	1655	1.6
13	1656	2.2
13	1657	3.1
13	1658	2.6
13	1659	0.7
13	1660	2.1
13	1661	2.6
13	1662	0.7
13	1663	2.8
13	1664	5.1
13	1665	1.1
13	1666	1.5
13	1667	3.9
13	1668	1.9
13	1669	2.5
13	1670	3.5
13	1671	1.6
13	1672	2.5
13	1673	1.8
13	1674	3.3
13	1675	3.2
13	1676	1.2
13	1677	3.6
13	1678	1.3
13	1679	2.7
13	1680	1.4
13	1681	3.3
13	1682	3.7
